{"/Users/sergeyk/git/wdf/DataFrame.js":{"path":"/Users/sergeyk/git/wdf/DataFrame.js","s":{"1":1,"2":1,"3":1,"4":1,"5":128,"6":128,"7":128,"8":110,"9":128,"10":1,"11":0,"12":0,"13":1,"14":6,"15":6,"16":6,"17":6,"18":6,"19":6,"20":1,"21":135,"22":135,"23":135,"24":305,"25":135,"26":135,"27":135,"28":116,"29":135,"30":75,"31":126,"32":75,"33":476,"34":75,"35":0,"36":60,"37":60,"38":161,"39":1,"40":35,"41":35,"42":1,"43":328,"44":1,"45":143,"46":143,"47":125,"48":125,"49":125,"50":125,"51":143,"52":1,"53":600,"54":600,"55":3,"56":3,"57":3,"58":3,"59":3,"60":600,"61":1,"62":35,"63":110,"64":110,"65":74,"66":74,"67":110,"68":35,"69":1,"70":7,"71":7,"72":7,"73":4,"74":1,"75":7,"76":3,"77":1,"78":7,"79":2,"80":14,"81":7,"82":7,"83":7,"84":49,"85":49,"86":49,"87":49,"88":7,"89":1,"90":1,"91":30,"92":10,"93":1,"94":5,"95":5,"96":0,"97":5,"98":15,"99":1,"100":36,"101":36,"102":1,"103":35,"104":35,"105":35,"106":35,"107":35,"108":130,"109":130,"110":12,"111":12,"112":27,"113":118,"114":117,"115":600,"116":1,"117":34,"118":1,"119":12,"120":12,"121":1,"122":10,"123":10,"124":10,"125":10,"126":598,"127":598,"128":598,"129":598,"130":2,"131":2,"132":2,"133":596,"134":8,"135":8,"136":588,"137":63,"138":63,"139":525,"140":31,"141":31,"142":31,"143":494,"144":10,"145":1,"146":6,"147":6,"148":16,"149":10,"150":16,"151":6,"152":6,"153":16,"154":60,"155":44,"156":60,"157":60,"158":4,"159":4,"160":24,"161":24,"162":2,"163":24,"164":4,"165":56,"166":16,"167":6,"168":1,"169":10,"170":1,"171":0,"172":1,"173":0,"174":0,"175":0,"176":0,"177":0,"178":0,"179":0,"180":0,"181":0,"182":1,"183":11,"184":1,"185":99,"186":88,"187":11,"188":7942,"189":7942,"190":88,"191":88,"192":7854,"193":11,"194":11,"195":1,"196":11,"197":11,"198":11,"199":1,"200":23,"201":23,"202":20,"203":3,"204":2,"205":1,"206":1,"207":3,"208":3,"209":3,"210":3,"211":21,"212":21,"213":3,"214":1,"215":1,"216":2,"217":1,"218":2,"219":12,"220":36,"221":1,"222":1,"223":1,"224":6,"225":6,"226":1,"227":2,"228":1,"229":5,"230":1,"231":0,"232":1,"233":11,"234":11,"235":11,"236":32,"237":11,"238":1,"239":28,"240":28,"241":28,"242":28,"243":28,"244":142,"245":28,"246":1,"247":23,"248":1,"249":271,"250":271,"251":271,"252":271,"253":1,"254":10,"255":10,"256":10,"257":1,"258":59,"259":1,"260":5,"261":5,"262":5,"263":5,"264":5,"265":1,"266":0,"267":0,"268":0,"269":0,"270":0,"271":0,"272":0,"273":0,"274":0,"275":1,"276":0,"277":1,"278":4,"279":1,"280":11,"281":11,"282":10,"283":34,"284":1,"285":1,"286":28,"287":1,"288":3,"289":1,"290":4,"291":23,"292":1,"293":6,"294":6,"295":17,"296":17,"297":16,"298":6,"299":1,"300":6,"301":6,"302":25,"303":25,"304":25,"305":18,"306":25,"307":6,"308":1,"309":2,"310":2,"311":2,"312":1,"313":1,"314":1,"315":3,"316":3,"317":5,"318":5,"319":5,"320":1,"321":1,"322":4,"323":4,"324":5,"325":0,"326":1,"327":3,"328":1,"329":1,"330":70,"331":2,"332":0,"333":2,"334":68,"335":4,"336":35,"337":35,"338":35,"339":35,"340":0,"341":3,"342":4,"343":4,"344":4,"345":1,"346":4,"347":3,"348":1,"349":2,"350":1,"351":1,"352":1,"353":2,"354":1,"355":41,"356":0,"357":1,"358":1,"359":0,"360":1,"361":0,"362":0,"363":0,"364":0,"365":0,"366":0,"367":0,"368":0,"369":0,"370":0,"371":0,"372":1,"373":0,"374":1,"375":0,"376":0,"377":0,"378":0,"379":0,"380":0,"381":0,"382":1,"383":0,"384":0,"385":1,"386":0,"387":0,"388":0,"389":0,"390":0,"391":0,"392":0,"393":0,"394":0,"395":1,"396":0,"397":0,"398":0,"399":0,"400":0,"401":0,"402":0,"403":0,"404":0,"405":0,"406":0,"407":0,"408":0,"409":0,"410":0,"411":0,"412":0,"413":0,"414":0,"415":0,"416":0,"417":0,"418":0,"419":0,"420":0,"421":0,"422":0,"423":1},"b":{"1":[110,18],"2":[6,0],"3":[6,0],"4":[6,0],"5":[75,60],"6":[0,75],"7":[75,0],"8":[228,100],"9":[125,18],"10":[3,597],"11":[74,36],"12":[7,1],"13":[7,0],"14":[4,3],"15":[7,4],"16":[1,3],"17":[1,2],"18":[14,11],"19":[7,7],"20":[49,49],"21":[49,7,48],"22":[49,42,41],"23":[0,30],"24":[0,5],"25":[1,35],"26":[36,35],"27":[35,7],"28":[35,2],"29":[35,7],"30":[12,118],"31":[117,1],"32":[12,9],"33":[598,31],"34":[598,98],"35":[2,596],"36":[598,10,6],"37":[8,588],"38":[63,525],"39":[588,67],"40":[31,494],"41":[525,36],"42":[10,6],"43":[44,16],"44":[4,56],"45":[60,59,56],"46":[2,22],"47":[0,0],"48":[88,11],"49":[88,7854],"50":[20,3],"51":[23,3],"52":[2,1],"53":[1,1],"54":[28,5],"55":[271,155],"56":[5,5],"57":[0,0],"58":[0,0],"59":[10,1],"60":[16,1],"61":[18,7],"62":[1,4],"63":[0,0],"64":[2,68],"65":[0,2],"66":[4,0],"67":[1,3],"68":[41,0,41],"69":[0,0],"70":[0,0],"71":[0,0,0,0],"72":[0,0],"73":[0,0,0,0],"74":[0,0],"75":[0,0],"76":[0,0],"77":[0,0],"78":[0,0],"79":[0,0],"80":[0,0],"81":[0,0],"82":[0,0],"83":[0,0],"84":[0,0],"85":[0,0,0],"86":[0,0],"87":[0,0],"88":[0,0],"89":[0,0],"90":[0,0]},"f":{"1":1,"2":128,"3":0,"4":6,"5":135,"6":305,"7":116,"8":126,"9":476,"10":161,"11":35,"12":328,"13":143,"14":600,"15":35,"16":7,"17":7,"18":7,"19":14,"20":10,"21":30,"22":5,"23":15,"24":36,"25":12,"26":10,"27":6,"28":10,"29":0,"30":0,"31":11,"32":99,"33":11,"34":23,"35":3,"36":21,"37":1,"38":2,"39":2,"40":12,"41":36,"42":1,"43":2,"44":5,"45":0,"46":11,"47":32,"48":28,"49":142,"50":23,"51":271,"52":10,"53":59,"54":5,"55":0,"56":0,"57":4,"58":11,"59":34,"60":28,"61":3,"62":4,"63":6,"64":6,"65":2,"66":1,"67":3,"68":0,"69":3,"70":4,"71":70,"72":35,"73":2,"74":1,"75":2,"76":41,"77":0,"78":0,"79":0,"80":0,"81":0,"82":0,"83":0,"84":0,"85":0,"86":0,"87":0,"88":0},"fnMap":{"1":{"name":"(anonymous_1)","line":4,"loc":{"start":{"line":4,"column":1},"end":{"line":4,"column":12}}},"2":{"name":"(anonymous_2)","line":14,"loc":{"start":{"line":14,"column":15},"end":{"line":14,"column":42}}},"3":{"name":"(anonymous_3)","line":23,"loc":{"start":{"line":23,"column":32},"end":{"line":23,"column":51}}},"4":{"name":"(anonymous_4)","line":29,"loc":{"start":{"line":29,"column":32},"end":{"line":29,"column":42}}},"5":{"name":"(anonymous_5)","line":40,"loc":{"start":{"line":40,"column":29},"end":{"line":40,"column":53}}},"6":{"name":"(anonymous_6)","line":43,"loc":{"start":{"line":43,"column":15},"end":{"line":43,"column":30}}},"7":{"name":"(anonymous_7)","line":48,"loc":{"start":{"line":48,"column":21},"end":{"line":48,"column":35}}},"8":{"name":"(anonymous_8)","line":52,"loc":{"start":{"line":52,"column":21},"end":{"line":52,"column":34}}},"9":{"name":"(anonymous_9)","line":55,"loc":{"start":{"line":55,"column":17},"end":{"line":55,"column":32}}},"10":{"name":"(anonymous_10)","line":63,"loc":{"start":{"line":63,"column":17},"end":{"line":63,"column":32}}},"11":{"name":"(anonymous_11)","line":70,"loc":{"start":{"line":70,"column":18},"end":{"line":70,"column":30}}},"12":{"name":"(anonymous_12)","line":76,"loc":{"start":{"line":76,"column":34},"end":{"line":76,"column":57}}},"13":{"name":"(anonymous_13)","line":81,"loc":{"start":{"line":81,"column":38},"end":{"line":81,"column":68}}},"14":{"name":"(anonymous_14)","line":93,"loc":{"start":{"line":93,"column":40},"end":{"line":93,"column":73}}},"15":{"name":"(anonymous_15)","line":106,"loc":{"start":{"line":106,"column":35},"end":{"line":106,"column":59}}},"16":{"name":"(anonymous_16)","line":118,"loc":{"start":{"line":118,"column":33},"end":{"line":118,"column":49}}},"17":{"name":"(anonymous_17)","line":123,"loc":{"start":{"line":123,"column":29},"end":{"line":123,"column":51}}},"18":{"name":"(anonymous_18)","line":125,"loc":{"start":{"line":125,"column":29},"end":{"line":125,"column":50}}},"19":{"name":"(anonymous_19)","line":127,"loc":{"start":{"line":127,"column":29},"end":{"line":127,"column":58}}},"20":{"name":"(anonymous_20)","line":148,"loc":{"start":{"line":148,"column":37},"end":{"line":148,"column":47}}},"21":{"name":"max_data_length","line":149,"loc":{"start":{"line":149,"column":4},"end":{"line":149,"column":40}}},"22":{"name":"(anonymous_22)","line":155,"loc":{"start":{"line":155,"column":37},"end":{"line":155,"column":51}}},"23":{"name":"(anonymous_23)","line":161,"loc":{"start":{"line":161,"column":32},"end":{"line":161,"column":45}}},"24":{"name":"(anonymous_24)","line":172,"loc":{"start":{"line":172,"column":18},"end":{"line":172,"column":42}}},"25":{"name":"make_df_from_","line":199,"loc":{"start":{"line":199,"column":2},"end":{"line":199,"column":48}}},"26":{"name":"parse_csv_to_array_of_rows","line":204,"loc":{"start":{"line":204,"column":2},"end":{"line":204,"column":50}}},"27":{"name":"(anonymous_27)","line":236,"loc":{"start":{"line":236,"column":31},"end":{"line":236,"column":42}}},"28":{"name":"(anonymous_28)","line":278,"loc":{"start":{"line":278,"column":24},"end":{"line":278,"column":47}}},"29":{"name":"parse_lf_separated","line":282,"loc":{"start":{"line":282,"column":2},"end":{"line":282,"column":41}}},"30":{"name":"append_row","line":284,"loc":{"start":{"line":284,"column":4},"end":{"line":284,"column":25}}},"31":{"name":"parse_lf_separated_json","line":300,"loc":{"start":{"line":300,"column":2},"end":{"line":300,"column":46}}},"32":{"name":"append_row","line":302,"loc":{"start":{"line":302,"column":4},"end":{"line":302,"column":25}}},"33":{"name":"(anonymous_33)","line":319,"loc":{"start":{"line":319,"column":22},"end":{"line":319,"column":36}}},"34":{"name":"(anonymous_34)","line":325,"loc":{"start":{"line":325,"column":23},"end":{"line":325,"column":38}}},"35":{"name":"(anonymous_35)","line":339,"loc":{"start":{"line":339,"column":29},"end":{"line":339,"column":39}}},"36":{"name":"(anonymous_36)","line":343,"loc":{"start":{"line":343,"column":15},"end":{"line":343,"column":28}}},"37":{"name":"(anonymous_37)","line":349,"loc":{"start":{"line":349,"column":32},"end":{"line":349,"column":44}}},"38":{"name":"(anonymous_38)","line":353,"loc":{"start":{"line":353,"column":21},"end":{"line":353,"column":34}}},"39":{"name":"parse_dom_table_to_array_of_rows","line":359,"loc":{"start":{"line":359,"column":2},"end":{"line":359,"column":55}}},"40":{"name":"(anonymous_40)","line":360,"loc":{"start":{"line":360,"column":39},"end":{"line":360,"column":58}}},"41":{"name":"(anonymous_41)","line":361,"loc":{"start":{"line":361,"column":40},"end":{"line":361,"column":53}}},"42":{"name":"(anonymous_42)","line":367,"loc":{"start":{"line":367,"column":40},"end":{"line":367,"column":65}}},"43":{"name":"(anonymous_43)","line":381,"loc":{"start":{"line":381,"column":30},"end":{"line":381,"column":59}}},"44":{"name":"(anonymous_44)","line":385,"loc":{"start":{"line":385,"column":37},"end":{"line":385,"column":47}}},"45":{"name":"(anonymous_45)","line":389,"loc":{"start":{"line":389,"column":37},"end":{"line":389,"column":47}}},"46":{"name":"(anonymous_46)","line":399,"loc":{"start":{"line":399,"column":37},"end":{"line":399,"column":56}}},"47":{"name":"(anonymous_47)","line":402,"loc":{"start":{"line":402,"column":35},"end":{"line":402,"column":48}}},"48":{"name":"(anonymous_48)","line":412,"loc":{"start":{"line":412,"column":36},"end":{"line":412,"column":58}}},"49":{"name":"(anonymous_49)","line":417,"loc":{"start":{"line":417,"column":36},"end":{"line":417,"column":58}}},"50":{"name":"(anonymous_50)","line":428,"loc":{"start":{"line":428,"column":35},"end":{"line":428,"column":54}}},"51":{"name":"(anonymous_51)","line":438,"loc":{"start":{"line":438,"column":28},"end":{"line":438,"column":55}}},"52":{"name":"(anonymous_52)","line":450,"loc":{"start":{"line":450,"column":28},"end":{"line":450,"column":55}}},"53":{"name":"(anonymous_53)","line":459,"loc":{"start":{"line":459,"column":36},"end":{"line":459,"column":48}}},"54":{"name":"(anonymous_54)","line":463,"loc":{"start":{"line":463,"column":31},"end":{"line":463,"column":50}}},"55":{"name":"(anonymous_55)","line":477,"loc":{"start":{"line":477,"column":31},"end":{"line":477,"column":59}}},"56":{"name":"(anonymous_56)","line":499,"loc":{"start":{"line":499,"column":31},"end":{"line":499,"column":59}}},"57":{"name":"(anonymous_57)","line":512,"loc":{"start":{"line":512,"column":34},"end":{"line":512,"column":53}}},"58":{"name":"(anonymous_58)","line":519,"loc":{"start":{"line":519,"column":34},"end":{"line":519,"column":49}}},"59":{"name":"(anonymous_59)","line":522,"loc":{"start":{"line":522,"column":28},"end":{"line":522,"column":43}}},"60":{"name":"(anonymous_60)","line":529,"loc":{"start":{"line":529,"column":39},"end":{"line":529,"column":62}}},"61":{"name":"(anonymous_61)","line":532,"loc":{"start":{"line":532,"column":38},"end":{"line":532,"column":61}}},"62":{"name":"(anonymous_62)","line":541,"loc":{"start":{"line":541,"column":30},"end":{"line":541,"column":47}}},"63":{"name":"(anonymous_63)","line":553,"loc":{"start":{"line":553,"column":28},"end":{"line":553,"column":45}}},"64":{"name":"(anonymous_64)","line":574,"loc":{"start":{"line":574,"column":32},"end":{"line":574,"column":44}}},"65":{"name":"(anonymous_65)","line":587,"loc":{"start":{"line":587,"column":32},"end":{"line":587,"column":44}}},"66":{"name":"(anonymous_66)","line":593,"loc":{"start":{"line":593,"column":38},"end":{"line":593,"column":62}}},"67":{"name":"(anonymous_67)","line":597,"loc":{"start":{"line":597,"column":27},"end":{"line":597,"column":45}}},"68":{"name":"(anonymous_68)","line":609,"loc":{"start":{"line":609,"column":28},"end":{"line":609,"column":50}}},"69":{"name":"(anonymous_69)","line":615,"loc":{"start":{"line":615,"column":53},"end":{"line":615,"column":74}}},"70":{"name":"create_ph_order","line":617,"loc":{"start":{"line":617,"column":4},"end":{"line":617,"column":42}}},"71":{"name":"_get_data","line":618,"loc":{"start":{"line":618,"column":6},"end":{"line":618,"column":31}}},"72":{"name":"(anonymous_72)","line":629,"loc":{"start":{"line":629,"column":13},"end":{"line":629,"column":30}}},"73":{"name":"(anonymous_73)","line":653,"loc":{"start":{"line":653,"column":27},"end":{"line":653,"column":45}}},"74":{"name":"(anonymous_74)","line":657,"loc":{"start":{"line":657,"column":27},"end":{"line":657,"column":54}}},"75":{"name":"(anonymous_75)","line":678,"loc":{"start":{"line":678,"column":35},"end":{"line":678,"column":47}}},"76":{"name":"(anonymous_76)","line":684,"loc":{"start":{"line":684,"column":10},"end":{"line":684,"column":21}}},"77":{"name":"(anonymous_77)","line":690,"loc":{"start":{"line":690,"column":15},"end":{"line":690,"column":28}}},"78":{"name":"emptyFragmentsStore","line":700,"loc":{"start":{"line":700,"column":2},"end":{"line":700,"column":33}}},"79":{"name":"directional_storage","line":715,"loc":{"start":{"line":715,"column":2},"end":{"line":715,"column":42}}},"80":{"name":"(anonymous_80)","line":719,"loc":{"start":{"line":719,"column":10},"end":{"line":719,"column":24}}},"81":{"name":"(anonymous_81)","line":729,"loc":{"start":{"line":729,"column":10},"end":{"line":729,"column":24}}},"82":{"name":"newFragmentStorage","line":742,"loc":{"start":{"line":742,"column":2},"end":{"line":742,"column":32}}},"83":{"name":"(anonymous_83)","line":749,"loc":{"start":{"line":749,"column":24},"end":{"line":749,"column":61}}},"84":{"name":"(anonymous_84)","line":773,"loc":{"start":{"line":773,"column":21},"end":{"line":773,"column":37}}},"85":{"name":"(anonymous_85)","line":776,"loc":{"start":{"line":776,"column":21},"end":{"line":776,"column":37}}},"86":{"name":"(anonymous_86)","line":779,"loc":{"start":{"line":779,"column":38},"end":{"line":779,"column":70}}},"87":{"name":"(anonymous_87)","line":795,"loc":{"start":{"line":795,"column":47},"end":{"line":795,"column":65}}},"88":{"name":"(anonymous_88)","line":844,"loc":{"start":{"line":844,"column":25},"end":{"line":844,"column":36}}}},"statementMap":{"1":{"start":{"line":4,"column":0},"end":{"line":854,"column":5}},"2":{"start":{"line":7,"column":2},"end":{"line":7,"column":30}},"3":{"start":{"line":8,"column":2},"end":{"line":8,"column":28}},"4":{"start":{"line":14,"column":2},"end":{"line":21,"column":4}},"5":{"start":{"line":15,"column":4},"end":{"line":15,"column":21}},"6":{"start":{"line":16,"column":4},"end":{"line":16,"column":19}},"7":{"start":{"line":17,"column":4},"end":{"line":19,"column":5}},"8":{"start":{"line":18,"column":6},"end":{"line":18,"column":29}},"9":{"start":{"line":20,"column":4},"end":{"line":20,"column":29}},"10":{"start":{"line":23,"column":2},"end":{"line":27,"column":4}},"11":{"start":{"line":24,"column":4},"end":{"line":26,"column":5}},"12":{"start":{"line":25,"column":6},"end":{"line":25,"column":66}},"13":{"start":{"line":29,"column":2},"end":{"line":38,"column":4}},"14":{"start":{"line":30,"column":4},"end":{"line":37,"column":5}},"15":{"start":{"line":31,"column":6},"end":{"line":31,"column":62}},"16":{"start":{"line":32,"column":6},"end":{"line":32,"column":50}},"17":{"start":{"line":33,"column":6},"end":{"line":36,"column":7}},"18":{"start":{"line":34,"column":8},"end":{"line":34,"column":40}},"19":{"start":{"line":35,"column":8},"end":{"line":35,"column":33}},"20":{"start":{"line":40,"column":2},"end":{"line":67,"column":4}},"21":{"start":{"line":41,"column":4},"end":{"line":41,"column":32}},"22":{"start":{"line":42,"column":4},"end":{"line":42,"column":36}},"23":{"start":{"line":43,"column":4},"end":{"line":45,"column":6}},"24":{"start":{"line":44,"column":6},"end":{"line":44,"column":28}},"25":{"start":{"line":46,"column":4},"end":{"line":46,"column":48}},"26":{"start":{"line":47,"column":4},"end":{"line":47,"column":32}},"27":{"start":{"line":48,"column":4},"end":{"line":50,"column":6}},"28":{"start":{"line":49,"column":6},"end":{"line":49,"column":39}},"29":{"start":{"line":51,"column":4},"end":{"line":66,"column":5}},"30":{"start":{"line":52,"column":6},"end":{"line":54,"column":8}},"31":{"start":{"line":53,"column":8},"end":{"line":53,"column":49}},"32":{"start":{"line":55,"column":6},"end":{"line":57,"column":8}},"33":{"start":{"line":56,"column":8},"end":{"line":56,"column":45}},"34":{"start":{"line":58,"column":6},"end":{"line":60,"column":7}},"35":{"start":{"line":59,"column":8},"end":{"line":59,"column":37}},"36":{"start":{"line":62,"column":6},"end":{"line":62,"column":31}},"37":{"start":{"line":63,"column":6},"end":{"line":65,"column":8}},"38":{"start":{"line":64,"column":8},"end":{"line":64,"column":27}},"39":{"start":{"line":70,"column":2},"end":{"line":73,"column":4}},"40":{"start":{"line":71,"column":4},"end":{"line":71,"column":22}},"41":{"start":{"line":72,"column":4},"end":{"line":72,"column":21}},"42":{"start":{"line":76,"column":2},"end":{"line":78,"column":4}},"43":{"start":{"line":77,"column":4},"end":{"line":77,"column":80}},"44":{"start":{"line":81,"column":2},"end":{"line":90,"column":4}},"45":{"start":{"line":82,"column":4},"end":{"line":82,"column":30}},"46":{"start":{"line":83,"column":4},"end":{"line":88,"column":5}},"47":{"start":{"line":84,"column":6},"end":{"line":84,"column":41}},"48":{"start":{"line":85,"column":6},"end":{"line":85,"column":38}},"49":{"start":{"line":86,"column":6},"end":{"line":86,"column":27}},"50":{"start":{"line":87,"column":6},"end":{"line":87,"column":28}},"51":{"start":{"line":89,"column":4},"end":{"line":89,"column":13}},"52":{"start":{"line":93,"column":2},"end":{"line":103,"column":4}},"53":{"start":{"line":94,"column":4},"end":{"line":94,"column":34}},"54":{"start":{"line":95,"column":4},"end":{"line":101,"column":5}},"55":{"start":{"line":96,"column":6},"end":{"line":96,"column":31}},"56":{"start":{"line":97,"column":6},"end":{"line":97,"column":41}},"57":{"start":{"line":98,"column":6},"end":{"line":98,"column":26}},"58":{"start":{"line":99,"column":6},"end":{"line":99,"column":32}},"59":{"start":{"line":100,"column":6},"end":{"line":100,"column":28}},"60":{"start":{"line":102,"column":4},"end":{"line":102,"column":13}},"61":{"start":{"line":106,"column":2},"end":{"line":116,"column":4}},"62":{"start":{"line":107,"column":4},"end":{"line":114,"column":5}},"63":{"start":{"line":108,"column":6},"end":{"line":108,"column":31}},"64":{"start":{"line":109,"column":6},"end":{"line":112,"column":7}},"65":{"start":{"line":110,"column":8},"end":{"line":110,"column":28}},"66":{"start":{"line":111,"column":8},"end":{"line":111,"column":43}},"67":{"start":{"line":113,"column":6},"end":{"line":113,"column":45}},"68":{"start":{"line":115,"column":4},"end":{"line":115,"column":16}},"69":{"start":{"line":118,"column":2},"end":{"line":146,"column":4}},"70":{"start":{"line":119,"column":4},"end":{"line":119,"column":26}},"71":{"start":{"line":120,"column":4},"end":{"line":130,"column":5}},"72":{"start":{"line":121,"column":6},"end":{"line":129,"column":7}},"73":{"start":{"line":122,"column":8},"end":{"line":128,"column":9}},"74":{"start":{"line":123,"column":10},"end":{"line":123,"column":88}},"75":{"start":{"line":123,"column":53},"end":{"line":123,"column":85}},"76":{"start":{"line":124,"column":14},"end":{"line":128,"column":9}},"77":{"start":{"line":125,"column":10},"end":{"line":125,"column":87}},"78":{"start":{"line":125,"column":52},"end":{"line":125,"column":83}},"79":{"start":{"line":127,"column":10},"end":{"line":127,"column":122}},"80":{"start":{"line":127,"column":60},"end":{"line":127,"column":119}},"81":{"start":{"line":131,"column":4},"end":{"line":131,"column":22}},"82":{"start":{"line":132,"column":4},"end":{"line":132,"column":63}},"83":{"start":{"line":133,"column":4},"end":{"line":144,"column":5}},"84":{"start":{"line":134,"column":6},"end":{"line":134,"column":34}},"85":{"start":{"line":135,"column":6},"end":{"line":135,"column":38}},"86":{"start":{"line":136,"column":6},"end":{"line":136,"column":48}},"87":{"start":{"line":137,"column":6},"end":{"line":143,"column":8}},"88":{"start":{"line":145,"column":4},"end":{"line":145,"column":19}},"89":{"start":{"line":148,"column":2},"end":{"line":153,"column":4}},"90":{"start":{"line":149,"column":4},"end":{"line":151,"column":5}},"91":{"start":{"line":150,"column":6},"end":{"line":150,"column":61}},"92":{"start":{"line":152,"column":4},"end":{"line":152,"column":51}},"93":{"start":{"line":155,"column":2},"end":{"line":162,"column":4}},"94":{"start":{"line":156,"column":4},"end":{"line":156,"column":44}},"95":{"start":{"line":157,"column":4},"end":{"line":160,"column":5}},"96":{"start":{"line":158,"column":6},"end":{"line":159,"column":49}},"97":{"start":{"line":161,"column":4},"end":{"line":161,"column":72}},"98":{"start":{"line":161,"column":46},"end":{"line":161,"column":69}},"99":{"start":{"line":172,"column":2},"end":{"line":197,"column":4}},"100":{"start":{"line":173,"column":4},"end":{"line":173,"column":19}},"101":{"start":{"line":174,"column":4},"end":{"line":176,"column":5}},"102":{"start":{"line":175,"column":6},"end":{"line":175,"column":41}},"103":{"start":{"line":177,"column":4},"end":{"line":177,"column":26}},"104":{"start":{"line":178,"column":4},"end":{"line":178,"column":22}},"105":{"start":{"line":179,"column":4},"end":{"line":179,"column":83}},"106":{"start":{"line":180,"column":4},"end":{"line":180,"column":38}},"107":{"start":{"line":181,"column":4},"end":{"line":195,"column":5}},"108":{"start":{"line":182,"column":6},"end":{"line":182,"column":31}},"109":{"start":{"line":183,"column":6},"end":{"line":194,"column":7}},"110":{"start":{"line":184,"column":8},"end":{"line":184,"column":41}},"111":{"start":{"line":185,"column":8},"end":{"line":187,"column":9}},"112":{"start":{"line":186,"column":10},"end":{"line":186,"column":76}},"113":{"start":{"line":188,"column":13},"end":{"line":194,"column":7}},"114":{"start":{"line":189,"column":8},"end":{"line":191,"column":9}},"115":{"start":{"line":190,"column":10},"end":{"line":190,"column":78}},"116":{"start":{"line":193,"column":8},"end":{"line":193,"column":76}},"117":{"start":{"line":196,"column":4},"end":{"line":196,"column":15}},"118":{"start":{"line":199,"column":2},"end":{"line":202,"column":3}},"119":{"start":{"line":200,"column":4},"end":{"line":200,"column":56}},"120":{"start":{"line":201,"column":4},"end":{"line":201,"column":48}},"121":{"start":{"line":204,"column":2},"end":{"line":234,"column":3}},"122":{"start":{"line":205,"column":4},"end":{"line":205,"column":17}},"123":{"start":{"line":206,"column":4},"end":{"line":206,"column":22}},"124":{"start":{"line":208,"column":4},"end":{"line":208,"column":20}},"125":{"start":{"line":209,"column":4},"end":{"line":232,"column":5}},"126":{"start":{"line":210,"column":6},"end":{"line":210,"column":39}},"127":{"start":{"line":211,"column":6},"end":{"line":211,"column":32}},"128":{"start":{"line":212,"column":6},"end":{"line":212,"column":42}},"129":{"start":{"line":213,"column":6},"end":{"line":217,"column":7}},"130":{"start":{"line":214,"column":8},"end":{"line":214,"column":28}},"131":{"start":{"line":215,"column":8},"end":{"line":215,"column":12}},"132":{"start":{"line":216,"column":8},"end":{"line":216,"column":17}},"133":{"start":{"line":218,"column":6},"end":{"line":221,"column":7}},"134":{"start":{"line":219,"column":8},"end":{"line":219,"column":23}},"135":{"start":{"line":220,"column":8},"end":{"line":220,"column":17}},"136":{"start":{"line":222,"column":6},"end":{"line":225,"column":7}},"137":{"start":{"line":223,"column":8},"end":{"line":223,"column":14}},"138":{"start":{"line":224,"column":8},"end":{"line":224,"column":17}},"139":{"start":{"line":226,"column":6},"end":{"line":230,"column":7}},"140":{"start":{"line":227,"column":8},"end":{"line":227,"column":14}},"141":{"start":{"line":228,"column":8},"end":{"line":228,"column":16}},"142":{"start":{"line":229,"column":8},"end":{"line":229,"column":17}},"143":{"start":{"line":231,"column":6},"end":{"line":231,"column":26}},"144":{"start":{"line":233,"column":4},"end":{"line":233,"column":15}},"145":{"start":{"line":236,"column":2},"end":{"line":270,"column":4}},"146":{"start":{"line":237,"column":4},"end":{"line":237,"column":32}},"147":{"start":{"line":238,"column":4},"end":{"line":243,"column":5}},"148":{"start":{"line":239,"column":6},"end":{"line":241,"column":7}},"149":{"start":{"line":240,"column":8},"end":{"line":240,"column":17}},"150":{"start":{"line":242,"column":6},"end":{"line":242,"column":43}},"151":{"start":{"line":244,"column":4},"end":{"line":244,"column":13}},"152":{"start":{"line":245,"column":4},"end":{"line":268,"column":5}},"153":{"start":{"line":246,"column":6},"end":{"line":266,"column":7}},"154":{"start":{"line":247,"column":8},"end":{"line":249,"column":9}},"155":{"start":{"line":248,"column":10},"end":{"line":248,"column":19}},"156":{"start":{"line":250,"column":8},"end":{"line":250,"column":42}},"157":{"start":{"line":251,"column":8},"end":{"line":265,"column":9}},"158":{"start":{"line":254,"column":10},"end":{"line":254,"column":17}},"159":{"start":{"line":255,"column":10},"end":{"line":261,"column":11}},"160":{"start":{"line":256,"column":12},"end":{"line":256,"column":22}},"161":{"start":{"line":257,"column":12},"end":{"line":259,"column":13}},"162":{"start":{"line":258,"column":14},"end":{"line":258,"column":22}},"163":{"start":{"line":260,"column":12},"end":{"line":260,"column":19}},"164":{"start":{"line":262,"column":10},"end":{"line":262,"column":17}},"165":{"start":{"line":264,"column":10},"end":{"line":264,"column":16}},"166":{"start":{"line":267,"column":6},"end":{"line":267,"column":15}},"167":{"start":{"line":269,"column":4},"end":{"line":269,"column":13}},"168":{"start":{"line":278,"column":2},"end":{"line":280,"column":4}},"169":{"start":{"line":279,"column":4},"end":{"line":279,"column":68}},"170":{"start":{"line":282,"column":2},"end":{"line":298,"column":3}},"171":{"start":{"line":283,"column":4},"end":{"line":283,"column":30}},"172":{"start":{"line":284,"column":4},"end":{"line":286,"column":5}},"173":{"start":{"line":285,"column":8},"end":{"line":285,"column":24}},"174":{"start":{"line":287,"column":4},"end":{"line":295,"column":5}},"175":{"start":{"line":288,"column":6},"end":{"line":288,"column":22}},"176":{"start":{"line":289,"column":6},"end":{"line":294,"column":7}},"177":{"start":{"line":290,"column":8},"end":{"line":290,"column":21}},"178":{"start":{"line":291,"column":8},"end":{"line":291,"column":17}},"179":{"start":{"line":293,"column":8},"end":{"line":293,"column":18}},"180":{"start":{"line":296,"column":4},"end":{"line":296,"column":17}},"181":{"start":{"line":297,"column":4},"end":{"line":297,"column":15}},"182":{"start":{"line":300,"column":2},"end":{"line":318,"column":3}},"183":{"start":{"line":301,"column":4},"end":{"line":301,"column":30}},"184":{"start":{"line":302,"column":4},"end":{"line":306,"column":5}},"185":{"start":{"line":303,"column":6},"end":{"line":305,"column":7}},"186":{"start":{"line":304,"column":8},"end":{"line":304,"column":34}},"187":{"start":{"line":307,"column":4},"end":{"line":315,"column":5}},"188":{"start":{"line":308,"column":6},"end":{"line":308,"column":22}},"189":{"start":{"line":309,"column":6},"end":{"line":314,"column":7}},"190":{"start":{"line":310,"column":8},"end":{"line":310,"column":21}},"191":{"start":{"line":311,"column":8},"end":{"line":311,"column":17}},"192":{"start":{"line":313,"column":8},"end":{"line":313,"column":18}},"193":{"start":{"line":316,"column":4},"end":{"line":316,"column":17}},"194":{"start":{"line":317,"column":4},"end":{"line":317,"column":15}},"195":{"start":{"line":319,"column":2},"end":{"line":323,"column":4}},"196":{"start":{"line":320,"column":4},"end":{"line":320,"column":46}},"197":{"start":{"line":321,"column":4},"end":{"line":321,"column":30}},"198":{"start":{"line":322,"column":4},"end":{"line":322,"column":38}},"199":{"start":{"line":325,"column":2},"end":{"line":337,"column":4}},"200":{"start":{"line":326,"column":4},"end":{"line":326,"column":38}},"201":{"start":{"line":327,"column":4},"end":{"line":329,"column":5}},"202":{"start":{"line":328,"column":6},"end":{"line":328,"column":18}},"203":{"start":{"line":330,"column":4},"end":{"line":332,"column":5}},"204":{"start":{"line":331,"column":6},"end":{"line":331,"column":50}},"205":{"start":{"line":333,"column":4},"end":{"line":336,"column":7}},"206":{"start":{"line":339,"column":2},"end":{"line":348,"column":4}},"207":{"start":{"line":340,"column":4},"end":{"line":340,"column":15}},"208":{"start":{"line":341,"column":4},"end":{"line":341,"column":40}},"209":{"start":{"line":342,"column":4},"end":{"line":342,"column":12}},"210":{"start":{"line":343,"column":4},"end":{"line":346,"column":7}},"211":{"start":{"line":344,"column":6},"end":{"line":344,"column":46}},"212":{"start":{"line":345,"column":6},"end":{"line":345,"column":14}},"213":{"start":{"line":347,"column":4},"end":{"line":347,"column":13}},"214":{"start":{"line":349,"column":2},"end":{"line":357,"column":4}},"215":{"start":{"line":350,"column":4},"end":{"line":356,"column":6}},"216":{"start":{"line":354,"column":8},"end":{"line":354,"column":36}},"217":{"start":{"line":359,"column":2},"end":{"line":365,"column":3}},"218":{"start":{"line":360,"column":4},"end":{"line":364,"column":7}},"219":{"start":{"line":361,"column":6},"end":{"line":363,"column":9}},"220":{"start":{"line":362,"column":8},"end":{"line":362,"column":29}},"221":{"start":{"line":367,"column":2},"end":{"line":373,"column":4}},"222":{"start":{"line":368,"column":4},"end":{"line":368,"column":63}},"223":{"start":{"line":369,"column":4},"end":{"line":372,"column":5}},"224":{"start":{"line":370,"column":6},"end":{"line":370,"column":58}},"225":{"start":{"line":371,"column":6},"end":{"line":371,"column":23}},"226":{"start":{"line":381,"column":2},"end":{"line":383,"column":4}},"227":{"start":{"line":382,"column":4},"end":{"line":382,"column":78}},"228":{"start":{"line":385,"column":2},"end":{"line":387,"column":4}},"229":{"start":{"line":386,"column":4},"end":{"line":386,"column":46}},"230":{"start":{"line":389,"column":2},"end":{"line":391,"column":4}},"231":{"start":{"line":390,"column":4},"end":{"line":390,"column":41}},"232":{"start":{"line":399,"column":2},"end":{"line":406,"column":4}},"233":{"start":{"line":400,"column":4},"end":{"line":400,"column":37}},"234":{"start":{"line":401,"column":4},"end":{"line":401,"column":21}},"235":{"start":{"line":402,"column":4},"end":{"line":404,"column":11}},"236":{"start":{"line":403,"column":10},"end":{"line":403,"column":41}},"237":{"start":{"line":405,"column":4},"end":{"line":405,"column":18}},"238":{"start":{"line":412,"column":2},"end":{"line":421,"column":4}},"239":{"start":{"line":413,"column":4},"end":{"line":413,"column":21}},"240":{"start":{"line":414,"column":4},"end":{"line":414,"column":37}},"241":{"start":{"line":415,"column":4},"end":{"line":415,"column":20}},"242":{"start":{"line":416,"column":4},"end":{"line":416,"column":51}},"243":{"start":{"line":417,"column":4},"end":{"line":419,"column":11}},"244":{"start":{"line":418,"column":10},"end":{"line":418,"column":42}},"245":{"start":{"line":420,"column":4},"end":{"line":420,"column":18}},"246":{"start":{"line":428,"column":2},"end":{"line":430,"column":4}},"247":{"start":{"line":429,"column":4},"end":{"line":429,"column":47}},"248":{"start":{"line":438,"column":2},"end":{"line":443,"column":4}},"249":{"start":{"line":439,"column":4},"end":{"line":439,"column":22}},"250":{"start":{"line":440,"column":4},"end":{"line":440,"column":37}},"251":{"start":{"line":441,"column":4},"end":{"line":441,"column":42}},"252":{"start":{"line":442,"column":4},"end":{"line":442,"column":25}},"253":{"start":{"line":450,"column":2},"end":{"line":454,"column":4}},"254":{"start":{"line":451,"column":4},"end":{"line":451,"column":37}},"255":{"start":{"line":452,"column":4},"end":{"line":452,"column":42}},"256":{"start":{"line":453,"column":4},"end":{"line":453,"column":20}},"257":{"start":{"line":459,"column":2},"end":{"line":461,"column":4}},"258":{"start":{"line":460,"column":4},"end":{"line":460,"column":29}},"259":{"start":{"line":463,"column":2},"end":{"line":475,"column":4}},"260":{"start":{"line":470,"column":4},"end":{"line":470,"column":43}},"261":{"start":{"line":471,"column":4},"end":{"line":471,"column":58}},"262":{"start":{"line":472,"column":4},"end":{"line":472,"column":53}},"263":{"start":{"line":473,"column":4},"end":{"line":473,"column":49}},"264":{"start":{"line":474,"column":4},"end":{"line":474,"column":19}},"265":{"start":{"line":477,"column":2},"end":{"line":497,"column":4}},"266":{"start":{"line":484,"column":4},"end":{"line":484,"column":37}},"267":{"start":{"line":485,"column":4},"end":{"line":496,"column":5}},"268":{"start":{"line":486,"column":6},"end":{"line":486,"column":39}},"269":{"start":{"line":487,"column":6},"end":{"line":489,"column":7}},"270":{"start":{"line":488,"column":8},"end":{"line":488,"column":73}},"271":{"start":{"line":490,"column":11},"end":{"line":496,"column":5}},"272":{"start":{"line":491,"column":6},"end":{"line":493,"column":7}},"273":{"start":{"line":492,"column":8},"end":{"line":492,"column":73}},"274":{"start":{"line":495,"column":6},"end":{"line":495,"column":74}},"275":{"start":{"line":499,"column":2},"end":{"line":507,"column":4}},"276":{"start":{"line":506,"column":4},"end":{"line":506,"column":47}},"277":{"start":{"line":512,"column":2},"end":{"line":514,"column":4}},"278":{"start":{"line":513,"column":4},"end":{"line":513,"column":34}},"279":{"start":{"line":519,"column":2},"end":{"line":527,"column":4}},"280":{"start":{"line":520,"column":4},"end":{"line":520,"column":42}},"281":{"start":{"line":521,"column":4},"end":{"line":525,"column":5}},"282":{"start":{"line":522,"column":6},"end":{"line":524,"column":9}},"283":{"start":{"line":523,"column":8},"end":{"line":523,"column":26}},"284":{"start":{"line":526,"column":4},"end":{"line":526,"column":21}},"285":{"start":{"line":529,"column":2},"end":{"line":531,"column":4}},"286":{"start":{"line":530,"column":4},"end":{"line":530,"column":57}},"287":{"start":{"line":532,"column":2},"end":{"line":534,"column":4}},"288":{"start":{"line":533,"column":4},"end":{"line":533,"column":54}},"289":{"start":{"line":541,"column":2},"end":{"line":545,"column":4}},"290":{"start":{"line":542,"column":4},"end":{"line":544,"column":5}},"291":{"start":{"line":543,"column":6},"end":{"line":543,"column":32}},"292":{"start":{"line":553,"column":2},"end":{"line":562,"column":4}},"293":{"start":{"line":554,"column":4},"end":{"line":554,"column":26}},"294":{"start":{"line":555,"column":4},"end":{"line":560,"column":5}},"295":{"start":{"line":556,"column":6},"end":{"line":556,"column":36}},"296":{"start":{"line":557,"column":6},"end":{"line":559,"column":7}},"297":{"start":{"line":558,"column":8},"end":{"line":558,"column":26}},"298":{"start":{"line":561,"column":4},"end":{"line":561,"column":21}},"299":{"start":{"line":574,"column":2},"end":{"line":585,"column":4}},"300":{"start":{"line":575,"column":4},"end":{"line":575,"column":33}},"301":{"start":{"line":576,"column":4},"end":{"line":583,"column":5}},"302":{"start":{"line":577,"column":6},"end":{"line":577,"column":47}},"303":{"start":{"line":578,"column":6},"end":{"line":578,"column":40}},"304":{"start":{"line":579,"column":6},"end":{"line":581,"column":7}},"305":{"start":{"line":580,"column":8},"end":{"line":580,"column":40}},"306":{"start":{"line":582,"column":6},"end":{"line":582,"column":35}},"307":{"start":{"line":584,"column":4},"end":{"line":584,"column":18}},"308":{"start":{"line":587,"column":2},"end":{"line":591,"column":4}},"309":{"start":{"line":588,"column":4},"end":{"line":588,"column":50}},"310":{"start":{"line":589,"column":4},"end":{"line":589,"column":43}},"311":{"start":{"line":590,"column":4},"end":{"line":590,"column":13}},"312":{"start":{"line":593,"column":2},"end":{"line":595,"column":4}},"313":{"start":{"line":594,"column":4},"end":{"line":594,"column":52}},"314":{"start":{"line":597,"column":2},"end":{"line":613,"column":4}},"315":{"start":{"line":598,"column":4},"end":{"line":598,"column":20}},"316":{"start":{"line":599,"column":4},"end":{"line":612,"column":5}},"317":{"start":{"line":600,"column":6},"end":{"line":600,"column":35}},"318":{"start":{"line":601,"column":6},"end":{"line":601,"column":27}},"319":{"start":{"line":602,"column":6},"end":{"line":608,"column":7}},"320":{"start":{"line":603,"column":8},"end":{"line":603,"column":24}},"321":{"start":{"line":604,"column":8},"end":{"line":604,"column":38}},"322":{"start":{"line":606,"column":8},"end":{"line":606,"column":22}},"323":{"start":{"line":607,"column":8},"end":{"line":607,"column":35}},"324":{"start":{"line":609,"column":6},"end":{"line":611,"column":7}},"325":{"start":{"line":610,"column":8},"end":{"line":610,"column":74}},"326":{"start":{"line":615,"column":2},"end":{"line":651,"column":4}},"327":{"start":{"line":616,"column":4},"end":{"line":616,"column":21}},"328":{"start":{"line":617,"column":4},"end":{"line":643,"column":5}},"329":{"start":{"line":618,"column":6},"end":{"line":628,"column":7}},"330":{"start":{"line":619,"column":8},"end":{"line":627,"column":9}},"331":{"start":{"line":620,"column":10},"end":{"line":624,"column":11}},"332":{"start":{"line":621,"column":12},"end":{"line":621,"column":44}},"333":{"start":{"line":623,"column":12},"end":{"line":623,"column":41}},"334":{"start":{"line":626,"column":10},"end":{"line":626,"column":35}},"335":{"start":{"line":629,"column":6},"end":{"line":642,"column":7}},"336":{"start":{"line":630,"column":8},"end":{"line":630,"column":32}},"337":{"start":{"line":631,"column":8},"end":{"line":631,"column":32}},"338":{"start":{"line":632,"column":8},"end":{"line":641,"column":9}},"339":{"start":{"line":634,"column":10},"end":{"line":634,"column":31}},"340":{"start":{"line":636,"column":10},"end":{"line":640,"column":15}},"341":{"start":{"line":644,"column":4},"end":{"line":649,"column":5}},"342":{"start":{"line":645,"column":6},"end":{"line":645,"column":62}},"343":{"start":{"line":646,"column":6},"end":{"line":646,"column":92}},"344":{"start":{"line":647,"column":6},"end":{"line":647,"column":63}},"345":{"start":{"line":647,"column":32},"end":{"line":647,"column":63}},"346":{"start":{"line":648,"column":6},"end":{"line":648,"column":52}},"347":{"start":{"line":650,"column":4},"end":{"line":650,"column":33}},"348":{"start":{"line":653,"column":2},"end":{"line":655,"column":4}},"349":{"start":{"line":654,"column":4},"end":{"line":654,"column":52}},"350":{"start":{"line":657,"column":2},"end":{"line":659,"column":4}},"351":{"start":{"line":658,"column":4},"end":{"line":658,"column":84}},"352":{"start":{"line":678,"column":2},"end":{"line":680,"column":4}},"353":{"start":{"line":679,"column":4},"end":{"line":679,"column":41}},"354":{"start":{"line":682,"column":2},"end":{"line":695,"column":5}},"355":{"start":{"line":685,"column":8},"end":{"line":686,"column":39}},"356":{"start":{"line":691,"column":8},"end":{"line":691,"column":48}},"357":{"start":{"line":697,"column":2},"end":{"line":697,"column":66}},"358":{"start":{"line":700,"column":2},"end":{"line":713,"column":3}},"359":{"start":{"line":701,"column":4},"end":{"line":712,"column":7}},"360":{"start":{"line":715,"column":2},"end":{"line":740,"column":3}},"361":{"start":{"line":716,"column":4},"end":{"line":739,"column":7}},"362":{"start":{"line":720,"column":12},"end":{"line":720,"column":49}},"363":{"start":{"line":721,"column":12},"end":{"line":723,"column":99}},"364":{"start":{"line":724,"column":12},"end":{"line":726,"column":13}},"365":{"start":{"line":725,"column":14},"end":{"line":725,"column":35}},"366":{"start":{"line":727,"column":12},"end":{"line":727,"column":26}},"367":{"start":{"line":730,"column":12},"end":{"line":730,"column":49}},"368":{"start":{"line":731,"column":12},"end":{"line":733,"column":90}},"369":{"start":{"line":734,"column":12},"end":{"line":736,"column":13}},"370":{"start":{"line":735,"column":14},"end":{"line":735,"column":37}},"371":{"start":{"line":737,"column":12},"end":{"line":737,"column":27}},"372":{"start":{"line":742,"column":2},"end":{"line":747,"column":3}},"373":{"start":{"line":743,"column":4},"end":{"line":746,"column":6}},"374":{"start":{"line":749,"column":2},"end":{"line":765,"column":4}},"375":{"start":{"line":758,"column":4},"end":{"line":758,"column":32}},"376":{"start":{"line":759,"column":4},"end":{"line":759,"column":45}},"377":{"start":{"line":760,"column":4},"end":{"line":760,"column":26}},"378":{"start":{"line":761,"column":4},"end":{"line":761,"column":44}},"379":{"start":{"line":762,"column":4},"end":{"line":762,"column":25}},"380":{"start":{"line":763,"column":4},"end":{"line":763,"column":42}},"381":{"start":{"line":764,"column":4},"end":{"line":764,"column":73}},"382":{"start":{"line":767,"column":2},"end":{"line":777,"column":4}},"383":{"start":{"line":773,"column":38},"end":{"line":773,"column":52}},"384":{"start":{"line":776,"column":38},"end":{"line":776,"column":63}},"385":{"start":{"line":779,"column":2},"end":{"line":793,"column":4}},"386":{"start":{"line":780,"column":4},"end":{"line":782,"column":5}},"387":{"start":{"line":781,"column":6},"end":{"line":781,"column":13}},"388":{"start":{"line":783,"column":4},"end":{"line":785,"column":5}},"389":{"start":{"line":784,"column":6},"end":{"line":784,"column":35}},"390":{"start":{"line":786,"column":4},"end":{"line":788,"column":63}},"391":{"start":{"line":789,"column":4},"end":{"line":791,"column":5}},"392":{"start":{"line":790,"column":6},"end":{"line":790,"column":56}},"393":{"start":{"line":790,"column":49},"end":{"line":790,"column":56}},"394":{"start":{"line":792,"column":4},"end":{"line":792,"column":74}},"395":{"start":{"line":795,"column":2},"end":{"line":850,"column":4}},"396":{"start":{"line":796,"column":4},"end":{"line":796,"column":47}},"397":{"start":{"line":797,"column":4},"end":{"line":797,"column":69}},"398":{"start":{"line":811,"column":4},"end":{"line":811,"column":57}},"399":{"start":{"line":813,"column":4},"end":{"line":815,"column":5}},"400":{"start":{"line":814,"column":6},"end":{"line":814,"column":41}},"401":{"start":{"line":817,"column":4},"end":{"line":817,"column":84}},"402":{"start":{"line":818,"column":4},"end":{"line":825,"column":5}},"403":{"start":{"line":819,"column":6},"end":{"line":819,"column":46}},"404":{"start":{"line":821,"column":6},"end":{"line":824,"column":7}},"405":{"start":{"line":822,"column":8},"end":{"line":822,"column":48}},"406":{"start":{"line":823,"column":8},"end":{"line":823,"column":47}},"407":{"start":{"line":826,"column":4},"end":{"line":848,"column":5}},"408":{"start":{"line":827,"column":6},"end":{"line":827,"column":42}},"409":{"start":{"line":829,"column":6},"end":{"line":829,"column":56}},"410":{"start":{"line":830,"column":6},"end":{"line":834,"column":7}},"411":{"start":{"line":831,"column":8},"end":{"line":833,"column":9}},"412":{"start":{"line":832,"column":10},"end":{"line":832,"column":59}},"413":{"start":{"line":835,"column":6},"end":{"line":835,"column":63}},"414":{"start":{"line":836,"column":6},"end":{"line":836,"column":81}},"415":{"start":{"line":837,"column":6},"end":{"line":839,"column":7}},"416":{"start":{"line":838,"column":8},"end":{"line":838,"column":43}},"417":{"start":{"line":840,"column":6},"end":{"line":847,"column":7}},"418":{"start":{"line":841,"column":8},"end":{"line":841,"column":47}},"419":{"start":{"line":842,"column":8},"end":{"line":842,"column":44}},"420":{"start":{"line":843,"column":8},"end":{"line":843,"column":25}},"421":{"start":{"line":844,"column":8},"end":{"line":846,"column":11}},"422":{"start":{"line":845,"column":10},"end":{"line":845,"column":42}},"423":{"start":{"line":851,"column":2},"end":{"line":851,"column":29}}},"branchMap":{"1":{"line":17,"type":"if","locations":[{"start":{"line":17,"column":4},"end":{"line":17,"column":4}},{"start":{"line":17,"column":4},"end":{"line":17,"column":4}}]},"2":{"line":30,"type":"if","locations":[{"start":{"line":30,"column":4},"end":{"line":30,"column":4}},{"start":{"line":30,"column":4},"end":{"line":30,"column":4}}]},"3":{"line":30,"type":"binary-expr","locations":[{"start":{"line":30,"column":8},"end":{"line":30,"column":31}},{"start":{"line":30,"column":35},"end":{"line":30,"column":62}}]},"4":{"line":33,"type":"if","locations":[{"start":{"line":33,"column":6},"end":{"line":33,"column":6}},{"start":{"line":33,"column":6},"end":{"line":33,"column":6}}]},"5":{"line":51,"type":"if","locations":[{"start":{"line":51,"column":4},"end":{"line":51,"column":4}},{"start":{"line":51,"column":4},"end":{"line":51,"column":4}}]},"6":{"line":58,"type":"if","locations":[{"start":{"line":58,"column":6},"end":{"line":58,"column":6}},{"start":{"line":58,"column":6},"end":{"line":58,"column":6}}]},"7":{"line":58,"type":"binary-expr","locations":[{"start":{"line":58,"column":9},"end":{"line":58,"column":18}},{"start":{"line":58,"column":22},"end":{"line":58,"column":48}}]},"8":{"line":77,"type":"cond-expr","locations":[{"start":{"line":77,"column":38},"end":{"line":77,"column":50}},{"start":{"line":77,"column":53},"end":{"line":77,"column":64}}]},"9":{"line":83,"type":"if","locations":[{"start":{"line":83,"column":4},"end":{"line":83,"column":4}},{"start":{"line":83,"column":4},"end":{"line":83,"column":4}}]},"10":{"line":95,"type":"if","locations":[{"start":{"line":95,"column":4},"end":{"line":95,"column":4}},{"start":{"line":95,"column":4},"end":{"line":95,"column":4}}]},"11":{"line":109,"type":"if","locations":[{"start":{"line":109,"column":6},"end":{"line":109,"column":6}},{"start":{"line":109,"column":6},"end":{"line":109,"column":6}}]},"12":{"line":119,"type":"binary-expr","locations":[{"start":{"line":119,"column":13},"end":{"line":119,"column":19}},{"start":{"line":119,"column":23},"end":{"line":119,"column":25}}]},"13":{"line":120,"type":"if","locations":[{"start":{"line":120,"column":4},"end":{"line":120,"column":4}},{"start":{"line":120,"column":4},"end":{"line":120,"column":4}}]},"14":{"line":121,"type":"if","locations":[{"start":{"line":121,"column":6},"end":{"line":121,"column":6}},{"start":{"line":121,"column":6},"end":{"line":121,"column":6}}]},"15":{"line":121,"type":"binary-expr","locations":[{"start":{"line":121,"column":9},"end":{"line":121,"column":24}},{"start":{"line":121,"column":28},"end":{"line":121,"column":43}}]},"16":{"line":122,"type":"if","locations":[{"start":{"line":122,"column":8},"end":{"line":122,"column":8}},{"start":{"line":122,"column":8},"end":{"line":122,"column":8}}]},"17":{"line":124,"type":"if","locations":[{"start":{"line":124,"column":14},"end":{"line":124,"column":14}},{"start":{"line":124,"column":14},"end":{"line":124,"column":14}}]},"18":{"line":127,"type":"binary-expr","locations":[{"start":{"line":127,"column":67},"end":{"line":127,"column":90}},{"start":{"line":127,"column":94},"end":{"line":127,"column":118}}]},"19":{"line":132,"type":"binary-expr","locations":[{"start":{"line":132,"column":20},"end":{"line":132,"column":34}},{"start":{"line":132,"column":38},"end":{"line":132,"column":62}}]},"20":{"line":136,"type":"binary-expr","locations":[{"start":{"line":136,"column":22},"end":{"line":136,"column":30}},{"start":{"line":136,"column":34},"end":{"line":136,"column":47}}]},"21":{"line":140,"type":"binary-expr","locations":[{"start":{"line":140,"column":18},"end":{"line":140,"column":33}},{"start":{"line":140,"column":37},"end":{"line":140,"column":76}},{"start":{"line":140,"column":81},"end":{"line":140,"column":89}}]},"22":{"line":142,"type":"binary-expr","locations":[{"start":{"line":142,"column":19},"end":{"line":142,"column":35}},{"start":{"line":142,"column":39},"end":{"line":142,"column":79}},{"start":{"line":142,"column":84},"end":{"line":142,"column":97}}]},"23":{"line":150,"type":"cond-expr","locations":[{"start":{"line":150,"column":38},"end":{"line":150,"column":42}},{"start":{"line":150,"column":45},"end":{"line":150,"column":60}}]},"24":{"line":157,"type":"if","locations":[{"start":{"line":157,"column":4},"end":{"line":157,"column":4}},{"start":{"line":157,"column":4},"end":{"line":157,"column":4}}]},"25":{"line":174,"type":"if","locations":[{"start":{"line":174,"column":4},"end":{"line":174,"column":4}},{"start":{"line":174,"column":4},"end":{"line":174,"column":4}}]},"26":{"line":174,"type":"binary-expr","locations":[{"start":{"line":174,"column":8},"end":{"line":174,"column":26}},{"start":{"line":174,"column":30},"end":{"line":174,"column":59}}]},"27":{"line":177,"type":"binary-expr","locations":[{"start":{"line":177,"column":13},"end":{"line":177,"column":19}},{"start":{"line":177,"column":23},"end":{"line":177,"column":25}}]},"28":{"line":178,"type":"binary-expr","locations":[{"start":{"line":178,"column":11},"end":{"line":178,"column":15}},{"start":{"line":178,"column":19},"end":{"line":178,"column":21}}]},"29":{"line":179,"type":"binary-expr","locations":[{"start":{"line":179,"column":48},"end":{"line":179,"column":62}},{"start":{"line":179,"column":66},"end":{"line":179,"column":68}}]},"30":{"line":183,"type":"if","locations":[{"start":{"line":183,"column":6},"end":{"line":183,"column":6}},{"start":{"line":183,"column":6},"end":{"line":183,"column":6}}]},"31":{"line":188,"type":"if","locations":[{"start":{"line":188,"column":13},"end":{"line":188,"column":13}},{"start":{"line":188,"column":13},"end":{"line":188,"column":13}}]},"32":{"line":200,"type":"binary-expr","locations":[{"start":{"line":200,"column":13},"end":{"line":200,"column":19}},{"start":{"line":200,"column":23},"end":{"line":200,"column":55}}]},"33":{"line":211,"type":"binary-expr","locations":[{"start":{"line":211,"column":17},"end":{"line":211,"column":25}},{"start":{"line":211,"column":29},"end":{"line":211,"column":31}}]},"34":{"line":212,"type":"binary-expr","locations":[{"start":{"line":212,"column":22},"end":{"line":212,"column":35}},{"start":{"line":212,"column":39},"end":{"line":212,"column":41}}]},"35":{"line":213,"type":"if","locations":[{"start":{"line":213,"column":6},"end":{"line":213,"column":6}},{"start":{"line":213,"column":6},"end":{"line":213,"column":6}}]},"36":{"line":213,"type":"binary-expr","locations":[{"start":{"line":213,"column":10},"end":{"line":213,"column":20}},{"start":{"line":213,"column":24},"end":{"line":213,"column":29}},{"start":{"line":213,"column":33},"end":{"line":213,"column":43}}]},"37":{"line":218,"type":"if","locations":[{"start":{"line":218,"column":6},"end":{"line":218,"column":6}},{"start":{"line":218,"column":6},"end":{"line":218,"column":6}}]},"38":{"line":222,"type":"if","locations":[{"start":{"line":222,"column":6},"end":{"line":222,"column":6}},{"start":{"line":222,"column":6},"end":{"line":222,"column":6}}]},"39":{"line":222,"type":"binary-expr","locations":[{"start":{"line":222,"column":10},"end":{"line":222,"column":20}},{"start":{"line":222,"column":24},"end":{"line":222,"column":30}}]},"40":{"line":226,"type":"if","locations":[{"start":{"line":226,"column":6},"end":{"line":226,"column":6}},{"start":{"line":226,"column":6},"end":{"line":226,"column":6}}]},"41":{"line":226,"type":"binary-expr","locations":[{"start":{"line":226,"column":10},"end":{"line":226,"column":21}},{"start":{"line":226,"column":25},"end":{"line":226,"column":31}}]},"42":{"line":239,"type":"if","locations":[{"start":{"line":239,"column":6},"end":{"line":239,"column":6}},{"start":{"line":239,"column":6},"end":{"line":239,"column":6}}]},"43":{"line":247,"type":"if","locations":[{"start":{"line":247,"column":8},"end":{"line":247,"column":8}},{"start":{"line":247,"column":8},"end":{"line":247,"column":8}}]},"44":{"line":251,"type":"if","locations":[{"start":{"line":251,"column":8},"end":{"line":251,"column":8}},{"start":{"line":251,"column":8},"end":{"line":251,"column":8}}]},"45":{"line":251,"type":"binary-expr","locations":[{"start":{"line":251,"column":12},"end":{"line":251,"column":31}},{"start":{"line":252,"column":12},"end":{"line":252,"column":31}},{"start":{"line":253,"column":12},"end":{"line":253,"column":32}}]},"46":{"line":257,"type":"if","locations":[{"start":{"line":257,"column":12},"end":{"line":257,"column":12}},{"start":{"line":257,"column":12},"end":{"line":257,"column":12}}]},"47":{"line":289,"type":"if","locations":[{"start":{"line":289,"column":6},"end":{"line":289,"column":6}},{"start":{"line":289,"column":6},"end":{"line":289,"column":6}}]},"48":{"line":303,"type":"if","locations":[{"start":{"line":303,"column":6},"end":{"line":303,"column":6}},{"start":{"line":303,"column":6},"end":{"line":303,"column":6}}]},"49":{"line":309,"type":"if","locations":[{"start":{"line":309,"column":6},"end":{"line":309,"column":6}},{"start":{"line":309,"column":6},"end":{"line":309,"column":6}}]},"50":{"line":327,"type":"if","locations":[{"start":{"line":327,"column":4},"end":{"line":327,"column":4}},{"start":{"line":327,"column":4},"end":{"line":327,"column":4}}]},"51":{"line":327,"type":"binary-expr","locations":[{"start":{"line":327,"column":8},"end":{"line":327,"column":26}},{"start":{"line":327,"column":30},"end":{"line":327,"column":55}}]},"52":{"line":330,"type":"if","locations":[{"start":{"line":330,"column":4},"end":{"line":330,"column":4}},{"start":{"line":330,"column":4},"end":{"line":330,"column":4}}]},"53":{"line":368,"type":"binary-expr","locations":[{"start":{"line":368,"column":22},"end":{"line":368,"column":37}},{"start":{"line":368,"column":41},"end":{"line":368,"column":62}}]},"54":{"line":413,"type":"binary-expr","locations":[{"start":{"line":413,"column":9},"end":{"line":413,"column":11}},{"start":{"line":413,"column":15},"end":{"line":413,"column":20}}]},"55":{"line":439,"type":"binary-expr","locations":[{"start":{"line":439,"column":9},"end":{"line":439,"column":11}},{"start":{"line":439,"column":15},"end":{"line":439,"column":20}}]},"56":{"line":470,"type":"binary-expr","locations":[{"start":{"line":470,"column":14},"end":{"line":470,"column":21}},{"start":{"line":470,"column":25},"end":{"line":470,"column":42}}]},"57":{"line":485,"type":"if","locations":[{"start":{"line":485,"column":4},"end":{"line":485,"column":4}},{"start":{"line":485,"column":4},"end":{"line":485,"column":4}}]},"58":{"line":490,"type":"if","locations":[{"start":{"line":490,"column":11},"end":{"line":490,"column":11}},{"start":{"line":490,"column":11},"end":{"line":490,"column":11}}]},"59":{"line":521,"type":"if","locations":[{"start":{"line":521,"column":4},"end":{"line":521,"column":4}},{"start":{"line":521,"column":4},"end":{"line":521,"column":4}}]},"60":{"line":557,"type":"if","locations":[{"start":{"line":557,"column":6},"end":{"line":557,"column":6}},{"start":{"line":557,"column":6},"end":{"line":557,"column":6}}]},"61":{"line":579,"type":"if","locations":[{"start":{"line":579,"column":6},"end":{"line":579,"column":6}},{"start":{"line":579,"column":6},"end":{"line":579,"column":6}}]},"62":{"line":602,"type":"if","locations":[{"start":{"line":602,"column":6},"end":{"line":602,"column":6}},{"start":{"line":602,"column":6},"end":{"line":602,"column":6}}]},"63":{"line":610,"type":"cond-expr","locations":[{"start":{"line":610,"column":28},"end":{"line":610,"column":57}},{"start":{"line":610,"column":60},"end":{"line":610,"column":72}}]},"64":{"line":619,"type":"if","locations":[{"start":{"line":619,"column":8},"end":{"line":619,"column":8}},{"start":{"line":619,"column":8},"end":{"line":619,"column":8}}]},"65":{"line":620,"type":"if","locations":[{"start":{"line":620,"column":10},"end":{"line":620,"column":10}},{"start":{"line":620,"column":10},"end":{"line":620,"column":10}}]},"66":{"line":646,"type":"cond-expr","locations":[{"start":{"line":646,"column":32},"end":{"line":646,"column":51}},{"start":{"line":646,"column":54},"end":{"line":646,"column":90}}]},"67":{"line":647,"type":"if","locations":[{"start":{"line":647,"column":6},"end":{"line":647,"column":6}},{"start":{"line":647,"column":6},"end":{"line":647,"column":6}}]},"68":{"line":685,"type":"binary-expr","locations":[{"start":{"line":685,"column":16},"end":{"line":685,"column":17}},{"start":{"line":685,"column":22},"end":{"line":685,"column":44}},{"start":{"line":686,"column":15},"end":{"line":686,"column":37}}]},"69":{"line":691,"type":"cond-expr","locations":[{"start":{"line":691,"column":29},"end":{"line":691,"column":33}},{"start":{"line":691,"column":36},"end":{"line":691,"column":47}}]},"70":{"line":718,"type":"cond-expr","locations":[{"start":{"line":719,"column":10},"end":{"line":728,"column":11}},{"start":{"line":729,"column":10},"end":{"line":738,"column":11}}]},"71":{"line":722,"type":"binary-expr","locations":[{"start":{"line":722,"column":18},"end":{"line":722,"column":31}},{"start":{"line":722,"column":35},"end":{"line":722,"column":60}},{"start":{"line":723,"column":18},"end":{"line":723,"column":30}},{"start":{"line":723,"column":34},"end":{"line":723,"column":96}}]},"72":{"line":724,"type":"if","locations":[{"start":{"line":724,"column":12},"end":{"line":724,"column":12}},{"start":{"line":724,"column":12},"end":{"line":724,"column":12}}]},"73":{"line":732,"type":"binary-expr","locations":[{"start":{"line":732,"column":18},"end":{"line":732,"column":31}},{"start":{"line":732,"column":35},"end":{"line":732,"column":70}},{"start":{"line":733,"column":18},"end":{"line":733,"column":30}},{"start":{"line":733,"column":34},"end":{"line":733,"column":87}}]},"74":{"line":734,"type":"if","locations":[{"start":{"line":734,"column":12},"end":{"line":734,"column":12}},{"start":{"line":734,"column":12},"end":{"line":734,"column":12}}]},"75":{"line":780,"type":"if","locations":[{"start":{"line":780,"column":4},"end":{"line":780,"column":4}},{"start":{"line":780,"column":4},"end":{"line":780,"column":4}}]},"76":{"line":780,"type":"binary-expr","locations":[{"start":{"line":780,"column":8},"end":{"line":780,"column":21}},{"start":{"line":780,"column":25},"end":{"line":780,"column":75}}]},"77":{"line":783,"type":"if","locations":[{"start":{"line":783,"column":4},"end":{"line":783,"column":4}},{"start":{"line":783,"column":4},"end":{"line":783,"column":4}}]},"78":{"line":786,"type":"cond-expr","locations":[{"start":{"line":787,"column":10},"end":{"line":787,"column":38}},{"start":{"line":788,"column":10},"end":{"line":788,"column":61}}]},"79":{"line":790,"type":"if","locations":[{"start":{"line":790,"column":6},"end":{"line":790,"column":6}},{"start":{"line":790,"column":6},"end":{"line":790,"column":6}}]},"80":{"line":813,"type":"if","locations":[{"start":{"line":813,"column":4},"end":{"line":813,"column":4}},{"start":{"line":813,"column":4},"end":{"line":813,"column":4}}]},"81":{"line":813,"type":"binary-expr","locations":[{"start":{"line":813,"column":8},"end":{"line":813,"column":23}},{"start":{"line":813,"column":27},"end":{"line":813,"column":47}}]},"82":{"line":818,"type":"if","locations":[{"start":{"line":818,"column":4},"end":{"line":818,"column":4}},{"start":{"line":818,"column":4},"end":{"line":818,"column":4}}]},"83":{"line":821,"type":"if","locations":[{"start":{"line":821,"column":6},"end":{"line":821,"column":6}},{"start":{"line":821,"column":6},"end":{"line":821,"column":6}}]},"84":{"line":826,"type":"if","locations":[{"start":{"line":826,"column":4},"end":{"line":826,"column":4}},{"start":{"line":826,"column":4},"end":{"line":826,"column":4}}]},"85":{"line":826,"type":"binary-expr","locations":[{"start":{"line":826,"column":8},"end":{"line":826,"column":42}},{"start":{"line":826,"column":46},"end":{"line":826,"column":62}},{"start":{"line":826,"column":66},"end":{"line":826,"column":79}}]},"86":{"line":830,"type":"if","locations":[{"start":{"line":830,"column":6},"end":{"line":830,"column":6}},{"start":{"line":830,"column":6},"end":{"line":830,"column":6}}]},"87":{"line":830,"type":"binary-expr","locations":[{"start":{"line":830,"column":10},"end":{"line":830,"column":44}},{"start":{"line":830,"column":48},"end":{"line":830,"column":78}}]},"88":{"line":831,"type":"if","locations":[{"start":{"line":831,"column":8},"end":{"line":831,"column":8}},{"start":{"line":831,"column":8},"end":{"line":831,"column":8}}]},"89":{"line":837,"type":"if","locations":[{"start":{"line":837,"column":6},"end":{"line":837,"column":6}},{"start":{"line":837,"column":6},"end":{"line":837,"column":6}}]},"90":{"line":840,"type":"if","locations":[{"start":{"line":840,"column":6},"end":{"line":840,"column":6}},{"start":{"line":840,"column":6},"end":{"line":840,"column":6}}]}}},"/Users/sergeyk/git/wdf/utils.js":{"path":"/Users/sergeyk/git/wdf/utils.js","s":{"1":1,"2":1,"3":1,"4":1,"5":5,"6":1,"7":43,"8":42,"9":97,"10":1,"11":1632,"12":1,"13":165,"14":1,"15":7,"16":1,"17":14,"18":1,"19":0,"20":1,"21":37,"22":16,"23":21,"24":1,"25":2,"26":2,"27":2,"28":6,"29":6,"30":4,"31":2,"32":1,"33":1,"34":1,"35":1,"36":1,"37":1,"38":4,"39":4,"40":1,"41":2,"42":5,"43":1,"44":1,"45":1,"46":3,"47":5,"48":5,"49":2,"50":1,"51":1,"52":25,"53":1,"54":24,"55":23,"56":23,"57":14,"58":10,"59":1,"60":3,"61":3,"62":7,"63":7,"64":3,"65":1,"66":1,"67":17,"68":5,"69":12,"70":0,"71":12,"72":12,"73":9,"74":3,"75":1,"76":23,"77":23,"78":23,"79":23,"80":23,"81":63,"82":63,"83":63,"84":33,"85":30,"86":22,"87":8,"88":15,"89":1,"90":2,"91":2,"92":8,"93":2,"94":1,"95":1,"96":1,"97":2,"98":2,"99":2,"100":2,"101":1,"102":1,"103":0,"104":1,"105":1,"106":2,"107":2,"108":1,"109":8,"110":8,"111":8,"112":4,"113":8,"114":8,"115":5,"116":20,"117":8,"118":8,"119":8,"120":8,"121":32,"122":24,"123":32,"124":32,"125":32,"126":8,"127":1,"128":2,"129":2,"130":5,"131":2,"132":1,"133":1,"134":4,"135":1,"136":1,"137":3,"138":1,"139":55,"140":1,"141":1,"142":30,"143":30,"144":19,"145":19,"146":27,"147":2,"148":25,"149":27,"150":19,"151":27,"152":18,"153":18,"154":18,"155":27,"156":1,"157":1,"158":51,"159":48,"160":48,"161":4,"162":1,"163":9,"164":9,"165":7,"166":1,"167":42,"168":42,"169":40,"170":17,"171":3,"172":39,"173":1,"174":10,"175":10,"176":7,"177":10,"178":1,"179":755,"180":755,"181":142,"182":755,"183":1,"184":1,"185":1,"186":7,"187":7,"188":17,"189":7,"190":1,"191":9,"192":9,"193":9,"194":9,"195":52,"196":43,"197":52,"198":52,"199":51,"200":9,"201":9,"202":1,"203":336,"204":335,"205":1,"206":1,"207":399,"208":2482,"209":2482,"210":336,"211":336,"212":1706,"213":336,"214":336,"215":63,"216":1,"217":388,"218":388,"219":388,"220":325,"221":325,"222":325,"223":309,"224":16,"225":5,"226":74,"227":1,"228":1,"229":1,"230":141,"231":1,"232":1,"233":142,"234":142,"235":142,"236":142,"237":142,"238":142,"239":142,"240":755,"241":613,"242":755,"243":755,"244":142,"245":1,"246":10,"247":1,"248":1,"249":1,"250":4,"251":0,"252":0,"253":0,"254":4,"255":0,"256":4,"257":3,"258":3,"259":3,"260":3,"261":3,"262":3,"263":3,"264":1,"265":1,"266":2,"267":1,"268":1,"269":1,"270":1,"271":4,"272":2,"273":2,"274":5,"275":5,"276":4,"277":1,"278":2,"279":1,"280":3,"281":1,"282":1,"283":1,"284":1,"285":1,"286":1,"287":1,"288":1,"289":1,"290":1,"291":1,"292":53,"293":45,"294":45,"295":45,"296":45,"297":1,"298":45,"299":2,"300":8,"301":1,"302":107,"303":1,"304":0,"305":1,"306":12,"307":12,"308":168,"309":168,"310":505,"311":505,"312":152,"313":152,"314":168,"315":1,"316":2,"317":26,"318":1,"319":27,"320":363,"321":1,"322":2,"323":30,"324":1,"325":9,"326":9,"327":9,"328":1,"329":1,"330":9,"331":9,"332":61,"333":9,"334":9,"335":3,"336":9,"337":9,"338":583,"339":224,"340":359,"341":359,"342":359,"343":24,"344":335,"345":335,"346":303,"347":32,"348":32,"349":11,"350":21,"351":21,"352":225,"353":9,"354":1,"355":17,"356":17,"357":1,"358":27,"359":27,"360":1,"361":8,"362":1,"363":48,"364":4,"365":44,"366":0,"367":44,"368":44,"369":23,"370":23,"371":21,"372":78,"373":19,"374":59,"375":25,"376":1,"377":1,"378":1,"379":2,"380":9,"381":9,"382":2,"383":17,"384":17,"385":1,"386":1,"387":1,"388":1,"389":1,"390":1109,"391":428,"392":140,"393":26,"394":18,"395":19,"396":11,"397":63,"398":1,"399":56,"400":18,"401":289,"402":0,"403":0,"404":0,"405":0,"406":0,"407":75,"408":11,"409":64,"410":64,"411":64,"412":29,"413":35,"414":14,"415":14,"416":5,"417":30,"418":3,"419":0,"420":78,"421":3,"422":1,"423":19,"424":19,"425":171,"426":19,"427":152,"428":19,"429":78,"430":10,"431":78,"432":238,"433":238,"434":238,"435":238,"436":25,"437":238,"438":124,"439":124,"440":114,"441":114,"442":19,"443":1,"444":277,"445":2223,"446":2223,"447":2223,"448":236,"449":41,"450":1,"451":18,"452":18,"453":3,"454":15,"455":45,"456":15,"457":1,"458":344,"459":1,"460":135,"461":135},"b":{"1":[5,5,3,2],"2":[1632,1585],"3":[165,66,42,19,18],"4":[7,5,5],"5":[14,12,3],"6":[0,0],"7":[16,21],"8":[37,37],"9":[2,1],"10":[2,0],"11":[4,2],"12":[1,1],"13":[4,0],"14":[2,3],"15":[1,24],"16":[25,24],"17":[23,1],"18":[14,9],"19":[3,1],"20":[5,12],"21":[17,14],"22":[0,12],"23":[0,0],"24":[9,3],"25":[23,23],"26":[33,30],"27":[22,8],"28":[0,8],"29":[2,0],"30":[2,0],"31":[2,6],"32":[8,6],"33":[8,4],"34":[4,4],"35":[5,3],"36":[10,10],"37":[20,15],"38":[24,8],"39":[7,7],"40":[0,55],"41":[33,22],"42":[19,11],"43":[2,25],"44":[25,0],"45":[19,8],"46":[19,11,0],"47":[18,9],"48":[45,3],"49":[4,44],"50":[4,3],"51":[40,2],"52":[3,14],"53":[17,14],"54":[7,3],"55":[43,9],"56":[51,1],"57":[335,1],"58":[336,2146],"59":[388,0],"60":[325,63],"61":[309,16],"62":[5,11],"63":[142,140],"64":[613,142],"65":[755,0],"66":[0,4],"67":[0,0],"68":[0,4],"69":[3,1],"70":[2,1],"71":[1,1],"72":[1,0],"73":[2,2],"74":[5,0],"75":[45,8],"76":[1,44],"77":[2,43],"78":[12,95],"79":[29,66],"80":[152,353],"81":[18,345],"82":[13,5],"83":[22,323],"84":[34,27],"85":[3,6],"86":[224,359],"87":[359,267],"88":[24,335],"89":[303,32],"90":[11,21],"91":[32,20],"92":[30,195],"93":[27,11],"94":[4,44],"95":[48,48],"96":[0,44],"97":[44,44],"98":[23,21],"99":[21,2],"100":[19,59],"101":[78,20],"102":[9,0],"103":[17,0],"104":[1109,30],"105":[40,388],"106":[428,400],"107":[12,14],"108":[26,17],"109":[9,9],"110":[6,57],"111":[19,37],"112":[5,13],"113":[0,0],"114":[0,0],"115":[0,0],"116":[11,64],"117":[75,73],"118":[64,0],"119":[29,35],"120":[14,21],"121":[5,9],"122":[1,2],"123":[0,0],"124":[0,0],"125":[0,0],"126":[78,78],"127":[1,2],"128":[10,68],"129":[25,213],"130":[124,114],"131":[2223,0],"132":[236,1987],"133":[3,15],"134":[15,30],"135":[149,195],"136":[75,60]},"f":{"1":1,"2":5,"3":43,"4":97,"5":1632,"6":165,"7":7,"8":14,"9":0,"10":37,"11":2,"12":6,"13":1,"14":4,"15":2,"16":5,"17":1,"18":3,"19":25,"20":3,"21":17,"22":23,"23":2,"24":1,"25":0,"26":1,"27":8,"28":20,"29":2,"30":1,"31":4,"32":1,"33":3,"34":55,"35":27,"36":30,"37":48,"38":51,"39":9,"40":42,"41":10,"42":755,"43":7,"44":336,"45":399,"46":388,"47":1,"48":141,"49":142,"50":142,"51":10,"52":1,"53":4,"54":2,"55":4,"56":2,"57":3,"58":1,"59":1,"60":1,"61":1,"62":53,"63":107,"64":0,"65":12,"66":168,"67":2,"68":26,"69":27,"70":363,"71":2,"72":30,"73":9,"74":9,"75":61,"76":583,"77":225,"78":17,"79":27,"80":8,"81":48,"82":2,"83":1109,"84":428,"85":140,"86":26,"87":18,"88":19,"89":11,"90":63,"91":56,"92":18,"93":289,"94":0,"95":0,"96":75,"97":3,"98":0,"99":78,"100":3,"101":19,"102":171,"103":152,"104":78,"105":277,"106":18,"107":344,"108":135},"fnMap":{"1":{"name":"(anonymous_1)","line":6,"loc":{"start":{"line":6,"column":1},"end":{"line":6,"column":12}}},"2":{"name":"(anonymous_2)","line":18,"loc":{"start":{"line":18,"column":14},"end":{"line":18,"column":26}}},"3":{"name":"(anonymous_3)","line":27,"loc":{"start":{"line":27,"column":15},"end":{"line":27,"column":48}}},"4":{"name":"(anonymous_4)","line":30,"loc":{"start":{"line":30,"column":8},"end":{"line":30,"column":19}}},"5":{"name":"(anonymous_5)","line":36,"loc":{"start":{"line":36,"column":15},"end":{"line":36,"column":27}}},"6":{"name":"(anonymous_6)","line":44,"loc":{"start":{"line":44,"column":17},"end":{"line":44,"column":29}}},"7":{"name":"(anonymous_7)","line":53,"loc":{"start":{"line":53,"column":18},"end":{"line":53,"column":33}}},"8":{"name":"(anonymous_8)","line":61,"loc":{"start":{"line":61,"column":19},"end":{"line":61,"column":30}}},"9":{"name":"(anonymous_9)","line":68,"loc":{"start":{"line":68,"column":22},"end":{"line":68,"column":33}}},"10":{"name":"(anonymous_10)","line":77,"loc":{"start":{"line":77,"column":16},"end":{"line":77,"column":37}}},"11":{"name":"(anonymous_11)","line":93,"loc":{"start":{"line":93,"column":18},"end":{"line":93,"column":61}}},"12":{"name":"(anonymous_12)","line":97,"loc":{"start":{"line":97,"column":10},"end":{"line":97,"column":26}}},"13":{"name":"(anonymous_13)","line":114,"loc":{"start":{"line":114,"column":18},"end":{"line":114,"column":46}}},"14":{"name":"(anonymous_14)","line":134,"loc":{"start":{"line":134,"column":25},"end":{"line":134,"column":37}}},"15":{"name":"(anonymous_15)","line":150,"loc":{"start":{"line":150,"column":26},"end":{"line":150,"column":45}}},"16":{"name":"(anonymous_16)","line":151,"loc":{"start":{"line":151,"column":11},"end":{"line":151,"column":23}}},"17":{"name":"(anonymous_17)","line":173,"loc":{"start":{"line":173,"column":26},"end":{"line":173,"column":37}}},"18":{"name":"(anonymous_18)","line":175,"loc":{"start":{"line":175,"column":11},"end":{"line":175,"column":23}}},"19":{"name":"(anonymous_19)","line":208,"loc":{"start":{"line":208,"column":18},"end":{"line":208,"column":33}}},"20":{"name":"(anonymous_20)","line":220,"loc":{"start":{"line":220,"column":18},"end":{"line":220,"column":44}}},"21":{"name":"(anonymous_21)","line":232,"loc":{"start":{"line":232,"column":15},"end":{"line":232,"column":33}}},"22":{"name":"(anonymous_22)","line":266,"loc":{"start":{"line":266,"column":18},"end":{"line":266,"column":65}}},"23":{"name":"(anonymous_23)","line":291,"loc":{"start":{"line":291,"column":12},"end":{"line":291,"column":31}}},"24":{"name":"(anonymous_24)","line":304,"loc":{"start":{"line":304,"column":25},"end":{"line":304,"column":51}}},"25":{"name":"(anonymous_25)","line":321,"loc":{"start":{"line":321,"column":30},"end":{"line":321,"column":49}}},"26":{"name":"(anonymous_26)","line":333,"loc":{"start":{"line":333,"column":16},"end":{"line":333,"column":38}}},"27":{"name":"(anonymous_27)","line":356,"loc":{"start":{"line":356,"column":10},"end":{"line":356,"column":51}}},"28":{"name":"(anonymous_28)","line":365,"loc":{"start":{"line":365,"column":18},"end":{"line":365,"column":63}}},"29":{"name":"(anonymous_29)","line":393,"loc":{"start":{"line":393,"column":17},"end":{"line":393,"column":35}}},"30":{"name":"(anonymous_30)","line":405,"loc":{"start":{"line":405,"column":25},"end":{"line":405,"column":46}}},"31":{"name":"(anonymous_31)","line":406,"loc":{"start":{"line":406,"column":28},"end":{"line":406,"column":41}}},"32":{"name":"(anonymous_32)","line":415,"loc":{"start":{"line":415,"column":18},"end":{"line":415,"column":36}}},"33":{"name":"(anonymous_33)","line":416,"loc":{"start":{"line":416,"column":46},"end":{"line":416,"column":62}}},"34":{"name":"(anonymous_34)","line":426,"loc":{"start":{"line":426,"column":18},"end":{"line":426,"column":30}}},"35":{"name":"(anonymous_35)","line":435,"loc":{"start":{"line":435,"column":11},"end":{"line":435,"column":34}}},"36":{"name":"mk_err","line":436,"loc":{"start":{"line":436,"column":4},"end":{"line":436,"column":24}}},"37":{"name":"(anonymous_37)","line":462,"loc":{"start":{"line":462,"column":12},"end":{"line":462,"column":50}}},"38":{"name":"check","line":463,"loc":{"start":{"line":463,"column":4},"end":{"line":463,"column":29}}},"39":{"name":"(anonymous_39)","line":477,"loc":{"start":{"line":477,"column":12},"end":{"line":477,"column":24}}},"40":{"name":"(anonymous_40)","line":484,"loc":{"start":{"line":484,"column":25},"end":{"line":484,"column":36}}},"41":{"name":"pad_with","line":510,"loc":{"start":{"line":510,"column":2},"end":{"line":510,"column":37}}},"42":{"name":"pad_with_zeros","line":528,"loc":{"start":{"line":528,"column":2},"end":{"line":528,"column":36}}},"43":{"name":"(anonymous_43)","line":551,"loc":{"start":{"line":551,"column":43},"end":{"line":551,"column":54}}},"44":{"name":"new_date","line":577,"loc":{"start":{"line":577,"column":2},"end":{"line":577,"column":38}}},"45":{"name":"parse_date","line":586,"loc":{"start":{"line":586,"column":2},"end":{"line":586,"column":32}}},"46":{"name":"(anonymous_46)","line":613,"loc":{"start":{"line":613,"column":22},"end":{"line":613,"column":50}}},"47":{"name":"(anonymous_47)","line":634,"loc":{"start":{"line":634,"column":21},"end":{"line":634,"column":32}}},"48":{"name":"(anonymous_48)","line":644,"loc":{"start":{"line":644,"column":20},"end":{"line":644,"column":31}}},"49":{"name":"(anonymous_49)","line":667,"loc":{"start":{"line":667,"column":23},"end":{"line":667,"column":53}}},"50":{"name":"(anonymous_50)","line":670,"loc":{"start":{"line":670,"column":11},"end":{"line":670,"column":22}}},"51":{"name":"(anonymous_51)","line":691,"loc":{"start":{"line":691,"column":18},"end":{"line":691,"column":29}}},"52":{"name":"(anonymous_52)","line":700,"loc":{"start":{"line":700,"column":15},"end":{"line":700,"column":26}}},"53":{"name":"(anonymous_53)","line":717,"loc":{"start":{"line":717,"column":24},"end":{"line":717,"column":43}}},"54":{"name":"(anonymous_54)","line":778,"loc":{"start":{"line":778,"column":11},"end":{"line":778,"column":25}}},"55":{"name":"inverse","line":784,"loc":{"start":{"line":784,"column":4},"end":{"line":784,"column":22}}},"56":{"name":"(anonymous_56)","line":796,"loc":{"start":{"line":796,"column":18},"end":{"line":796,"column":32}}},"57":{"name":"(anonymous_57)","line":798,"loc":{"start":{"line":798,"column":18},"end":{"line":798,"column":32}}},"58":{"name":"(anonymous_58)","line":800,"loc":{"start":{"line":800,"column":18},"end":{"line":800,"column":36}}},"59":{"name":"(anonymous_59)","line":802,"loc":{"start":{"line":802,"column":18},"end":{"line":802,"column":32}}},"60":{"name":"(anonymous_60)","line":804,"loc":{"start":{"line":804,"column":18},"end":{"line":804,"column":29}}},"61":{"name":"(anonymous_61)","line":806,"loc":{"start":{"line":806,"column":18},"end":{"line":806,"column":29}}},"62":{"name":"(anonymous_62)","line":825,"loc":{"start":{"line":825,"column":21},"end":{"line":825,"column":46}}},"63":{"name":"(anonymous_63)","line":848,"loc":{"start":{"line":848,"column":21},"end":{"line":848,"column":35}}},"64":{"name":"(anonymous_64)","line":852,"loc":{"start":{"line":852,"column":16},"end":{"line":852,"column":30}}},"65":{"name":"(anonymous_65)","line":856,"loc":{"start":{"line":856,"column":18},"end":{"line":856,"column":28}}},"66":{"name":"(anonymous_66)","line":863,"loc":{"start":{"line":863,"column":11},"end":{"line":863,"column":24}}},"67":{"name":"(anonymous_67)","line":875,"loc":{"start":{"line":875,"column":25},"end":{"line":875,"column":52}}},"68":{"name":"(anonymous_68)","line":887,"loc":{"start":{"line":887,"column":11},"end":{"line":887,"column":24}}},"69":{"name":"(anonymous_69)","line":892,"loc":{"start":{"line":892,"column":27},"end":{"line":892,"column":41}}},"70":{"name":"(anonymous_70)","line":897,"loc":{"start":{"line":897,"column":11},"end":{"line":897,"column":26}}},"71":{"name":"(anonymous_71)","line":903,"loc":{"start":{"line":903,"column":20},"end":{"line":903,"column":32}}},"72":{"name":"(anonymous_72)","line":905,"loc":{"start":{"line":905,"column":11},"end":{"line":905,"column":26}}},"73":{"name":"(anonymous_73)","line":914,"loc":{"start":{"line":914,"column":23},"end":{"line":914,"column":33}}},"74":{"name":"Type","line":925,"loc":{"start":{"line":925,"column":2},"end":{"line":925,"column":29}}},"75":{"name":"(anonymous_75)","line":927,"loc":{"start":{"line":927,"column":22},"end":{"line":927,"column":32}}},"76":{"name":"(anonymous_76)","line":939,"loc":{"start":{"line":939,"column":20},"end":{"line":939,"column":45}}},"77":{"name":"(anonymous_77)","line":961,"loc":{"start":{"line":961,"column":19},"end":{"line":961,"column":31}}},"78":{"name":"(anonymous_78)","line":970,"loc":{"start":{"line":970,"column":22},"end":{"line":970,"column":32}}},"79":{"name":"Link","line":978,"loc":{"start":{"line":978,"column":2},"end":{"line":978,"column":26}}},"80":{"name":"(anonymous_80)","line":986,"loc":{"start":{"line":986,"column":28},"end":{"line":986,"column":38}}},"81":{"name":"(anonymous_81)","line":990,"loc":{"start":{"line":990,"column":13},"end":{"line":990,"column":30}}},"82":{"name":"(anonymous_82)","line":1021,"loc":{"start":{"line":1021,"column":14},"end":{"line":1021,"column":32}}},"83":{"name":"(anonymous_83)","line":1044,"loc":{"start":{"line":1044,"column":8},"end":{"line":1044,"column":19}}},"84":{"name":"(anonymous_84)","line":1047,"loc":{"start":{"line":1047,"column":17},"end":{"line":1047,"column":37}}},"85":{"name":"(anonymous_85)","line":1050,"loc":{"start":{"line":1050,"column":16},"end":{"line":1050,"column":28}}},"86":{"name":"(anonymous_86)","line":1053,"loc":{"start":{"line":1053,"column":17},"end":{"line":1053,"column":30}}},"87":{"name":"(anonymous_87)","line":1056,"loc":{"start":{"line":1056,"column":15},"end":{"line":1056,"column":27}}},"88":{"name":"(anonymous_88)","line":1059,"loc":{"start":{"line":1059,"column":11},"end":{"line":1059,"column":27}}},"89":{"name":"(anonymous_89)","line":1062,"loc":{"start":{"line":1062,"column":18},"end":{"line":1062,"column":43}}},"90":{"name":"(anonymous_90)","line":1065,"loc":{"start":{"line":1065,"column":13},"end":{"line":1065,"column":24}}},"91":{"name":"(anonymous_91)","line":1075,"loc":{"start":{"line":1075,"column":19},"end":{"line":1075,"column":30}}},"92":{"name":"(anonymous_92)","line":1078,"loc":{"start":{"line":1078,"column":18},"end":{"line":1078,"column":29}}},"93":{"name":"(anonymous_93)","line":1085,"loc":{"start":{"line":1085,"column":10},"end":{"line":1085,"column":21}}},"94":{"name":"(anonymous_94)","line":1088,"loc":{"start":{"line":1088,"column":15},"end":{"line":1088,"column":26}}},"95":{"name":"(anonymous_95)","line":1091,"loc":{"start":{"line":1091,"column":13},"end":{"line":1091,"column":28}}},"96":{"name":"(anonymous_96)","line":1131,"loc":{"start":{"line":1131,"column":19},"end":{"line":1131,"column":37}}},"97":{"name":"(anonymous_97)","line":1149,"loc":{"start":{"line":1149,"column":17},"end":{"line":1149,"column":28}}},"98":{"name":"(anonymous_98)","line":1152,"loc":{"start":{"line":1152,"column":13},"end":{"line":1152,"column":28}}},"99":{"name":"(anonymous_99)","line":1159,"loc":{"start":{"line":1159,"column":15},"end":{"line":1159,"column":27}}},"100":{"name":"(anonymous_100)","line":1160,"loc":{"start":{"line":1160,"column":19},"end":{"line":1160,"column":30}}},"101":{"name":"(anonymous_101)","line":1171,"loc":{"start":{"line":1171,"column":33},"end":{"line":1171,"column":52}}},"102":{"name":"(anonymous_102)","line":1175,"loc":{"start":{"line":1175,"column":54},"end":{"line":1175,"column":65}}},"103":{"name":"(anonymous_103)","line":1178,"loc":{"start":{"line":1178,"column":27},"end":{"line":1178,"column":45}}},"104":{"name":"(anonymous_104)","line":1184,"loc":{"start":{"lin
[...]
:12},"end":{"line":29,"column":19}},"13":{"start":{"line":28,"column":20},"end":{"line":28,"column":69}},"14":{"start":{"line":32,"column":4},"end":{"line":40,"column":5}},"15":{"start":{"line":33,"column":8},"end":{"line":36,"column":9}},"16":{"start":{"line":34,"column":12},"end":{"line":35,"column":66}},"17":{"start":{"line":37,"column":8},"end":{"line":37,"column":25}},"18":{"start":{"line":38,"column":8},"end":{"line":38,"column":38}},"19":{"start":{"line":39,"column":8},"end":{"line":39,"column":61}},"20":{"start":{"line":42,"column":4},"end":{"line":44,"column":6}},"21":{"start":{"line":43,"column":8},"end":{"line":43,"column":40}},"22":{"start":{"line":45,"column":4},"end":{"line":47,"column":6}},"23":{"start":{"line":46,"column":6},"end":{"line":46,"column":34}},"24":{"start":{"line":49,"column":4},"end":{"line":55,"column":5}},"25":{"start":{"line":50,"column":8},"end":{"line":53,"column":9}},"26":{"start":{"line":51,"column":12},"end":{"line":52,"column":46}},"27":{"start":{"line":54,"column":8},"end":{"line":54,"column":17}},"28":{"start":{"line":56,"column":4},"end":{"line":94,"column":5}},"29":{"start":{"line":57,"column":8},"end":{"line":57,"column":26}},"30":{"start":{"line":58,"column":8},"end":{"line":58,"column":29}},"31":{"start":{"line":59,"column":8},"end":{"line":59,"column":42}},"32":{"start":{"line":60,"column":8},"end":{"line":60,"column":32}},"33":{"start":{"line":61,"column":8},"end":{"line":61,"column":29}},"34":{"start":{"line":62,"column":8},"end":{"line":93,"column":9}},"35":{"start":{"line":63,"column":12},"end":{"line":63,"column":48}},"36":{"start":{"line":64,"column":12},"end":{"line":64,"column":51}},"37":{"start":{"line":65,"column":12},"end":{"line":65,"column":22}},"38":{"start":{"line":66,"column":12},"end":{"line":70,"column":13}},"39":{"start":{"line":67,"column":16},"end":{"line":67,"column":49}},"40":{"start":{"line":68,"column":16},"end":{"line":68,"column":69}},"41":{"start":{"line":69,"column":16},"end":{"line":69,"column":52}},"42":{"start":{"line":71,"column":12},"end":{"line":71,"column":35}},"43":{"start":{"line":72,"column":12},"end":{"line":72,"column":34}},"44":{"start":{"line":73,"column":12},"end":{"line":86,"column":13}},"45":{"start":{"line":74,"column":16},"end":{"line":74,"column":42}},"46":{"start":{"line":75,"column":16},"end":{"line":85,"column":17}},"47":{"start":{"line":76,"column":20},"end":{"line":82,"column":21}},"48":{"start":{"line":77,"column":24},"end":{"line":77,"column":28}},"49":{"start":{"line":78,"column":24},"end":{"line":78,"column":39}},"50":{"start":{"line":80,"column":24},"end":{"line":80,"column":67}},"51":{"start":{"line":81,"column":24},"end":{"line":81,"column":41}},"52":{"start":{"line":84,"column":20},"end":{"line":84,"column":35}},"53":{"start":{"line":87,"column":12},"end":{"line":89,"column":13}},"54":{"start":{"line":88,"column":16},"end":{"line":88,"column":59}},"55":{"start":{"line":90,"column":12},"end":{"line":92,"column":13}},"56":{"start":{"line":91,"column":16},"end":{"line":91,"column":45}},"57":{"start":{"line":95,"column":4},"end":{"line":108,"column":5}},"58":{"start":{"line":96,"column":8},"end":{"line":98,"column":9}},"59":{"start":{"line":97,"column":12},"end":{"line":97,"column":21}},"60":{"start":{"line":99,"column":8},"end":{"line":99,"column":25}},"61":{"start":{"line":100,"column":8},"end":{"line":106,"column":9}},"62":{"start":{"line":101,"column":12},"end":{"line":101,"column":21}},"63":{"start":{"line":102,"column":12},"end":{"line":102,"column":24}},"64":{"start":{"line":103,"column":12},"end":{"line":105,"column":13}},"65":{"start":{"line":104,"column":16},"end":{"line":104,"column":27}},"66":{"start":{"line":107,"column":8},"end":{"line":107,"column":20}},"67":{"start":{"line":110,"column":4},"end":{"line":130,"column":6}},"68":{"start":{"line":111,"column":6},"end":{"line":113,"column":7}},"69":{"start":{"line":112,"column":8},"end":{"line":112,"column":20}},"70":{"start":{"line":114,"column":6},"end":{"line":114,"column":12}},"71":{"start":{"line":115,"column":6},"end":{"line":129,"column":7}},"72":{"start":{"line":116,"column":8},"end":{"line":120,"column":9}},"73":{"start":{"line":117,"column":10},"end":{"line":119,"column":11}},"74":{"start":{"line":118,"column":12},"end":{"line":118,"column":25}},"75":{"start":{"line":121,"column":8},"end":{"line":121,"column":21}},"76":{"start":{"line":123,"column":8},"end":{"line":127,"column":9}},"77":{"start":{"line":124,"column":10},"end":{"line":126,"column":11}},"78":{"start":{"line":125,"column":12},"end":{"line":125,"column":24}},"79":{"start":{"line":128,"column":8},"end":{"line":128,"column":21}},"80":{"start":{"line":132,"column":4},"end":{"line":144,"column":6}},"81":{"start":{"line":133,"column":8},"end":{"line":133,"column":45}},"82":{"start":{"line":134,"column":8},"end":{"line":136,"column":9}},"83":{"start":{"line":135,"column":12},"end":{"line":135,"column":61}},"84":{"start":{"line":137,"column":8},"end":{"line":142,"column":9}},"85":{"start":{"line":138,"column":12},"end":{"line":141,"column":13}},"86":{"start":{"line":139,"column":16},"end":{"line":139,"column":31}},"87":{"start":{"line":139,"column":22},"end":{"line":139,"column":31}},"88":{"start":{"line":140,"column":16},"end":{"line":140,"column":64}},"89":{"start":{"line":143,"column":8},"end":{"line":143,"column":42}},"90":{"start":{"line":146,"column":4},"end":{"line":155,"column":5}},"91":{"start":{"line":147,"column":6},"end":{"line":147,"column":23}},"92":{"start":{"line":148,"column":6},"end":{"line":148,"column":26}},"93":{"start":{"line":149,"column":6},"end":{"line":154,"column":9}},"94":{"start":{"line":150,"column":8},"end":{"line":153,"column":9}},"95":{"start":{"line":151,"column":10},"end":{"line":151,"column":39}},"96":{"start":{"line":152,"column":10},"end":{"line":152,"column":71}},"97":{"start":{"line":157,"column":4},"end":{"line":170,"column":6}},"98":{"start":{"line":158,"column":6},"end":{"line":158,"column":17}},"99":{"start":{"line":159,"column":6},"end":{"line":168,"column":7}},"100":{"start":{"line":160,"column":8},"end":{"line":160,"column":49}},"101":{"start":{"line":160,"column":40},"end":{"line":160,"column":49}},"102":{"start":{"line":161,"column":8},"end":{"line":161,"column":38}},"103":{"start":{"line":162,"column":8},"end":{"line":167,"column":9}},"104":{"start":{"line":163,"column":10},"end":{"line":165,"column":11}},"105":{"start":{"line":164,"column":12},"end":{"line":164,"column":22}},"106":{"start":{"line":166,"column":10},"end":{"line":166,"column":51}},"107":{"start":{"line":169,"column":6},"end":{"line":169,"column":16}},"108":{"start":{"line":172,"column":4},"end":{"line":210,"column":5}},"109":{"start":{"line":173,"column":6},"end":{"line":178,"column":7}},"110":{"start":{"line":174,"column":8},"end":{"line":176,"column":9}},"111":{"start":{"line":175,"column":10},"end":{"line":175,"column":88}},"112":{"start":{"line":177,"column":8},"end":{"line":177,"column":20}},"113":{"start":{"line":179,"column":6},"end":{"line":209,"column":7}},"114":{"start":{"line":180,"column":8},"end":{"line":206,"column":9}},"115":{"start":{"line":181,"column":10},"end":{"line":181,"column":45}},"116":{"start":{"line":182,"column":10},"end":{"line":182,"column":37}},"117":{"start":{"line":183,"column":10},"end":{"line":183,"column":31}},"118":{"start":{"line":185,"column":10},"end":{"line":185,"column":29}},"119":{"start":{"line":186,"column":10},"end":{"line":204,"column":11}},"120":{"start":{"line":187,"column":14},"end":{"line":187,"column":49}},"121":{"start":{"line":188,"column":14},"end":{"line":191,"column":15}},"122":{"start":{"line":189,"column":18},"end":{"line":189,"column":74}},"123":{"start":{"line":190,"column":18},"end":{"line":190,"column":55}},"124":{"start":{"line":192,"column":14},"end":{"line":192,"column":39}},"125":{"start":{"line":193,"column":14},"end":{"line":193,"column":50}},"126":{"start":{"line":195,"column":14},"end":{"line":198,"column":15}},"127":{"start":{"line":196,"column":18},"end":{"line":196,"column":54}},"128":{"start":{"line":197,"column":18},"end":{"line":197,"column":35}},"129":{"start":{"line":202,"column":14},"end":{"line":202,"column":51}},"130":{"start":{"line":203,"column":14},"end":{"line":203,"column":30}},"131":{"start":{"line":205,"column":10},"end":{"line":205,"column":71}},"132":{"start":{"line":208,"column":8},"end":{"line":208,"column":40}},"133":{"start":{"line":212,"column":2},"end":{"line":221,"column":4}},"134":{"start":{"line":213,"column":4},"end":{"line":220,"column":5}},"135":{"start":{"line":214,"column":6},"end":{"line":214,"column":57}},"136":{"start":{"line":216,"column":6},"end":{"line":219,"column":19}},"137":{"start":{"line":223,"column":2},"end":{"line":225,"column":5}},"138":{"start":{"line":224,"column":4},"end":{"line":224,"column":47}},"139":{"start":{"line":227,"column":2},"end":{"line":238,"column":5}},"140":{"start":{"line":228,"column":4},"end":{"line":237,"column":5}},"141":{"start":{"line":229,"column":6},"end":{"line":229,"column":17}},"142":{"start":{"line":231,"column":6},"end":{"line":235,"column":7}},"143":{"start":{"line":232,"column":8},"end":{"line":234,"column":9}},"144":{"start":{"line":233,"column":10},"end":{"line":233,"column":53}},"145":{"start":{"line":236,"column":6},"end":{"line":236,"column":18}},"146":{"start":{"line":240,"column":4},"end":{"line":242,"column":7}},"147":{"start":{"line":241,"column":7},"end":{"line":241,"column":58}},"148":{"start":{"line":244,"column":4},"end":{"line":246,"column":6}},"149":{"start":{"line":245,"column":8},"end":{"line":245,"column":36}},"150":{"start":{"line":248,"column":4},"end":{"line":251,"column":7}},"151":{"start":{"line":249,"column":8},"end":{"line":250,"column":34}},"152":{"start":{"line":253,"column":4},"end":{"line":260,"column":6}},"153":{"start":{"line":254,"column":8},"end":{"line":254,"column":28}},"154":{"start":{"line":255,"column":8},"end":{"line":255,"column":31}},"155":{"start":{"line":256,"column":8},"end":{"line":258,"column":9}},"156":{"start":{"line":257,"column":12},"end":{"line":257,"column":41}},"157":{"start":{"line":259,"column":8},"end":{"line":259,"column":21}},"158":{"start":{"line":261,"column":4},"end":{"line":266,"column":6}},"159":{"start":{"line":262,"column":8},"end":{"line":264,"column":9}},"160":{"start":{"line":263,"column":12},"end":{"line":263,"column":63}},"161":{"start":{"line":265,"column":8},"end":{"line":265,"column":28}},"162":{"start":{"line":267,"column":4},"end":{"line":274,"column":6}},"163":{"start":{"line":268,"column":6},"end":{"line":273,"column":8}},"164":{"start":{"line":276,"column":4},"end":{"line":276,"column":29}},"165":{"start":{"line":277,"column":4},"end":{"line":277,"column":29}},"166":{"start":{"line":278,"column":4},"end":{"line":278,"column":27}},"167":{"start":{"line":279,"column":4},"end":{"line":279,"column":29}}},"branchMap":{"1":{"line":33,"type":"if","locations":[{"start":{"line":33,"column":8},"end":{"line":33,"column":8}},{"start":{"line":33,"column":8},"end":{"line":33,"column":8}}]},"2":{"line":50,"type":"if","locations":[{"start":{"line":50,"column":8},"end":{"line":50,"column":8}},{"start":{"line":50,"column":8},"end":{"line":50,"column":8}}]},"3":{"line":62,"type":"if","locations":[{"start":{"line":62,"column":8},"end":{"line":62,"column":8}},{"start":{"line":62,"column":8},"end":{"line":62,"column":8}}]},"4":{"line":62,"type":"binary-expr","locations":[{"start":{"line":62,"column":12},"end":{"line":62,"column":25}},{"start":{"line":62,"column":29},"end":{"line":62,"column":37}}]},"5":{"line":66,"type":"if","locations":[{"start":{"line":66,"column":12},"end":{"line":66,"column":12}},{"start":{"line":66,"column":12},"end":{"line":66,"column":12}}]},"6":{"line":68,"type":"binary-expr","locations":[{"start":{"line":68,"column":23},"end":{"line":68,"column":37}},{"start":{"line":68,"column":41},"end":{"line":68,"column":52}},{"start":{"line":68,"column":56},"end":{"line":68,"column":67}}]},"7":{"line":75,"type":"if","locations":[{"start":{"line":75,"column":16},"end":{"line":75,"column":16}},{"start":{"line":75,"column":16},"end":{"line":75,"column":16}}]},"8":{"line":76,"type":"if","locations":[{"start":{"line":76,"column":20},"end":{"line":76,"column":20}},{"start":{"line":76,"column":20},"end":{"line":76,"column":20}}]},"9":{"line":87,"type":"if","locations":[{"start":{"line":87,"column":12},"end":{"line":87,"column":12}},{"start":{"line":87,"column":12},"end":{"line":87,"column":12}}]},"10":{"line":90,"type":"if","locations":[{"start":{"line":90,"column":12},"end":{"line":90,"column":12}},{"start":{"line":90,"column":12},"end":{"line":90,"column":12}}]},"11":{"line":96,"type":"if","locations":[{"start":{"line":96,"column":8},"end":{"line":96,"column":8}},{"start":{"line":96,"column":8},"end":{"line":96,"column":8}}]},"12":{"line":103,"type":"if","locations":[{"start":{"line":103,"column":12},"end":{"line":103,"column":12}},{"start":{"line":103,"column":12},"end":{"line":103,"column":12}}]},"13":{"line":111,"type":"if","locations":[{"start":{"line":111,"column":6},"end":{"line":111,"column":6}},{"start":{"line":111,"column":6},"end":{"line":111,"column":6}}]},"14":{"line":115,"type":"if","locations":[{"start":{"line":115,"column":6},"end":{"line":115,"column":6}},{"start":{"line":115,"column":6},"end":{"line":115,"column":6}}]},"15":{"line":117,"type":"if","locations":[{"start":{"line":117,"column":10},"end":{"line":117,"column":10}},{"start":{"line":117,"column":10},"end":{"line":117,"column":10}}]},"16":{"line":124,"type":"if","locations":[{"start":{"line":124,"column":10},"end":{"line":124,"column":10}},{"start":{"line":124,"column":10},"end":{"line":124,"column":10}}]},"17":{"line":134,"type":"if","locations":[{"start":{"line":134,"column":8},"end":{"line":134,"column":8}},{"start":{"line":134,"column":8},"end":{"line":134,"column":8}}]},"18":{"line":134,"type":"binary-expr","locations":[{"start":{"line":134,"column":12},"end":{"line":134,"column":37}},{"start":{"line":134,"column":41},"end":{"line":134,"column":68}}]},"19":{"line":137,"type":"if","locations":[{"start":{"line":137,"column":8},"end":{"line":137,"column":8}},{"start":{"line":137,"column":8},"end":{"line":137,"column":8}}]},"20":{"line":137,"type":"binary-expr","locations":[{"start":{"line":137,"column":11},"end":{"line":137,"column":24}},{"start":{"line":137,"column":28},"end":{"line":137,"column":48}}]},"21":{"line":139,"type":"if","locations":[{"start":{"line":139,"column":16},"end":{"line":139,"column":16}},{"start":{"line":139,"column":16},"end":{"line":139,"column":16}}]},"22":{"line":143,"type":"cond-expr","locations":[{"start":{"line":143,"column":28},"end":{"line":143,"column":37}},{"start":{"line":143,"column":40},"end":{"line":143,"column":41}}]},"23":{"line":148,"type":"binary-expr","locations":[{"start":{"line":148,"column":14},"end":{"line":148,"column":19}},{"start":{"line":148,"column":23},"end":{"line":148,"column":25}}]},"24":{"line":150,"type":"if","locations":[{"start":{"line":150,"column":8},"end":{"line":150,"column":8}},{"start":{"line":150,"column":8},"end":{"line":150,"column":8}}]},"25":{"line":160,"type":"if","locations":[{"start":{"line":160,"column":8},"end":{"line":160,"column":8}},{"start":{"line":160,"column":8},"end":{"line":160,"column":8}}]},"26":{"line":162,"type":"if","locations":[{"start":{"line":162,"column":8},"end":{"line":162,"column":8}},{"start":{"line":162,"column":8},"end":{"line":162,"column":8}}]},"27":{"line":163,"type":"if","locations":[{"start":{"line":163,"column":10},"end":{"line":163,"column":10}},{"start":{"line":163,"column":10},"end":{"line":163,"column":10}}]},"28":{"line":174,"type":"if","locations":[{"start":{"line":174,"column":8},"end":{"line":174,"column":8}},{"start":{"line":174,"column":8},"end":{"line":174,"column":8}}]},"29":{"line":174,"type":"binary-expr","locations":[{"start":{"line":174,"column":11},"end":{"line":174,"column":23}},{"start":{"line":174,"column":27},"end":{"line":174,"column":40}},{"start":{"line":174,"column":44},"end":{"line":174,"column":66}}]},"30":{"line":180,"type":"if","locations":[{"start":{"line":180,"column":8},"end":{"line":180,"column":8}},{"start":{"line":180,"column":8},"end":{"line":180,"column":8}}]},"31":{"line":186,"type":"if","locations":[{"start":{"line":186,"column":10},"end":{"line":186,"column":10}},{"start":{"line":186,"column":10},"end":{"line":186,"column":10}}]},"32":{"line":188,"type":"if","locations":[{"start":{"line":188,"column":14},"end":{"line":188,"column":14}},{"start":{"line":188,"column":14},"end":{"line":188,"column":14}}]},"33":{"line":195,"type":"if","locations":[{"start":{"line":195,"column":14},"end":{"line":195,"column":14}},{"start":{"line":195,"column":14},"end":{"line":195,"column":14}}]},"34":{"line":205,"type":"cond-expr","locations":[{"start":{"line":205,"column":44},"end":{"line":205,"column":62}},{"start":{"line":205,"column":65},"end":{"line":205,"column":69}}]},"35":{"line":213,"type":"if","locations":[{"start":{"line":213,"column":4},"end":{"line":213,"column":4}},{"start":{"line":213,"column":4},"end":{"line":213,"column":4}}]},"36":{"line":228,"type":"if","locations":[{"start":{"line":228,"column":4},"end":{"line":228,"column":4}},{"start":{"line":228,"column":4},"end":{"line":228,"column":4}}]},"37":{"line":232,"type":"if","locations":[{"start":{"line":232,"column":8},"end":{"line":232,"column":8}},{"start":{"line":232,"column":8},"end":{"line":232,"column":8}}]},"38":{"line":241,"type":"binary-expr","locations":[{"start":{"line":241,"column":14},"end":{"line":241,"column":40}},{"start":{"line":241,"column":44},"end":{"line":241,"column":57}}]},"39":{"line":249,"type":"cond-expr","locations":[{"start":{"line":249,"column":34},"end":{"line":249,"column":43}},{"start":{"line":249,"column":48},"end":{"line":249,"column":79}}]},"40":{"line":250,"type":"cond-expr","locations":[{"start":{"line":250,"column":24},"end":{"line":250,"column":27}},{"start":{"line":250,"column":30},"end":{"line":250,"column":32}}]},"41":{"line":254,"type":"binary-expr","locations":[{"start":{"line":254,"column":16},"end":{"line":254,"column":21}},{"start":{"line":254,"column":25},"end":{"line":254,"column":27}}]},"42":{"line":256,"type":"if","locations":[{"start":{"line":256,"column":8},"end":{"line":256,"column":8}},{"start":{"line":256,"column":8},"end":{"line":256,"column":8}}]},"43":{"line":262,"type":"if","locations":[{"start":{"line":262,"column":8},"end":{"line":262,"column":8}},{"start":{"line":262,"column":8},"end":{"line":262,"column":8}}]},"44":{"line":268,"type":"cond-expr","locations":[{"start":{"line":269,"column":12},"end":{"line":269,"column":23}},{"start":{"line":270,"column":13},"end":{"line":272,"column":40}}]},"45":{"line":270,"type":"cond-expr","locations":[{"start":{"line":271,"column":16},"end":{"line":271,"column":20}},{"start":{"line":272,"column":16},"end":{"line":272,"column":40}}]}}},"/Users/sergeyk/git/wdf/cacheit.js":{"path":"/Users/sergeyk/git/wdf/cacheit.js","s":{"1":1,"2":1,"3":5,"4":41,"5":29,"6":41},"b":{"1":[29,12]},"f":{"1":1,"2":5,"3":41},"fnMap":{"1":{"name":"(anonymous_1)","line":1,"loc":{"start":{"line":1,"column":1},"end":{"line":1,"column":11}}},"2":{"name":"(anonymous_2)","line":4,"loc":{"start":{"line":4,"column":19},"end":{"line":4,"column":42}}},"3":{"name":"(anonymous_3)","line":5,"loc":{"start":{"line":5,"column":11},"end":{"line":5,"column":21}}}},"statementMap":{"1":{"start":{"line":1,"column":0},"end":{"line":12,"column":5}},"2":{"start":{"line":4,"column":2},"end":{"line":11,"column":4}},"3":{"start":{"line":5,"column":4},"end":{"line":10,"column":6}},"4":{"start":{"line":6,"column":6},"end":{"line":8,"column":7}},"5":{"start":{"line":7,"column":8},"end":{"line":7,"column":51}},"6":{"start":{"line":9,"column":6},"end":{"line":9,"column":24}}},"branchMap":{"1":{"line":6,"type":"if","locations":[{"start":{"line":6,"column":6},"end":{"line":6,"column":6}},{"start":{"line":6,"column":6},"end":{"line":6,"column":6}}]}}}}