{"/Users/sergeyk/git/wdf/wdf/DataFrame.js":{"path":"/Users/sergeyk/git/wdf/wdf/DataFrame.js","s":{"1":1,"2":1,"3":1,"4":1,"5":75,"6":75,"7":75,"8":60,"9":75,"10":1,"11":0,"12":0,"13":1,"14":6,"15":6,"16":6,"17":6,"18":6,"19":6,"20":1,"21":82,"22":82,"23":82,"24":125,"25":82,"26":31,"27":84,"28":31,"29":42,"30":31,"31":168,"32":31,"33":0,"34":51,"35":51,"36":18,"37":51,"38":144,"39":1,"40":25,"41":25,"42":1,"43":126,"44":1,"45":90,"46":90,"47":72,"48":72,"49":72,"50":72,"51":90,"52":1,"53":280,"54":280,"55":3,"56":3,"57":3,"58":3,"59":3,"60":280,"61":1,"62":25,"63":60,"64":60,"65":24,"66":24,"67":60,"68":25,"69":1,"70":26,"71":26,"72":1,"73":25,"74":25,"75":25,"76":25,"77":25,"78":77,"79":77,"80":12,"81":12,"82":27,"83":65,"84":64,"85":280,"86":1,"87":24,"88":1,"89":12,"90":12,"91":1,"92":10,"93":10,"94":10,"95":10,"96":598,"97":598,"98":598,"99":598,"100":2,"101":2,"102":2,"103":596,"104":8,"105":8,"106":588,"107":63,"108":63,"109":525,"110":31,"111":31,"112":31,"113":494,"114":10,"115":1,"116":6,"117":6,"118":16,"119":10,"120":16,"121":6,"122":6,"123":16,"124":60,"125":44,"126":60,"127":60,"128":4,"129":4,"130":24,"131":24,"132":2,"133":24,"134":4,"135":56,"136":16,"137":6,"138":1,"139":10,"140":1,"141":4,"142":4,"143":4,"144":4,"145":1,"146":2,"147":2,"148":2,"149":2,"150":14,"151":14,"152":2,"153":1,"154":2,"155":12,"156":36,"157":1,"158":1,"159":1,"160":6,"161":6,"162":1,"163":2,"164":1,"165":2,"166":1,"167":11,"168":11,"169":11,"170":32,"171":11,"172":1,"173":19,"174":19,"175":19,"176":19,"177":19,"178":94,"179":19,"180":1,"181":14,"182":1,"183":109,"184":109,"185":109,"186":109,"187":1,"188":5,"189":5,"190":5,"191":1,"192":34,"193":1,"194":2,"195":2,"196":2,"197":1,"198":4,"199":1,"200":11,"201":11,"202":10,"203":34,"204":1,"205":1,"206":3,"207":16,"208":1,"209":5,"210":5,"211":15,"212":15,"213":14,"214":5,"215":1,"216":4,"217":4,"218":16,"219":16,"220":16,"221":12,"222":16,"223":4,"224":1,"225":2,"226":2,"227":2,"228":1,"229":1,"230":1,"231":2,"232":1},"b":{"1":[60,15],"2":[6,0],"3":[6,0],"4":[6,0],"5":[31,51],"6":[0,31],"7":[31,0],"8":[67,59],"9":[72,18],"10":[3,277],"11":[24,36],"12":[1,25],"13":[26,25],"14":[25,6],"15":[25,1],"16":[25,6],"17":[12,65],"18":[64,1],"19":[12,9],"20":[598,31],"21":[598,98],"22":[2,596],"23":[598,10,6],"24":[8,588],"25":[63,525],"26":[588,67],"27":[31,494],"28":[525,36],"29":[10,6],"30":[44,16],"31":[4,56],"32":[60,59,56],"33":[2,22],"34":[1,1],"35":[19,5],"36":[109,49],"37":[10,1],"38":[14,1],"39":[12,4]},"f":{"1":1,"2":75,"3":0,"4":6,"5":82,"6":125,"7":84,"8":42,"9":168,"10":18,"11":144,"12":25,"13":126,"14":90,"15":280,"16":25,"17":26,"18":12,"19":10,"20":6,"21":10,"22":4,"23":2,"24":14,"25":2,"26":12,"27":36,"28":1,"29":2,"30":2,"31":11,"32":32,"33":19,"34":94,"35":14,"36":109,"37":5,"38":34,"39":2,"40":4,"41":11,"42":34,"43":3,"44":5,"45":4,"46":2,"47":1,"48":2},"fnMap":{"1":{"name":"(anonymous_1)","line":4,"loc":{"start":{"line":4,"column":1},"end":{"line":4,"column":12}}},"2":{"name":"(anonymous_2)","line":14,"loc":{"start":{"line":14,"column":15},"end":{"line":14,"column":42}}},"3":{"name":"(anonymous_3)","line":23,"loc":{"start":{"line":23,"column":32},"end":{"line":23,"column":51}}},"4":{"name":"(anonymous_4)","line":29,"loc":{"start":{"line":29,"column":32},"end":{"line":29,"column":42}}},"5":{"name":"(anonymous_5)","line":40,"loc":{"start":{"line":40,"column":29},"end":{"line":40,"column":53}}},"6":{"name":"(anonymous_6)","line":43,"loc":{"start":{"line":43,"column":15},"end":{"line":43,"column":30}}},"7":{"name":"(anonymous_7)","line":47,"loc":{"start":{"line":47,"column":21},"end":{"line":47,"column":34}}},"8":{"name":"(anonymous_8)","line":50,"loc":{"start":{"line":50,"column":23},"end":{"line":50,"column":37}}},"9":{"name":"(anonymous_9)","line":53,"loc":{"start":{"line":53,"column":17},"end":{"line":53,"column":32}}},"10":{"name":"(anonymous_10)","line":61,"loc":{"start":{"line":61,"column":23},"end":{"line":61,"column":37}}},"11":{"name":"(anonymous_11)","line":64,"loc":{"start":{"line":64,"column":17},"end":{"line":64,"column":32}}},"12":{"name":"(anonymous_12)","line":71,"loc":{"start":{"line":71,"column":18},"end":{"line":71,"column":30}}},"13":{"name":"(anonymous_13)","line":77,"loc":{"start":{"line":77,"column":34},"end":{"line":77,"column":57}}},"14":{"name":"(anonymous_14)","line":82,"loc":{"start":{"line":82,"column":38},"end":{"line":82,"column":68}}},"15":{"name":"(anonymous_15)","line":94,"loc":{"start":{"line":94,"column":40},"end":{"line":94,"column":73}}},"16":{"name":"(anonymous_16)","line":107,"loc":{"start":{"line":107,"column":35},"end":{"line":107,"column":59}}},"17":{"name":"(anonymous_17)","line":128,"loc":{"start":{"line":128,"column":18},"end":{"line":128,"column":42}}},"18":{"name":"make_df_from_","line":155,"loc":{"start":{"line":155,"column":2},"end":{"line":155,"column":48}}},"19":{"name":"parse_csv_to_array_of_rows","line":159,"loc":{"start":{"line":159,"column":2},"end":{"line":159,"column":43}}},"20":{"name":"(anonymous_20)","line":191,"loc":{"start":{"line":191,"column":31},"end":{"line":191,"column":42}}},"21":{"name":"(anonymous_21)","line":233,"loc":{"start":{"line":233,"column":24},"end":{"line":233,"column":47}}},"22":{"name":"(anonymous_22)","line":238,"loc":{"start":{"line":238,"column":22},"end":{"line":238,"column":36}}},"23":{"name":"(anonymous_23)","line":245,"loc":{"start":{"line":245,"column":29},"end":{"line":245,"column":39}}},"24":{"name":"(anonymous_24)","line":249,"loc":{"start":{"line":249,"column":15},"end":{"line":249,"column":28}}},"25":{"name":"parse_dom_table_to_array_of_rows","line":256,"loc":{"start":{"line":256,"column":2},"end":{"line":256,"column":55}}},"26":{"name":"(anonymous_26)","line":257,"loc":{"start":{"line":257,"column":39},"end":{"line":257,"column":58}}},"27":{"name":"(anonymous_27)","line":258,"loc":{"start":{"line":258,"column":40},"end":{"line":258,"column":53}}},"28":{"name":"(anonymous_28)","line":264,"loc":{"start":{"line":264,"column":40},"end":{"line":264,"column":65}}},"29":{"name":"(anonymous_29)","line":278,"loc":{"start":{"line":278,"column":30},"end":{"line":278,"column":59}}},"30":{"name":"(anonymous_30)","line":282,"loc":{"start":{"line":282,"column":37},"end":{"line":282,"column":47}}},"31":{"name":"(anonymous_31)","line":292,"loc":{"start":{"line":292,"column":37},"end":{"line":292,"column":56}}},"32":{"name":"(anonymous_32)","line":295,"loc":{"start":{"line":295,"column":35},"end":{"line":295,"column":48}}},"33":{"name":"(anonymous_33)","line":305,"loc":{"start":{"line":305,"column":36},"end":{"line":305,"column":58}}},"34":{"name":"(anonymous_34)","line":310,"loc":{"start":{"line":310,"column":36},"end":{"line":310,"column":58}}},"35":{"name":"(anonymous_35)","line":321,"loc":{"start":{"line":321,"column":35},"end":{"line":321,"column":54}}},"36":{"name":"(anonymous_36)","line":331,"loc":{"start":{"line":331,"column":28},"end":{"line":331,"column":55}}},"37":{"name":"(anonymous_37)","line":343,"loc":{"start":{"line":343,"column":28},"end":{"line":343,"column":55}}},"38":{"name":"(anonymous_38)","line":352,"loc":{"start":{"line":352,"column":36},"end":{"line":352,"column":48}}},"39":{"name":"(anonymous_39)","line":358,"loc":{"start":{"line":358,"column":31},"end":{"line":358,"column":43}}},"40":{"name":"(anonymous_40)","line":366,"loc":{"start":{"line":366,"column":34},"end":{"line":366,"column":53}}},"41":{"name":"(anonymous_41)","line":373,"loc":{"start":{"line":373,"column":34},"end":{"line":373,"column":49}}},"42":{"name":"(anonymous_42)","line":376,"loc":{"start":{"line":376,"column":28},"end":{"line":376,"column":43}}},"43":{"name":"(anonymous_43)","line":387,"loc":{"start":{"line":387,"column":30},"end":{"line":387,"column":47}}},"44":{"name":"(anonymous_44)","line":399,"loc":{"start":{"line":399,"column":28},"end":{"line":399,"column":45}}},"45":{"name":"(anonymous_45)","line":420,"loc":{"start":{"line":420,"column":32},"end":{"line":420,"column":44}}},"46":{"name":"(anonymous_46)","line":433,"loc":{"start":{"line":433,"column":32},"end":{"line":433,"column":44}}},"47":{"name":"(anonymous_47)","line":439,"loc":{"start":{"line":439,"column":38},"end":{"line":439,"column":62}}},"48":{"name":"(anonymous_48)","line":449,"loc":{"start":{"line":449,"column":35},"end":{"line":449,"column":47}}}},"statementMap":{"1":{"start":{"line":4,"column":0},"end":{"line":456,"column":5}},"2":{"start":{"line":7,"column":2},"end":{"line":7,"column":30}},"3":{"start":{"line":8,"column":2},"end":{"line":8,"column":28}},"4":{"start":{"line":14,"column":2},"end":{"line":21,"column":4}},"5":{"start":{"line":15,"column":4},"end":{"line":15,"column":21}},"6":{"start":{"line":16,"column":4},"end":{"line":16,"column":19}},"7":{"start":{"line":17,"column":4},"end":{"line":19,"column":5}},"8":{"start":{"line":18,"column":6},"end":{"line":18,"column":29}},"9":{"start":{"line":20,"column":4},"end":{"line":20,"column":29}},"10":{"start":{"line":23,"column":2},"end":{"line":27,"column":4}},"11":{"start":{"line":24,"column":4},"end":{"line":26,"column":5}},"12":{"start":{"line":25,"column":6},"end":{"line":25,"column":66}},"13":{"start":{"line":29,"column":2},"end":{"line":38,"column":4}},"14":{"start":{"line":30,"column":4},"end":{"line":37,"column":5}},"15":{"start":{"line":31,"column":6},"end":{"line":31,"column":62}},"16":{"start":{"line":32,"column":6},"end":{"line":32,"column":50}},"17":{"start":{"line":33,"column":6},"end":{"line":36,"column":7}},"18":{"start":{"line":34,"column":8},"end":{"line":34,"column":40}},"19":{"start":{"line":35,"column":8},"end":{"line":35,"column":33}},"20":{"start":{"line":40,"column":2},"end":{"line":68,"column":4}},"21":{"start":{"line":41,"column":4},"end":{"line":41,"column":32}},"22":{"start":{"line":42,"column":4},"end":{"line":42,"column":36}},"23":{"start":{"line":43,"column":4},"end":{"line":45,"column":6}},"24":{"start":{"line":44,"column":6},"end":{"line":44,"column":28}},"25":{"start":{"line":46,"column":4},"end":{"line":67,"column":5}},"26":{"start":{"line":47,"column":6},"end":{"line":49,"column":8}},"27":{"start":{"line":48,"column":8},"end":{"line":48,"column":49}},"28":{"start":{"line":50,"column":6},"end":{"line":52,"column":8}},"29":{"start":{"line":51,"column":8},"end":{"line":51,"column":51}},"30":{"start":{"line":53,"column":6},"end":{"line":55,"column":8}},"31":{"start":{"line":54,"column":8},"end":{"line":54,"column":45}},"32":{"start":{"line":56,"column":6},"end":{"line":58,"column":7}},"33":{"start":{"line":57,"column":8},"end":{"line":57,"column":37}},"34":{"start":{"line":60,"column":6},"end":{"line":60,"column":31}},"35":{"start":{"line":61,"column":6},"end":{"line":63,"column":8}},"36":{"start":{"line":62,"column":8},"end":{"line":62,"column":48}},"37":{"start":{"line":64,"column":6},"end":{"line":66,"column":8}},"38":{"start":{"line":65,"column":8},"end":{"line":65,"column":27}},"39":{"start":{"line":71,"column":2},"end":{"line":74,"column":4}},"40":{"start":{"line":72,"column":4},"end":{"line":72,"column":22}},"41":{"start":{"line":73,"column":4},"end":{"line":73,"column":21}},"42":{"start":{"line":77,"column":2},"end":{"line":79,"column":4}},"43":{"start":{"line":78,"column":4},"end":{"line":78,"column":80}},"44":{"start":{"line":82,"column":2},"end":{"line":91,"column":4}},"45":{"start":{"line":83,"column":4},"end":{"line":83,"column":30}},"46":{"start":{"line":84,"column":4},"end":{"line":89,"column":5}},"47":{"start":{"line":85,"column":6},"end":{"line":85,"column":41}},"48":{"start":{"line":86,"column":6},"end":{"line":86,"column":38}},"49":{"start":{"line":87,"column":6},"end":{"line":87,"column":27}},"50":{"start":{"line":88,"column":6},"end":{"line":88,"column":28}},"51":{"start":{"line":90,"column":4},"end":{"line":90,"column":13}},"52":{"start":{"line":94,"column":2},"end":{"line":104,"column":4}},"53":{"start":{"line":95,"column":4},"end":{"line":95,"column":34}},"54":{"start":{"line":96,"column":4},"end":{"line":102,"column":5}},"55":{"start":{"line":97,"column":6},"end":{"line":97,"column":31}},"56":{"start":{"line":98,"column":6},"end":{"line":98,"column":41}},"57":{"start":{"line":99,"column":6},"end":{"line":99,"column":26}},"58":{"start":{"line":100,"column":6},"end":{"line":100,"column":32}},"59":{"start":{"line":101,"column":6},"end":{"line":101,"column":28}},"60":{"start":{"line":103,"column":4},"end":{"line":103,"column":13}},"61":{"start":{"line":107,"column":2},"end":{"line":117,"column":4}},"62":{"start":{"line":108,"column":4},"end":{"line":115,"column":5}},"63":{"start":{"line":109,"column":6},"end":{"line":109,"column":31}},"64":{"start":{"line":110,"column":6},"end":{"line":113,"column":7}},"65":{"start":{"line":111,"column":8},"end":{"line":111,"column":28}},"66":{"start":{"line":112,"column":8},"end":{"line":112,"column":43}},"67":{"start":{"line":114,"column":6},"end":{"line":114,"column":45}},"68":{"start":{"line":116,"column":4},"end":{"line":116,"column":16}},"69":{"start":{"line":128,"column":2},"end":{"line":153,"column":4}},"70":{"start":{"line":129,"column":4},"end":{"line":129,"column":19}},"71":{"start":{"line":130,"column":4},"end":{"line":132,"column":5}},"72":{"start":{"line":131,"column":6},"end":{"line":131,"column":41}},"73":{"start":{"line":133,"column":4},"end":{"line":133,"column":26}},"74":{"start":{"line":134,"column":4},"end":{"line":134,"column":22}},"75":{"start":{"line":135,"column":4},"end":{"line":135,"column":83}},"76":{"start":{"line":136,"column":4},"end":{"line":136,"column":38}},"77":{"start":{"line":137,"column":4},"end":{"line":151,"column":5}},"78":{"start":{"line":138,"column":6},"end":{"line":138,"column":31}},"79":{"start":{"line":139,"column":6},"end":{"line":150,"column":7}},"80":{"start":{"line":140,"column":8},"end":{"line":140,"column":41}},"81":{"start":{"line":141,"column":8},"end":{"line":143,"column":9}},"82":{"start":{"line":142,"column":10},"end":{"line":142,"column":76}},"83":{"start":{"line":144,"column":13},"end":{"line":150,"column":7}},"84":{"start":{"line":145,"column":8},"end":{"line":147,"column":9}},"85":{"start":{"line":146,"column":10},"end":{"line":146,"column":78}},"86":{"start":{"line":149,"column":8},"end":{"line":149,"column":73}},"87":{"start":{"line":152,"column":4},"end":{"line":152,"column":15}},"88":{"start":{"line":155,"column":2},"end":{"line":158,"column":3}},"89":{"start":{"line":156,"column":4},"end":{"line":156,"column":56}},"90":{"start":{"line":157,"column":4},"end":{"line":157,"column":48}},"91":{"start":{"line":159,"column":2},"end":{"line":189,"column":3}},"92":{"start":{"line":160,"column":4},"end":{"line":160,"column":17}},"93":{"start":{"line":161,"column":4},"end":{"line":161,"column":22}},"94":{"start":{"line":163,"column":4},"end":{"line":163,"column":20}},"95":{"start":{"line":164,"column":4},"end":{"line":187,"column":5}},"96":{"start":{"line":165,"column":6},"end":{"line":165,"column":39}},"97":{"start":{"line":166,"column":6},"end":{"line":166,"column":32}},"98":{"start":{"line":167,"column":6},"end":{"line":167,"column":42}},"99":{"start":{"line":168,"column":6},"end":{"line":172,"column":7}},"100":{"start":{"line":169,"column":8},"end":{"line":169,"column":28}},"101":{"start":{"line":170,"column":8},"end":{"line":170,"column":12}},"102":{"start":{"line":171,"column":8},"end":{"line":171,"column":17}},"103":{"start":{"line":173,"column":6},"end":{"line":176,"column":7}},"104":{"start":{"line":174,"column":8},"end":{"line":174,"column":23}},"105":{"start":{"line":175,"column":8},"end":{"line":175,"column":17}},"106":{"start":{"line":177,"column":6},"end":{"line":180,"column":7}},"107":{"start":{"line":178,"column":8},"end":{"line":178,"column":14}},"108":{"start":{"line":179,"column":8},"end":{"line":179,"column":17}},"109":{"start":{"line":181,"column":6},"end":{"line":185,"column":7}},"110":{"start":{"line":182,"column":8},"end":{"line":182,"column":14}},"111":{"start":{"line":183,"column":8},"end":{"line":183,"column":16}},"112":{"start":{"line":184,"column":8},"end":{"line":184,"column":17}},"113":{"start":{"line":186,"column":6},"end":{"line":186,"column":26}},"114":{"start":{"line":188,"column":4},"end":{"line":188,"column":15}},"115":{"start":{"line":191,"column":2},"end":{"line":225,"column":4}},"116":{"start":{"line":192,"column":4},"end":{"line":192,"column":32}},"117":{"start":{"line":193,"column":4},"end":{"line":198,"column":5}},"118":{"start":{"line":194,"column":6},"end":{"line":196,"column":7}},"119":{"start":{"line":195,"column":8},"end":{"line":195,"column":17}},"120":{"start":{"line":197,"column":6},"end":{"line":197,"column":43}},"121":{"start":{"line":199,"column":4},"end":{"line":199,"column":13}},"122":{"start":{"line":200,"column":4},"end":{"line":223,"column":5}},"123":{"start":{"line":201,"column":6},"end":{"line":221,"column":7}},"124":{"start":{"line":202,"column":8},"end":{"line":204,"column":9}},"125":{"start":{"line":203,"column":10},"end":{"line":203,"column":19}},"126":{"start":{"line":205,"column":8},"end":{"line":205,"column":42}},"127":{"start":{"line":206,"column":8},"end":{"line":220,"column":9}},"128":{"start":{"line":209,"column":10},"end":{"line":209,"column":17}},"129":{"start":{"line":210,"column":10},"end":{"line":216,"column":11}},"130":{"start":{"line":211,"column":12},"end":{"line":211,"column":22}},"131":{"start":{"line":212,"column":12},"end":{"line":214,"column":13}},"132":{"start":{"line":213,"column":14},"end":{"line":213,"column":22}},"133":{"start":{"line":215,"column":12},"end":{"line":215,"column":19}},"134":{"start":{"line":217,"column":10},"end":{"line":217,"column":17}},"135":{"start":{"line":219,"column":10},"end":{"line":219,"column":16}},"136":{"start":{"line":222,"column":6},"end":{"line":222,"column":15}},"137":{"start":{"line":224,"column":4},"end":{"line":224,"column":13}},"138":{"start":{"line":233,"column":2},"end":{"line":235,"column":4}},"139":{"start":{"line":234,"column":4},"end":{"line":234,"column":66}},"140":{"start":{"line":238,"column":2},"end":{"line":243,"column":4}},"141":{"start":{"line":239,"column":4},"end":{"line":239,"column":30}},"142":{"start":{"line":240,"column":4},"end":{"line":240,"column":41}},"143":{"start":{"line":241,"column":4},"end":{"line":241,"column":63}},"144":{"start":{"line":242,"column":4},"end":{"line":242,"column":38}},"145":{"start":{"line":245,"column":2},"end":{"line":254,"column":4}},"146":{"start":{"line":246,"column":4},"end":{"line":246,"column":15}},"147":{"start":{"line":247,"column":4},"end":{"line":247,"column":40}},"148":{"start":{"line":248,"column":4},"end":{"line":248,"column":12}},"149":{"start":{"line":249,"column":4},"end":{"line":252,"column":7}},"150":{"start":{"line":250,"column":6},"end":{"line":250,"column":46}},"151":{"start":{"line":251,"column":6},"end":{"line":251,"column":14}},"152":{"start":{"line":253,"column":4},"end":{"line":253,"column":13}},"153":{"start":{"line":256,"column":2},"end":{"line":262,"column":3}},"154":{"start":{"line":257,"column":4},"end":{"line":261,"column":7}},"155":{"start":{"line":258,"column":6},"end":{"line":260,"column":9}},"156":{"start":{"line":259,"column":8},"end":{"line":259,"column":29}},"157":{"start":{"line":264,"column":2},"end":{"line":270,"column":4}},"158":{"start":{"line":265,"column":4},"end":{"line":265,"column":63}},"159":{"start":{"line":266,"column":4},"end":{"line":269,"column":5}},"160":{"start":{"line":267,"column":6},"end":{"line":267,"column":58}},"161":{"start":{"line":268,"column":6},"end":{"line":268,"column":23}},"162":{"start":{"line":278,"column":2},"end":{"line":280,"column":4}},"163":{"start":{"line":279,"column":4},"end":{"line":279,"column":78}},"164":{"start":{"line":282,"column":2},"end":{"line":284,"column":4}},"165":{"start":{"line":283,"column":4},"end":{"line":283,"column":46}},"166":{"start":{"line":292,"column":2},"end":{"line":299,"column":4}},"167":{"start":{"line":293,"column":4},"end":{"line":293,"column":37}},"168":{"start":{"line":294,"column":4},"end":{"line":294,"column":21}},"169":{"start":{"line":295,"column":4},"end":{"line":297,"column":11}},"170":{"start":{"line":296,"column":10},"end":{"line":296,"column":41}},"171":{"start":{"line":298,"column":4},"end":{"line":298,"column":18}},"172":{"start":{"line":305,"column":2},"end":{"line":314,"column":4}},"173":{"start":{"line":306,"column":4},"end":{"line":306,"column":21}},"174":{"start":{"line":307,"column":4},"end":{"line":307,"column":37}},"175":{"start":{"line":308,"column":4},"end":{"line":308,"column":20}},"176":{"start":{"line":309,"column":4},"end":{"line":309,"column":51}},"177":{"start":{"line":310,"column":4},"end":{"line":312,"column":11}},"178":{"start":{"line":311,"column":10},"end":{"line":311,"column":42}},"179":{"start":{"line":313,"column":4},"end":{"line":313,"column":18}},"180":{"start":{"line":321,"column":2},"end":{"line":323,"column":4}},"181":{"start":{"line":322,"column":4},"end":{"line":322,"column":47}},"182":{"start":{"line":331,"column":2},"end":{"line":336,"column":4}},"183":{"start":{"line":332,"column":4},"end":{"line":332,"column":22}},"184":{"start":{"line":333,"column":4},"end":{"line":333,"column":37}},"185":{"start":{"line":334,"column":4},"end":{"line":334,"column":42}},"186":{"start":{"line":335,"column":4},"end":{"line":335,"column":25}},"187":{"start":{"line":343,"column":2},"end":{"line":347,"column":4}},"188":{"start":{"line":344,"column":4},"end":{"line":344,"column":37}},"189":{"start":{"line":345,"column":4},"end":{"line":345,"column":42}},"190":{"start":{"line":346,"column":4},"end":{"line":346,"column":20}},"191":{"start":{"line":352,"column":2},"end":{"line":354,"column":4}},"192":{"start":{"line":353,"column":4},"end":{"line":353,"column":29}},"193":{"start":{"line":358,"column":2},"end":{"line":362,"column":4}},"194":{"start":{"line":359,"column":4},"end":{"line":359,"column":40}},"195":{"start":{"line":360,"column":4},"end":{"line":360,"column":42}},"196":{"start":{"line":361,"column":4},"end":{"line":361,"column":23}},"197":{"start":{"line":366,"column":2},"end":{"line":368,"column":4}},"198":{"start":{"line":367,"column":4},"end":{"line":367,"column":34}},"199":{"start":{"line":373,"column":2},"end":{"line":381,"column":4}},"200":{"start":{"line":374,"column":4},"end":{"line":374,"column":42}},"201":{"start":{"line":375,"column":4},"end":{"line":379,"column":5}},"202":{"start":{"line":376,"column":6},"end":{"line":378,"column":9}},"203":{"start":{"line":377,"column":8},"end":{"line":377,"column":26}},"204":{"start":{"line":380,"column":4},"end":{"line":380,"column":21}},"205":{"start":{"line":387,"column":2},"end":{"line":391,"column":4}},"206":{"start":{"line":388,"column":4},"end":{"line":390,"column":5}},"207":{"start":{"line":389,"column":6},"end":{"line":389,"column":32}},"208":{"start":{"line":399,"column":2},"end":{"line":408,"column":4}},"209":{"start":{"line":400,"column":4},"end":{"line":400,"column":26}},"210":{"start":{"line":401,"column":4},"end":{"line":406,"column":5}},"211":{"start":{"line":402,"column":6},"end":{"line":402,"column":36}},"212":{"start":{"line":403,"column":6},"end":{"line":405,"column":7}},"213":{"start":{"line":404,"column":8},"end":{"line":404,"column":26}},"214":{"start":{"line":407,"column":4},"end":{"line":407,"column":21}},"215":{"start":{"line":420,"column":2},"end":{"line":431,"column":4}},"216":{"start":{"line":421,"column":4},"end":{"line":421,"column":33}},"217":{"start":{"line":422,"column":4},"end":{"line":429,"column":5}},"218":{"start":{"line":423,"column":6},"end":{"line":423,"column":47}},"219":{"start":{"line":424,"column":6},"end":{"line":424,"column":40}},"220":{"start":{"line":425,"column":6},"end":{"line":427,"column":7}},"221":{"start":{"line":426,"column":8},"end":{"line":426,"column":40}},"222":{"start":{"line":428,"column":6},"end":{"line":428,"column":35}},"223":{"start":{"line":430,"column":4},"end":{"line":430,"column":18}},"224":{"start":{"line":433,"column":2},"end":{"line":437,"column":4}},"225":{"start":{"line":434,"column":4},"end":{"line":434,"column":50}},"226":{"start":{"line":435,"column":4},"end":{"line":435,"column":43}},"227":{"start":{"line":436,"column":4},"end":{"line":436,"column":13}},"228":{"start":{"line":439,"column":2},"end":{"line":441,"column":4}},"229":{"start":{"line":440,"column":4},"end":{"line":440,"column":52}},"230":{"start":{"line":449,"column":2},"end":{"line":451,"column":4}},"231":{"start":{"line":450,"column":4},"end":{"line":450,"column":41}},"232":{"start":{"line":453,"column":2},"end":{"line":453,"column":29}}},"branchMap":{"1":{"line":17,"type":"if","locations":[{"start":{"line":17,"column":4},"end":{"line":17,"column":4}},{"start":{"line":17,"column":4},"end":{"line":17,"column":4}}]},"2":{"line":30,"type":"if","locations":[{"start":{"line":30,"column":4},"end":{"line":30,"column":4}},{"start":{"line":30,"column":4},"end":{"line":30,"column":4}}]},"3":{"line":30,"type":"binary-expr","locations":[{"start":{"line":30,"column":8},"end":{"line":30,"column":31}},{"start":{"line":30,"column":35},"end":{"line":30,"column":62}}]},"4":{"line":33,"type":"if","locations":[{"start":{"line":33,"column":6},"end":{"line":33,"column":6}},{"start":{"line":33,"column":6},"end":{"line":33,"column":6}}]},"5":{"line":46,"type":"if","locations":[{"start":{"line":46,"column":4},"end":{"line":46,"column":4}},{"start":{"line":46,"column":4},"end":{"line":46,"column":4}}]},"6":{"line":56,"type":"if","locations":[{"start":{"line":56,"column":6},"end":{"line":56,"column":6}},{"start":{"line":56,"column":6},"end":{"line":56,"column":6}}]},"7":{"line":56,"type":"binary-expr","locations":[{"start":{"line":56,"column":9},"end":{"line":56,"column":18}},{"start":{"line":56,"column":22},"end":{"line":56,"column":48}}]},"8":{"line":78,"type":"cond-expr","locations":[{"start":{"line":78,"column":38},"end":{"line":78,"column":50}},{"start":{"line":78,"column":53},"end":{"line":78,"column":64}}]},"9":{"line":84,"type":"if","locations":[{"start":{"line":84,"column":4},"end":{"line":84,"column":4}},{"start":{"line":84,"column":4},"end":{"line":84,"column":4}}]},"10":{"line":96,"type":"if","locations":[{"start":{"line":96,"column":4},"end":{"line":96,"column":4}},{"start":{"line":96,"column":4},"end":{"line":96,"column":4}}]},"11":{"line":110,"type":"if","locations":[{"start":{"line":110,"column":6},"end":{"line":110,"column":6}},{"start":{"line":110,"column":6},"end":{"line":110,"column":6}}]},"12":{"line":130,"type":"if","locations":[{"start":{"line":130,"column":4},"end":{"line":130,"column":4}},{"start":{"line":130,"column":4},"end":{"line":130,"column":4}}]},"13":{"line":130,"type":"binary-expr","locations":[{"start":{"line":130,"column":8},"end":{"line":130,"column":26}},{"start":{"line":130,"column":30},"end":{"line":130,"column":59}}]},"14":{"line":133,"type":"binary-expr","locations":[{"start":{"line":133,"column":13},"end":{"line":133,"column":19}},{"start":{"line":133,"column":23},"end":{"line":133,"column":25}}]},"15":{"line":134,"type":"binary-expr","locations":[{"start":{"line":134,"column":11},"end":{"line":134,"column":15}},{"start":{"line":134,"column":19},"end":{"line":134,"column":21}}]},"16":{"line":135,"type":"binary-expr","locations":[{"start":{"line":135,"column":48},"end":{"line":135,"column":62}},{"start":{"line":135,"column":66},"end":{"line":135,"column":68}}]},"17":{"line":139,"type":"if","locations":[{"start":{"line":139,"column":6},"end":{"line":139,"column":6}},{"start":{"line":139,"column":6},"end":{"line":139,"column":6}}]},"18":{"line":144,"type":"if","locations":[{"start":{"line":144,"column":13},"end":{"line":144,"column":13}},{"start":{"line":144,"column":13},"end":{"line":144,"column":13}}]},"19":{"line":156,"type":"binary-expr","locations":[{"start":{"line":156,"column":13},"end":{"line":156,"column":19}},{"start":{"line":156,"column":23},"end":{"line":156,"column":55}}]},"20":{"line":166,"type":"binary-expr","locations":[{"start":{"line":166,"column":17},"end":{"line":166,"column":25}},{"start":{"line":166,"column":29},"end":{"line":166,"column":31}}]},"21":{"line":167,"type":"binary-expr","locations":[{"start":{"line":167,"column":22},"end":{"line":167,"column":35}},{"start":{"line":167,"column":39},"end":{"line":167,"column":41}}]},"22":{"line":168,"type":"if","locations":[{"start":{"line":168,"column":6},"end":{"line":168,"column":6}},{"start":{"line":168,"column":6},"end":{"line":168,"column":6}}]},"23":{"line":168,"type":"binary-expr","locations":[{"start":{"line":168,"column":10},"end":{"line":168,"column":20}},{"start":{"line":168,"column":24},"end":{"line":168,"column":29}},{"start":{"line":168,"column":33},"end":{"line":168,"column":43}}]},"24":{"line":173,"type":"if","locations":[{"start":{"line":173,"column":6},"end":{"line":173,"column":6}},{"start":{"line":173,"column":6},"end":{"line":173,"column":6}}]},"25":{"line":177,"type":"if","locations":[{"start":{"line":177,"column":6},"end":{"line":177,"column":6}},{"start":{"line":177,"column":6},"end":{"line":177,"column":6}}]},"26":{"line":177,"type":"binary-expr","locations":[{"start":{"line":177,"column":10},"end":{"line":177,"column":20}},{"start":{"line":177,"column":24},"end":{"line":177,"column":30}}]},"27":{"line":181,"type":"if","locations":[{"start":{"line":181,"column":6},"end":{"line":181,"column":6}},{"start":{"line":181,"column":6},"end":{"line":181,"column":6}}]},"28":{"line":181,"type":"binary-expr","locations":[{"start":{"line":181,"column":10},"end":{"line":181,"column":21}},{"start":{"line":181,"column":25},"end":{"line":181,"column":31}}]},"29":{"line":194,"type":"if","locations":[{"start":{"line":194,"column":6},"end":{"line":194,"column":6}},{"start":{"line":194,"column":6},"end":{"line":194,"column":6}}]},"30":{"line":202,"type":"if","locations":[{"start":{"line":202,"column":8},"end":{"line":202,"column":8}},{"start":{"line":202,"column":8},"end":{"line":202,"column":8}}]},"31":{"line":206,"type":"if","locations":[{"start":{"line":206,"column":8},"end":{"line":206,"column":8}},{"start":{"line":206,"column":8},"end":{"line":206,"column":8}}]},"32":{"line":206,"type":"binary-expr","locations":[{"start":{"line":206,"column":12},"end":{"line":206,"column":31}},{"start":{"line":207,"column":12},"end":{"line":207,"column":31}},{"start":{"line":208,"column":12},"end":{"line":208,"column":32}}]},"33":{"line":212,"type":"if","locations":[{"start":{"line":212,"column":12},"end":{"line":212,"column":12}},{"start":{"line":212,"column":12},"end":{"line":212,"column":12}}]},"34":{"line":265,"type":"binary-expr","locations":[{"start":{"line":265,"column":22},"end":{"line":265,"column":37}},{"start":{"line":265,"column":41},"end":{"line":265,"column":62}}]},"35":{"line":306,"type":"binary-expr","locations":[{"start":{"line":306,"column":9},"end":{"line":306,"column":11}},{"start":{"line":306,"column":15},"end":{"line":306,"column":20}}]},"36":{"line":332,"type":"binary-expr","locations":[{"start":{"line":332,"column":9},"end":{"line":332,"column":11}},{"start":{"line":332,"column":15},"end":{"line":332,"column":20}}]},"37":{"line":375,"type":"if","locations":[{"start":{"line":375,"column":4},"end":{"line":375,"column":4}},{"start":{"line":375,"column":4},"end":{"line":375,"column":4}}]},"38":{"line":403,"type":"if","locations":[{"start":{"line":403,"column":6},"end":{"line":403,"column":6}},{"start":{"line":403,"column":6},"end":{"line":403,"column":6}}]},"39":{"line":425,"type":"if","locations":[{"start":{"line":425,"column":6},"end":{"line":425,"column":6}},{"start":{"line":425,"column":6},"end":{"line":425,"column":6}}]}}},"/Users/sergeyk/git/wdf/wdf/utils.js":{"path":"/Users/sergeyk/git/wdf/wdf/utils.js","s":{"1":1,"2":1,"3":1,"4":1,"5":5,"6":1,"7":43,"8":42,"9":97,"10":1,"11":903,"12":1,"13":14,"14":1,"15":6,"16":1,"17":14,"18":1,"19":32,"20":1,"21":35,"22":14,"23":21,"24":1,"25":1,"26":1,"27":1,"28":3,"29":3,"30":2,"31":1,"32":0,"33":1,"34":1,"35":1,"36":1,"37":1,"38":4,"39":4,"40":1,"41":2,"42":5,"43":1,"44":1,"45":1,"46":3,"47":5,"48":5,"49":2,"50":1,"51":1,"52":14,"53":1,"54":13,"55":13,"56":13,"57":7,"58":6,"59":1,"60":22,"61":61,"62":22,"63":22,"64":22,"65":22,"66":61,"67":61,"68":61,"69":33,"70":28,"71":21,"72":7,"73":15,"74":1,"75":2,"76":2,"77":8,"78":2,"79":1,"80":1,"81":1,"82":2,"83":2,"84":2,"85":2,"86":1,"87":1,"88":0,"89":1,"90":1,"91":2,"92":2,"93":1,"94":8,"95":8,"96":4,"97":12,"98":8,"99":4,"100":8,"101":8,"102":5,"103":20,"104":8,"105":8,"106":8,"107":8,"108":32,"109":24,"110":32,"111":32,"112":32,"113":8,"114":1,"115":2,"116":2,"117":5,"118":2,"119":1,"120":1,"121":4,"122":1,"123":1,"124":3,"125":1,"126":44,"127":1,"128":6,"129":6,"130":6,"131":5,"132":5,"133":6,"134":1,"135":5,"136":6,"137":6,"138":6,"139":6,"140":1,"141":1,"142":51,"143":48,"144":48,"145":4,"146":1,"147":10,"148":10,"149":7,"150":10,"151":1,"152":371,"153":371,"154":70,"155":371,"156":1,"157":1,"158":1,"159":7,"160":7,"161":17,"162":7,"163":1,"164":9,"165":9,"166":9,"167":9,"168":52,"169":43,"170":52,"171":52,"172":51,"173":9,"174":9,"175":1,"176":203,"177":202,"178":1,"179":1,"180":260,"181":1700,"182":1700,"183":203,"184":203,"185":1013,"186":203,"187":203,"188":57,"189":1,"190":249,"191":249,"192":249,"193":192,"194":192,"195":192,"196":176,"197":16,"198":5,"199":68,"200":1,"201":1,"202":1,"203":69,"204":1,"205":1,"206":70,"207":70,"208":70,"209":70,"210":70,"211":70,"212":70,"213":371,"214":301,"215":371,"216":371,"217":70,"218":1,"219":10,"220":1,"221":1,"222":1,"223":4,"224":0,"225":0,"226":0,"227":4,"228":0,"229":4,"230":3,"231":3,"232":3,"233":3,"234":3,"235":3,"236":3,"237":1,"238":1,"239":2,"240":1,"241":1,"242":1,"243":1,"244":3,"245":2,"246":2,"247":5,"248":5,"249":3,"250":1,"251":2,"252":1,"253":3,"254":1,"255":1,"256":1,"257":1,"258":1,"259":1,"260":1,"261":1,"262":1,"263":0,"264":1,"265":1,"266":1,"267":29,"268":1,"269":17,"270":17,"271":15,"272":17,"273":1,"274":0,"275":8,"276":9,"277":15,"278":0,"279":0,"280":0,"281":1,"282":7,"283":7,"284":7,"285":3,"286":3,"287":3,"288":3,"289":3,"290":3,"291":3,"292":7,"293":4,"294":4,"295":8,"296":8,"297":6,"298":3,"299":0,"300":7,"301":1,"302":66,"303":1,"304":6,"305":6,"306":80,"307":80,"308":215,"309":215,"310":73,"311":73,"312":80,"313":1,"314":12,"315":149,"316":1,"317":1,"318":11,"319":1,"320":1,"321":6,"322":1,"323":1,"324":1,"325":0,"326":0,"327":1,"328":0,"329":0,"330":1,"331":6,"332":6,"333":6,"334":6,"335":1,"336":1,"337":6,"338":6,"339":58,"340":6,"341":6,"342":3,"343":6,"344":6,"345":275,"346":84,"347":191,"348":191,"349":191,"350":24,"351":167,"352":167,"353":135,"354":32,"355":32,"356":11,"357":21,"358":21,"359":131,"360":6,"361":1,"362":6,"363":6,"364":1,"365":1,"366":1,"367":6,"368":6,"369":1,"370":6,"371":6,"372":1,"373":1,"374":1,"375":1,"376":1,"377":458,"378":275,"379":68,"380":26,"381":18,"382":0,"383":11,"384":42,"385":1,"386":47,"387":16,"388":73,"389":11,"390":62,"391":62,"392":62,"393":29,"394":33,"395":14,"396":14,"397":5,"398":28,"399":3,"400":0,"401":73,"402":3,"403":1,"404":17,"405":17,"406":102,"407":17,"408":85,"409":17,"410":73,"411":9,"412":73,"413":168,"414":168,"415":168,"416":168,"417":22,"418":168,"419":59,"420":59,"421":109,"422":109,"423":17,"424":1,"425":109,"426":624,"427":624,"428":624,"429":89,"430":20,"431":1,"432":16,"433":16,"434":3,"435":13,"436":27,"437":13,"438":1,"439":106},"b":{"1":[5,5,3,2],"2":[903,871],"3":[14,11,8,6,5],"4":[6,4,4],"5":[14,12,3],"6":[32,32],"7":[14,21],"8":[35,35],"9":[1,1],"10":[1,0],"11":[2,1],"12":[0,1],"13":[4,0],"14":[2,3],"15":[1,13],"16":[14,13],"17":[13,0],"18":[7,6],"19":[22,22],"20":[33,28],"21":[21,7],"22":[0,8],"23":[2,0],"24":[2,0],"25":[2,6],"26":[8,6],"27":[4,4],"28":[4,4],"29":[5,3],"30":[10,10],"31":[20,15],"32":[24,8],"33":[7,7],"34":[0,44],"35":[27,17],"36":[6,5],"37":[6,0],"38":[5,1],"39":[0,5],"40":[5,0],"41":[1,5],"42":[6,0],"43":[45,3],"44":[4,44],"45":[4,3],"46":[7,3],"47":[43,9],"48":[51,1],"49":[202,1],"50":[203,1497],"51":[249,0],"52":[192,57],"53":[176,16],"54":[5,11],"55":[70,68],"56":[301,70],"57":[371,0],"58":[0,4],"59":[0,0],"60":[0,4],"61":[3,1],"62":[2,1],"63":[1,1],"64":[1,0],"65":[2,1],"66":[5,0],"67":[32,29],"68":[3,0],"69":[4,3],"70":[6,2],"71":[0,3],"72":[7,59],"73":[24,35],"74":[73,142],"75":[4,145],"76":[1,3],"77":[10,135],"78":[0,0],"79":[34,24],"80":[3,3],"81":[84,191],"82":[191,99],"83":[24,167],"84":[135,32],"85":[11,21],"86":[32,20],"87":[21,110],"88":[6,0],"89":[6,0],"90":[458,30],"91":[26,249],"92":[275,261],"93":[12,14],"94":[26,17],"95":[9,9],"96":[4,38],"97":[12,35],"98":[4,12],"99":[11,62],"100":[73,71],"101":[62,0],"102":[29,33],"103":[14,19],"104":[5,9],"105":[1,2],"106":[0,0],"107":[0,0],"108":[0,0],"109":[73,73],"110":[1,2],"111":[9,64],"112":[22,146],"113":[59,109],"114":[624,0],"115":[89,535],"116":[3,13],"117":[13,14],"118":[30,76]},"f":{"1":1,"2":5,"3":43,"4":97,"5":903,"6":14,"7":6,"8":14,"9":32,"10":35,"11":1,"12":3,"13":1,"14":4,"15":2,"16":5,"17":1,"18":3,"19":14,"20":22,"21":61,"22":2,"23":1,"24":0,"25":1,"26":8,"27":12,"28":20,"29":2,"30":1,"31":4,"32":1,"33":3,"34":44,"35":6,"36":6,"37":48,"38":51,"39":10,"40":371,"41":7,"42":203,"43":260,"44":249,"45":1,"46":69,"47":70,"48":70,"49":10,"50":1,"51":4,"52":2,"53":3,"54":2,"55":3,"56":1,"57":1,"58":1,"59":0,"60":1,"61":29,"62":17,"63":0,"64":8,"65":9,"66":15,"67":0,"68":0,"69":0,"70":7,"71":3,"72":8,"73":66,"74":6,"75":80,"76":12,"77":149,"78":1,"79":11,"80":1,"81":6,"82":1,"83":0,"84":0,"85":0,"86":0,"87":6,"88":6,"89":58,"90":275,"91":131,"92":6,"93":1,"94":458,"95":275,"96":68,"97":26,"98":18,"99":0,"100":11,"101":42,"102":47,"103":16,"104":73,"105":3,"106":0,"107":73,"108":3,"109":17,"110":102,"111":85,"112":73,"113":109,"114":16,"115":106},"fnMap":{"1":{"name":"(anonymous_1)","line":6,"loc":{"start":{"line":6,"column":1},"end":{"line":6,"column":12}}},"2":{"name":"(anonymous_2)","line":18,"loc":{"start":{"line":18,"column":14},"end":{"line":18,"column":26}}},"3":{"name":"(anonymous_3)","line":27,"loc":{"start":{"line":27,"column":15},"end":{"line":27,"column":48}}},"4":{"name":"(anonymous_4)","line":30,"loc":{"start":{"line":30,"column":8},"end":{"line":30,"column":19}}},"5":{"name":"(anonymous_5)","line":36,"loc":{"start":{"line":36,"column":15},"end":{"line":36,"column":27}}},"6":{"name":"(anonymous_6)","line":44,"loc":{"start":{"line":44,"column":17},"end":{"line":44,"column":29}}},"7":{"name":"(anonymous_7)","line":53,"loc":{"start":{"line":53,"column":18},"end":{"line":53,"column":33}}},"8":{"name":"(anonymous_8)","line":61,"loc":{"start":{"line":61,"column":19},"end":{"line":61,"column":30}}},"9":{"name":"(anonymous_9)","line":68,"loc":{"start":{"line":68,"column":22},"end":{"line":68,"column":33}}},"10":{"name":"(anonymous_10)","line":77,"loc":{"start":{"line":77,"column":16},"end":{"line":77,"column":37}}},"11":{"name":"(anonymous_11)","line":93,"loc":{"start":{"line":93,"column":18},"end":{"line":93,"column":61}}},"12":{"name":"(anonymous_12)","line":97,"loc":{"start":{"line":97,"column":10},"end":{"line":97,"column":26}}},"13":{"name":"(anonymous_13)","line":114,"loc":{"start":{"line":114,"column":18},"end":{"line":114,"column":46}}},"14":{"name":"(anonymous_14)","line":134,"loc":{"start":{"line":134,"column":25},"end":{"line":134,"column":37}}},"15":{"name":"(anonymous_15)","line":150,"loc":{"start":{"line":150,"column":26},"end":{"line":150,"column":45}}},"16":{"name":"(anonymous_16)","line":151,"loc":{"start":{"line":151,"column":11},"end":{"line":151,"column":23}}},"17":{"name":"(anonymous_17)","line":173,"loc":{"start":{"line":173,"column":26},"end":{"line":173,"column":37}}},"18":{"name":"(anonymous_18)","line":175,"loc":{"start":{"line":175,"column":11},"end":{"line":175,"column":23}}},"19":{"name":"(anonymous_19)","line":208,"loc":{"start":{"line":208,"column":18},"end":{"line":208,"column":33}}},"20":{"name":"(anonymous_20)","line":239,"loc":{"start":{"line":239,"column":18},"end":{"line":239,"column":65}}},"21":{"name":"(anonymous_21)","line":240,"loc":{"start":{"line":240,"column":31},"end":{"line":240,"column":43}}},"22":{"name":"(anonymous_22)","line":266,"loc":{"start":{"line":266,"column":12},"end":{"line":266,"column":31}}},"23":{"name":"(anonymous_23)","line":279,"loc":{"start":{"line":279,"column":25},"end":{"line":279,"column":51}}},"24":{"name":"(anonymous_24)","line":296,"loc":{"start":{"line":296,"column":30},"end":{"line":296,"column":49}}},"25":{"name":"(anonymous_25)","line":308,"loc":{"start":{"line":308,"column":16},"end":{"line":308,"column":38}}},"26":{"name":"(anonymous_26)","line":331,"loc":{"start":{"line":331,"column":10},"end":{"line":331,"column":51}}},"27":{"name":"(anonymous_27)","line":335,"loc":{"start":{"line":335,"column":16},"end":{"line":335,"column":29}}},"28":{"name":"(anonymous_28)","line":344,"loc":{"start":{"line":344,"column":18},"end":{"line":344,"column":63}}},"29":{"name":"(anonymous_29)","line":372,"loc":{"start":{"line":372,"column":17},"end":{"line":372,"column":35}}},"30":{"name":"(anonymous_30)","line":384,"loc":{"start":{"line":384,"column":25},"end":{"line":384,"column":46}}},"31":{"name":"(anonymous_31)","line":385,"loc":{"start":{"line":385,"column":28},"end":{"line":385,"column":41}}},"32":{"name":"(anonymous_32)","line":394,"loc":{"start":{"line":394,"column":18},"end":{"line":394,"column":36}}},"33":{"name":"(anonymous_33)","line":395,"loc":{"start":{"line":395,"column":46},"end":{"line":395,"column":62}}},"34":{"name":"(anonymous_34)","line":405,"loc":{"start":{"line":405,"column":18},"end":{"line":405,"column":30}}},"35":{"name":"(anonymous_35)","line":413,"loc":{"start":{"line":413,"column":11},"end":{"line":413,"column":34}}},"36":{"name":"(anonymous_36)","line":425,"loc":{"start":{"line":425,"column":19},"end":{"line":425,"column":30}}},"37":{"name":"(anonymous_37)","line":434,"loc":{"start":{"line":434,"column":12},"end":{"line":434,"column":50}}},"38":{"name":"check","line":435,"loc":{"start":{"line":435,"column":4},"end":{"line":435,"column":29}}},"39":{"name":"pad_with","line":462,"loc":{"start":{"line":462,"column":2},"end":{"line":462,"column":37}}},"40":{"name":"pad_with_zeros","line":480,"loc":{"start":{"line":480,"column":2},"end":{"line":480,"column":36}}},"41":{"name":"(anonymous_41)","line":503,"loc":{"start":{"line":503,"column":43},"end":{"line":503,"column":54}}},"42":{"name":"new_date","line":529,"loc":{"start":{"line":529,"column":2},"end":{"line":529,"column":38}}},"43":{"name":"parse_date","line":538,"loc":{"start":{"line":538,"column":2},"end":{"line":538,"column":32}}},"44":{"name":"(anonymous_44)","line":565,"loc":{"start":{"line":565,"column":22},"end":{"line":565,"column":50}}},"45":{"name":"(anonymous_45)","line":586,"loc":{"start":{"line":586,"column":21},"end":{"line":586,"column":32}}},"46":{"name":"(anonymous_46)","line":596,"loc":{"start":{"line":596,"column":20},"end":{"line":596,"column":31}}},"47":{"name":"(anonymous_47)","line":619,"loc":{"start":{"line":619,"column":23},"end":{"line":619,"column":53}}},"48":{"name":"(anonymous_48)","line":622,"loc":{"start":{"line":622,"column":11},"end":{"line":622,"column":22}}},"49":{"name":"(anonymous_49)","line":643,"loc":{"start":{"line":643,"column":18},"end":{"line":643,"column":29}}},"50":{"name":"(anonymous_50)","line":652,"loc":{"start":{"line":652,"column":15},"end":{"line":652,"column":26}}},"51":{"name":"(anonymous_51)","line":669,"loc":{"start":{"line":669,"column":24},"end":{"line":669,"column":43}}},"52":{"name":"(anonymous_52)","line":730,"loc":{"start":{"line":730,"column":11},"end":{"line":730,"column":25}}},"53":{"name":"inverse","line":736,"loc":{"start":{"line":736,"column":4},"end":{"line":736,"column":22}}},"54":{"name":"(anonymous_54)","line":748,"loc":{"start":{"line":748,"column":18},"end":{"line":748,"column":32}}},"55":{"name":"(anonymous_55)","line":750,"loc":{"start":{"line":750,"column":18},"end":{"line":750,"column":32}}},"56":{"name":"(anonymous_56)","line":752,"loc":{"start":{"line":752,"column":18},"end":{"line":752,"column":36}}},"57":{"name":"(anonymous_57)","line":754,"loc":{"start":{"line":754,"column":18},"end":{"line":754,"column":32}}},"58":{"name":"(anonymous_58)","line":756,"loc":{"start":{"line":756,"column":18},"end":{"line":756,"column":29}}},"59":{"name":"(anonymous_59)","line":758,"loc":{"start":{"line":758,"column":18},"end":{"line":758,"column":29}}},"60":{"name":"(anonymous_60)","line":764,"loc":{"start":{"line":764,"column":15},"end":{"line":764,"column":39}}},"61":{"name":"isValueChar","line":767,"loc":{"start":{"line":767,"column":4},"end":{"line":767,"column":27}}},"62":{"name":"next","line":771,"loc":{"start":{"line":771,"column":4},"end":{"line":771,"column":29}}},"63":{"name":"(anonymous_63)","line":780,"loc":{"start":{"line":780,"column":16},"end":{"line":780,"column":27}}},"64":{"name":"(anonymous_64)","line":783,"loc":{"start":{"line":783,"column":18},"end":{"line":783,"column":29}}},"65":{"name":"(anonymous_65)","line":786,"loc":{"start":{"line":786,"column":22},"end":{"line":786,"column":33}}},"66":{"name":"(anonymous_66)","line":787,"loc":{"start":{"line":787,"column":20},"end":{"line":787,"column":31}}},"67":{"name":"(anonymous_67)","line":791,"loc":{"start":{"line":791,"column":17},"end":{"line":791,"column":28}}},"68":{"name":"(anonymous_68)","line":794,"loc":{"start":{"line":794,"column":20},"end":{"line":794,"column":31}}},"69":{"name":"(anonymous_69)","line":797,"loc":{"start":{"line":797,"column":20},"end":{"line":797,"column":33}}},"70":{"name":"(anonymous_70)","line":807,"loc":{"start":{"line":807,"column":18},"end":{"line":807,"column":36}}},"71":{"name":"(anonymous_71)","line":813,"loc":{"start":{"line":813,"column":16},"end":{"line":813,"column":26}}},"72":{"name":"(anonymous_72)","line":827,"loc":{"start":{"line":827,"column":33},"end":{"line":827,"column":48}}},"73":{"name":"generic_order","line":850,"loc":{"start":{"line":850,"column":2},"end":{"line":850,"column":29}}},"74":{"name":"(anonymous_74)","line":858,"loc":{"start":{"line":858,"column":18},"end":{"line":858,"column":28}}},"75":{"name":"(anonymous_75)","line":860,"loc":{"start":{"line":860,"column":11},"end":{"line":860,"column":24}}},"76":{"name":"(anonymous_76)","line":877,"loc":{"start":{"line":877,"column":27},"end":{"line":877,"column":41}}},"77":{"name":"(anonymous_77)","line":878,"loc":{"start":{"line":878,"column":11},"end":{"line":878,"column":26}}},"78":{"name":"(anonymous_78)","line":892,"loc":{"start":{"line":892,"column":18},"end":{"line":892,"column":52}}},"79":{"name":"(anonymous_79)","line":893,"loc":{"start":{"line":893,"column":11},"end":{"line":893,"column":26}}},"80":{"name":"(anonymous_80)","line":901,"loc":{"start":{"line":901,"column":28},"end":{"line":901,"column":62}}},"81":{"name":"(anonymous_81)","line":902,"loc":{"start":{"line":902,"column":26},"end":{"line":902,"column":39}}},"82":{"name":"(anonymous_82)","line":908,"loc":{"start":{"line":908,"column":19},"end":{"line":908,"column":41}}},"83":{"name":"(anonymous_83)","line":914,"loc":{"start":{"line":914,"column":20},"end":{"line":914,"column":32}}},"84":{"name":"(anonymous_84)","line":915,"loc":{"start":{"line":915,"column":11},"end":{"line":915,"column":26}}},"85":{"name":"build_to_string_fn","line":920,"loc":{"start":{"line":920,"column":2},"end":{"line":920,"column":41}}},"86":{"name":"(anonymous_86)","line":921,"loc":{"start":{"line":921,"column":11},"end":{"line":921,"column":23}}},"87":{"name":"(anonymous_87)","line":930,"loc":{"start":{"line":930,"column":23},"end":{"line":930,"column":33}}},"88":{"name":"Type","line":939,"loc":{"start":{"line":939,"column":2},"end":{"line":939,"column":29}}},"89":{"name":"(anonymous_89)","line":941,"loc":{"start":{"line":941,"column":22},"end":{"line":941,"column":32}}},"90":{"name":"(anonymous_90)","line":953,"loc":{"start":{"line":953,"column":20},"end":{"line":953,"column":45}}},"91":{"name":"(anonymous_91)","line":975,"loc":{"start":{"line":975,"column":19},"end":{"line":975,"column":31}}},"92":{"name":"(anonymous_92)","line":984,"loc":{"start":{"line":984,"column":22},"end":{"line":984,"column":32}}},"93":{"name":"(anonymous_93)","line":994,"loc":{"start":{"line":994,"column":14},"end":{"line":994,"column":32}}},"94":{"name":"(anonymous_94)","line":1017,"loc":{"start":{"line":1017,"column":8},"end":{"line":1017,"column":19}}},"95":{"name":"(anonymous_95)","line":1020,"loc":{"start":{"line":1020,"column":17},"end":{"line":1020,"column":37}}},"96":{"name":"(anonymous_96)","line":1023,"loc":{"start":{"line":1023,"column":16},"end":{"line":1023,"column":28}}},"97":{"name":"(anonymous_97)","line":1026,"loc":{"start":{"line":1026,"column":17},"end":{"line":1026,"column":30}}},"98":{"name":"(anonymous_98)","line":1029,"loc":{"start":{"line":1029,"column":15},"end":{"line":1029,"column":27}}},"99":{"name":"(anonymous_99)","line":1032,"loc":{"start":{"line":1032,"column":11},"end":{"line":1032,"column":27}}},"100":{"name":"(anonymous_100)","line":1035,"loc":{"start":{"line":1035,"column":18},"end":{"line":1035,"column":43}}},"101":{"name":"(anonymous_101)","line":1038,"loc":{"start":{"line":1038,"column":13},"end":{"line":1038,"column":24}}},"102":{"name":"(anonymous_102)","line":1048,"loc":{"start":{"line":1048,"column":19},"end":{"line":1048,"column":30}}},"103":{"name":"(anonymous_103)","line":1051,"loc":{"start":{"line":1051,"column":18},"end":{"line":1051,"column":29}}},"104":{"name":"(anonymous_104)","line":1082,"loc":{"start":{"line":1082,"column":19},"end":{"line":1082,"column":37}}},"105":{"name":"(anonymous_105)","line":1100,"loc":{"start":{"line":1100,"column":17},"end":{"line":1100,"column":28}}},"106":{"name":"(anonymous_106)","line":1103,"loc":{"start":{"line":1103,"column":13},"end":{"line":1103,"column":28}}},"107":{"name":"(anonymous_107)","line":1110,"loc":{"start":{"line":1110,"column":15},"end":{"line":1110,"column":27}}},"108":{"name":"(anonymous_108)","line":1111,"loc":{"start":{"line":1111,"column":19},"end":{"line":1111,"column":30}}},"109":{"name":"(anonymous_109)","line":1122,"loc":{"start":{"line":1122,"column":33},"end":{"line":1122,"column":52}}},"110":{"name":"(anonymous_110)","line":1126,"loc":{"start":{"line":1126,"column":54},"end":{"line":1126,"column":65}}},"111":{"name":"(anonymous_111)","line":1129,"loc":{"start":{"line":1129,"column":27},"end":{"line":1129,"column":45}}},"112":{"name":"(anonymous_112)","line":1135,"loc":{"start":{"line":1135,"column":22},"end":{"line":1135,"column":37}}},"113":{"name":"(anonymous_113)","line":1158,"loc":{"start":{"line":1158,"column":21},"end":{"line":1158,"column":32}}},"114":{"name":"(anonymous_114)","line":1170,"loc":{"start":{"line":1170,"column":24},"end":{"line":1170,"column":37}}},"115":{"name":"(anonymous_115)","line":1186,"loc":{"start":{"line":1186,"column":16},"end":{"line":1186,"column":36}}}},"statementMap":{"1":{"start":{"line":6,"column":0},"end":{"line":1190,"column":5}},"2":{"start":{"line":8,"column":2},"end":{"line":8,"column":32}},"3":{"start":{"line":9,"column":2},"end":{"line":9,"column":28}},"4":{"start":{"line":18,"column":2},"end":{"line":20,"column":4}},"5":{"start":{"line":19,"column":4},"end":{"line":19,"column":70}},"6":{"start":{"line":27,"column":2},"end":{"line":31,"column":4}},"7":{"start":{"line":28,"column":4},"end":{"line":28,"column":42}},"8":{"start":{"line":29,"column":4},"end":{"line":30,"column":35}},"9":{"start":{"line":30,"column":20},"end":{"line":30,"column":32}},"10":{"start":{"line":36,"column":2},"end":{"line":38,"column":4}},"11":{"start":{"line":37,"column":4},"end":{"line":37,"column":43}},"12":{"start":{"line":44,"column":2},"end":{"line":47,"column":4}},"13":{"start":{"line":45,"column":4},"end":{"line":46,"column":39}},"14":{"start":{"line":53,"column":2},"end":{"line":55,"column":4}},"15":{"start":{"line":54,"column":4},"end":{"line":54,"column":75}},"16":{"start":{"line":61,"column":2},"end":{"line":63,"column":4}},"17":{"start":{"line":62,"column":4},"end":{"line":62,"column":72}},"18":{"start":{"line":68,"column":2},"end":{"line":70,"column":4}},"19":{"start":{"line":69,"column":4},"end":{"line":69,"column":49}},"20":{"start":{"line":77,"column":2},"end":{"line":82,"column":4}},"21":{"start":{"line":78,"column":4},"end":{"line":80,"column":5}},"22":{"start":{"line":79,"column":6},"end":{"line":79,"column":23}},"23":{"start":{"line":81,"column":4},"end":{"line":81,"column":13}},"24":{"start":{"line":93,"column":2},"end":{"line":107,"column":4}},"25":{"start":{"line":94,"column":4},"end":{"line":94,"column":27}},"26":{"start":{"line":95,"column":4},"end":{"line":106,"column":5}},"27":{"start":{"line":96,"column":6},"end":{"line":105,"column":8}},"28":{"start":{"line":98,"column":12},"end":{"line":98,"column":37}},"29":{"start":{"line":99,"column":12},"end":{"line":103,"column":13}},"30":{"start":{"line":100,"column":14},"end":{"line":100,"column":35}},"31":{"start":{"line":101,"column":18},"end":{"line":103,"column":13}},"32":{"start":{"line":102,"column":14},"end":{"line":102,"column":94}},"33":{"start":{"line":114,"column":2},"end":{"line":118,"column":4}},"34":{"start":{"line":115,"column":4},"end":{"line":115,"column":19}},"35":{"start":{"line":116,"column":4},"end":{"line":116,"column":39}},"36":{"start":{"line":117,"column":4},"end":{"line":117,"column":65}},"37":{"start":{"line":134,"column":2},"end":{"line":137,"column":4}},"38":{"start":{"line":135,"column":4},"end":{"line":135,"column":59}},"39":{"start":{"line":136,"column":4},"end":{"line":136,"column":25}},"40":{"start":{"line":150,"column":2},"end":{"line":154,"column":4}},"41":{"start":{"line":151,"column":4},"end":{"line":153,"column":6}},"42":{"start":{"line":152,"column":6},"end":{"line":152,"column":25}},"43":{"start":{"line":173,"column":2},"end":{"line":184,"column":4}},"44":{"start":{"line":174,"column":4},"end":{"line":174,"column":48}},"45":{"start":{"line":175,"column":4},"end":{"line":183,"column":6}},"46":{"start":{"line":176,"column":6},"end":{"line":181,"column":7}},"47":{"start":{"line":177,"column":8},"end":{"line":177,"column":35}},"48":{"start":{"line":178,"column":8},"end":{"line":180,"column":9}},"49":{"start":{"line":179,"column":10},"end":{"line":179,"column":21}},"50":{"start":{"line":182,"column":6},"end":{"line":182,"column":23}},"51":{"start":{"line":208,"column":2},"end":{"line":218,"column":4}},"52":{"start":{"line":209,"column":4},"end":{"line":216,"column":5}},"53":{"start":{"line":210,"column":6},"end":{"line":210,"column":16}},"54":{"start":{"line":211,"column":11},"end":{"line":216,"column":5}},"55":{"start":{"line":212,"column":6},"end":{"line":212,"column":24}},"56":{"start":{"line":213,"column":6},"end":{"line":215,"column":7}},"57":{"start":{"line":214,"column":8},"end":{"line":214,"column":19}},"58":{"start":{"line":217,"column":4},"end":{"line":217,"column":44}},"59":{"start":{"line":239,"column":2},"end":{"line":258,"column":4}},"60":{"start":{"line":240,"column":4},"end":{"line":242,"column":10}},"61":{"start":{"line":241,"column":10},"end":{"line":241,"column":19}},"62":{"start":{"line":243,"column":4},"end":{"line":243,"column":16}},"63":{"start":{"line":244,"column":4},"end":{"line":244,"column":31}},"64":{"start":{"line":245,"column":4},"end":{"line":245,"column":15}},"65":{"start":{"line":246,"column":4},"end":{"line":256,"column":5}},"66":{"start":{"line":247,"column":6},"end":{"line":247,"column":34}},"67":{"start":{"line":248,"column":6},"end":{"line":248,"column":56}},"68":{"start":{"line":249,"column":6},"end":{"line":255,"column":7}},"69":{"start":{"line":250,"column":8},"end":{"line":250,"column":22}},"70":{"start":{"line":251,"column":13},"end":{"line":255,"column":7}},"71":{"start":{"line":252,"column":8},"end":{"line":252,"column":22}},"72":{"start":{"line":254,"column":8},"end":{"line":254,"column":19}},"73":{"start":{"line":257,"column":4},"end":{"line":257,"column":20}},"74":{"start":{"line":266,"column":2},"end":{"line":272,"column":4}},"75":{"start":{"line":267,"column":4},"end":{"line":267,"column":20}},"76":{"start":{"line":268,"column":4},"end":{"line":270,"column":5}},"77":{"start":{"line":269,"column":6},"end":{"line":269,"column":58}},"78":{"start":{"line":271,"column":4},"end":{"line":271,"column":18}},"79":{"start":{"line":279,"column":2},"end":{"line":289,"column":4}},"80":{"start":{"line":280,"column":4},"end":{"line":280,"column":17}},"81":{"start":{"line":281,"column":4},"end":{"line":287,"column":5}},"82":{"start":{"line":282,"column":6},"end":{"line":282,"column":23}},"83":{"start":{"line":283,"column":6},"end":{"line":283,"column":27}},"84":{"start":{"line":284,"column":6},"end":{"line":286,"column":7}},"85":{"start":{"line":285,"column":8},"end":{"line":285,"column":19}},"86":{"start":{"line":288,"column":4},"end":{"line":288,"column":15}},"87":{"start":{"line":296,"column":2},"end":{"line":301,"column":4}},"88":{"start":{"line":297,"column":4},"end":{"line":300,"column":37}},"89":{"start":{"line":308,"column":2},"end":{"line":314,"column":4}},"90":{"start":{"line":309,"column":4},"end":{"line":313,"column":5}},"91":{"start":{"line":310,"column":6},"end":{"line":312,"column":7}},"92":{"start":{"line":311,"column":8},"end":{"line":311,"column":31}},"93":{"start":{"line":331,"column":2},"end":{"line":360,"column":4}},"94":{"start":{"line":332,"column":4},"end":{"line":333,"column":46}},"95":{"start":{"line":334,"column":4},"end":{"line":338,"column":5}},"96":{"start":{"line":335,"column":6},"end":{"line":337,"column":8}},"97":{"start":{"line":336,"column":8},"end":{"line":336,"column":17}},"98":{"start":{"line":339,"column":4},"end":{"line":341,"column":5}},"99":{"start":{"line":340,"column":6},"end":{"line":340,"column":22}},"100":{"start":{"line":342,"column":4},"end":{"line":342,"column":30}},"101":{"start":{"line":343,"column":4},"end":{"line":347,"column":5}},"102":{"start":{"line":344,"column":6},"end":{"line":346,"column":8}},"103":{"start":{"line":345,"column":8},"end":{"line":345,"column":66}},"104":{"start":{"line":348,"column":4},"end":{"line":348,"column":31}},"105":{"start":{"line":349,"column":4},"end":{"line":349,"column":37}},"106":{"start":{"line":350,"column":4},"end":{"line":350,"column":20}},"107":{"start":{"line":351,"column":4},"end":{"line":358,"column":5}},"108":{"start":{"line":352,"column":6},"end":{"line":354,"column":7}},"109":{"start":{"line":353,"column":8},"end":{"line":353,"column":63}},"110":{"start":{"line":355,"column":6},"end":{"line":355,"column":77}},"111":{"start":{"line":356,"column":6},"end":{"line":356,"column":26}},"112":{"start":{"line":357,"column":6},"end":{"line":357,"column":21}},"113":{"start":{"line":359,"column":4},"end":{"line":359,"column":18}},"114":{"start":{"line":372,"column":2},"end":{"line":378,"column":4}},"115":{"start":{"line":373,"column":4},"end":{"line":373,"column":16}},"116":{"start":{"line":374,"column":4},"end":{"line":376,"column":5}},"117":{"start":{"line":375,"column":6},"end":{"line":375,"column":11}},"118":{"start":{"line":377,"column":4},"end":{"line":377,"column":14}},"119":{"start":{"line":384,"column":2},"end":{"line":388,"column":4}},"120":{"start":{"line":385,"column":4},"end":{"line":387,"column":7}},"121":{"start":{"line":386,"column":6},"end":{"line":386,"column":30}},"122":{"start":{"line":394,"column":2},"end":{"line":398,"column":4}},"123":{"start":{"line":395,"column":4},"end":{"line":397,"column":11}},"124":{"start":{"line":396,"column":10},"end":{"line":396,"column":42}},"125":{"start":{"line":405,"column":2},"end":{"line":407,"column":4}},"126":{"start":{"line":406,"column":4},"end":{"line":406,"column":64}},"127":{"start":{"line":413,"column":2},"end":{"line":430,"column":4}},"128":{"start":{"line":414,"column":4},"end":{"line":414,"column":29}},"129":{"start":{"line":415,"column":4},"end":{"line":415,"column":26}},"130":{"start":{"line":416,"column":4},"end":{"line":419,"column":5}},"131":{"start":{"line":417,"column":6},"end":{"line":417,"column":73}},"132":{"start":{"line":418,"column":6},"end":{"line":418,"column":28}},"133":{"start":{"line":420,"column":4},"end":{"line":424,"column":5}},"134":{"start":{"line":421,"column":6},"end":{"line":421,"column":35}},"135":{"start":{"line":423,"column":6},"end":{"line":423,"column":26}},"136":{"start":{"line":425,"column":4},"end":{"line":428,"column":6}},"137":{"start":{"line":426,"column":6},"end":{"line":426,"column":29}},"138":{"start":{"line":427,"column":6},"end":{"line":427,"column":78}},"139":{"start":{"line":429,"column":4},"end":{"line":429,"column":15}},"140":{"start":{"line":434,"column":2},"end":{"line":446,"column":4}},"141":{"start":{"line":435,"column":4},"end":{"line":437,"column":5}},"142":{"start":{"line":436,"column":6},"end":{"line":436,"column":35}},"143":{"start":{"line":438,"column":4},"end":{"line":438,"column":79}},"144":{"start":{"line":439,"column":4},"end":{"line":445,"column":5}},"145":{"start":{"line":440,"column":6},"end":{"line":444,"column":9}},"146":{"start":{"line":462,"column":2},"end":{"line":468,"column":3}},"147":{"start":{"line":463,"column":4},"end":{"line":463,"column":26}},"148":{"start":{"line":464,"column":4},"end":{"line":466,"column":5}},"149":{"start":{"line":465,"column":6},"end":{"line":465,"column":59}},"150":{"start":{"line":467,"column":4},"end":{"line":467,"column":13}},"151":{"start":{"line":480,"column":2},"end":{"line":486,"column":3}},"152":{"start":{"line":481,"column":4},"end":{"line":481,"column":26}},"153":{"start":{"line":482,"column":4},"end":{"line":484,"column":5}},"154":{"start":{"line":483,"column":6},"end":{"line":483,"column":18}},"155":{"start":{"line":485,"column":4},"end":{"line":485,"column":13}},"156":{"start":{"line":489,"column":2},"end":{"line":499,"column":4}},"157":{"start":{"line":502,"column":2},"end":{"line":502,"column":41}},"158":{"start":{"line":503,"column":2},"end":{"line":509,"column":5}},"159":{"start":{"line":504,"column":4},"end":{"line":504,"column":14}},"160":{"start":{"line":505,"column":4},"end":{"line":507,"column":5}},"161":{"start":{"line":506,"column":6},"end":{"line":506,"column":15}},"162":{"start":{"line":508,"column":4},"end":{"line":508,"column":17}},"163":{"start":{"line":512,"column":2},"end":{"line":526,"column":3}},"164":{"start":{"line":513,"column":4},"end":{"line":513,"column":32}},"165":{"start":{"line":514,"column":4},"end":{"line":514,"column":30}},"166":{"start":{"line":515,"column":4},"end":{"line":515,"column":16}},"167":{"start":{"line":516,"column":4},"end":{"line":523,"column":5}},"168":{"start":{"line":517,"column":6},"end":{"line":519,"column":7}},"169":{"start":{"line":518,"column":8},"end":{"line":518,"column":27}},"170":{"start":{"line":520,"column":6},"end":{"line":520,"column":31}},"171":{"start":{"line":521,"column":6},"end":{"line":522,"column":15}},"172":{"start":{"line":522,"column":8},"end":{"line":522,"column":15}},"173":{"start":{"line":524,"column":4},"end":{"line":524,"column":11}},"174":{"start":{"line":525,"column":4},"end":{"line":525,"column":27}},"175":{"start":{"line":529,"column":2},"end":{"line":535,"column":3}},"176":{"start":{"line":530,"column":4},"end":{"line":534,"column":5}},"177":{"start":{"line":531,"column":6},"end":{"line":531,"column":55}},"178":{"start":{"line":533,"column":6},"end":{"line":533,"column":45}},"179":{"start":{"line":538,"column":2},"end":{"line":551,"column":3}},"180":{"start":{"line":539,"column":4},"end":{"line":549,"column":5}},"181":{"start":{"line":540,"column":6},"end":{"line":540,"column":49}},"182":{"start":{"line":541,"column":6},"end":{"line":548,"column":7}},"183":{"start":{"line":542,"column":8},"end":{"line":542,"column":22}},"184":{"start":{"line":543,"column":8},"end":{"line":545,"column":9}},"185":{"start":{"line":544,"column":10},"end":{"line":544,"column":29}},"186":{"start":{"line":546,"column":8},"end":{"line":546,"column":18}},"187":{"start":{"line":547,"column":8},"end":{"line":547,"column":38}},"188":{"start":{"line":550,"column":4},"end":{"line":550,"column":21}},"189":{"start":{"line":565,"column":2},"end":{"line":578,"column":4}},"190":{"start":{"line":566,"column":4},"end":{"line":566,"column":31}},"191":{"start":{"line":567,"column":4},"end":{"line":567,"column":33}},"192":{"start":{"line":568,"column":4},"end":{"line":576,"column":5}},"193":{"start":{"line":569,"column":6},"end":{"line":569,"column":27}},"194":{"start":{"line":570,"column":6},"end":{"line":570,"column":29}},"195":{"start":{"line":571,"column":6},"end":{"line":575,"column":7}},"196":{"start":{"line":572,"column":8},"end":{"line":572,"column":18}},"197":{"start":{"line":573,"column":12},"end":{"line":575,"column":7}},"198":{"start":{"line":574,"column":8},"end":{"line":574,"column":29}},"199":{"start":{"line":577,"column":4},"end":{"line":577,"column":21}},"200":{"start":{"line":586,"column":2},"end":{"line":589,"column":4}},"201":{"start":{"line":587,"column":4},"end":{"line":588,"column":70}},"202":{"start":{"line":596,"column":2},"end":{"line":599,"column":4}},"203":{"start":{"line":597,"column":4},"end":{"line":598,"column":82}},"204":{"start":{"line":609,"column":2},"end":{"line":609,"column":57}},"205":{"start":{"line":619,"column":2},"end":{"line":636,"column":4}},"206":{"start":{"line":620,"column":4},"end":{"line":620,"column":55}},"207":{"start":{"line":621,"column":4},"end":{"line":621,"column":47}},"208":{"start":{"line":622,"column":4},"end":{"line":635,"column":6}},"209":{"start":{"line":623,"column":6},"end":{"line":623,"column":38}},"210":{"start":{"line":624,"column":6},"end":{"line":624,"column":30}},"211":{"start":{"line":625,"column":6},"end":{"line":625,"column":17}},"212":{"start":{"line":626,"column":6},"end":{"line":633,"column":7}},"213":{"start":{"line":627,"column":8},"end":{"line":629,"column":9}},"214":{"start":{"line":628,"column":10},"end":{"line":628,"column":27}},"215":{"start":{"line":630,"column":8},"end":{"line":632,"column":9}},"216":{"start":{"line":631,"column":10},"end":{"line":631,"column":63}},"217":{"start":{"line":634,"column":6},"end":{"line":634,"column":15}},"218":{"start":{"line":643,"column":2},"end":{"line":645,"column":4}},"219":{"start":{"line":644,"column":4},"end":{"line":644,"column":30}},"220":{"start":{"line":652,"column":2},"end":{"line":654,"column":4}},"221":{"start":{"line":653,"column":4},"end":{"line":653,"column":31}},"222":{"start":{"line":669,"column":2},"end":{"line":695,"column":4}},"223":{"start":{"line":670,"column":4},"end":{"line":676,"column":5}},"224":{"start":{"line":671,"column":6},"end":{"line":675,"column":7}},"225":{"start":{"line":672,"column":8},"end":{"line":672,"column":37}},"226":{"start":{"line":674,"column":8},"end":{"line":674,"column":18}},"227":{"start":{"line":677,"column":4},"end":{"line":679,"column":5}},"228":{"start":{"line":678,"column":6},"end":{"line":678,"column":23}},"229":{"start":{"line":680,"column":4},"end":{"line":688,"column":5}},"230":{"start":{"line":681,"column":6},"end":{"line":681,"column":68}},"231":{"start":{"line":682,"column":6},"end":{"line":682,"column":31}},"232":{"start":{"line":683,"column":6},"end":{"line":683,"column":35}},"233":{"start":{"line":684,"column":6},"end":{"line":684,"column":35}},"234":{"start":{"line":685,"column":6},"end":{"line":685,"column":17}},"235":{"start":{"line":686,"column":6},"end":{"line":686,"column":17}},"236":{"start":{"line":687,"column":6},"end":{"line":687,"column":81}},"237":{"start":{"line":689,"column":4},"end":{"line":693,"column":46}},"238":{"start":{"line":730,"column":2},"end":{"line":759,"column":4}},"239":{"start":{"line":731,"column":4},"end":{"line":733,"column":5}},"240":{"start":{"line":732,"column":6},"end":{"line":732,"column":31}},"241":{"start":{"line":734,"column":4},"end":{"line":734,"column":28}},"242":{"start":{"line":735,"column":4},"end":{"line":735,"column":24}},"243":{"start":{"line":736,"column":4},"end":{"line":746,"column":5}},"244":{"start":{"line":737,"column":6},"end":{"line":744,"column":7}},"245":{"start":{"line":738,"column":8},"end":{"line":738,"column":22}},"246":{"start":{"line":739,"column":8},"end":{"line":743,"column":9}},"247":{"start":{"line":740,"column":10},"end":{"line":742,"column":11}},"248":{"start":{"line":741,"column":12},"end":{"line":741,"column":39}},"249":{"start":{"line":745,"column":6},"end":{"line":745,"column":22}},"250":{"start":{"line":748,"column":4},"end":{"line":748,"column":57}},"251":{"start":{"line":748,"column":34},"end":{"line":748,"column":54}},"252":{"start":{"line":750,"column":4},"end":{"line":750,"column":59}},"253":{"start":{"line":750,"column":34},"end":{"line":750,"column":56}},"254":{"start":{"line":752,"column":4},"end":{"line":752,"column":77}},"255":{"start":{"line":752,"column":38},"end":{"line":752,"column":57}},"256":{"start":{"line":752,"column":58},"end":{"line":752,"column":74}},"257":{"start":{"line":754,"column":4},"end":{"line":754,"column":73}},"258":{"start":{"line":754,"column":34},"end":{"line":754,"column":54}},"259":{"start":{"line":754,"column":54},"end":{"line":754,"column":70}},"260":{"start":{"line":756,"column":4},"end":{"line":756,"column":62}},"261":{"start":{"line":756,"column":31},"end":{"line":756,"column":59}},"262":{"start":{"line":758,"column":4},"end":{"line":758,"column":64}},"263":{"start":{"line":758,"column":31},"end":{"line":758,"column":61}},"264":{"start":{"line":764,"column":2},"end":{"line":801,"column":4}},"265":{"start":{"line":765,"column":4},"end":{"line":765,"column":14}},"266":{"start":{"line":767,"column":4},"end":{"line":769,"column":5}},"267":{"start":{"line":768,"column":6},"end":{"line":768,"column":49}},"268":{"start":{"line":771,"column":4},"end":{"line":777,"column":5}},"269":{"start":{"line":772,"column":6},"end":{"line":772,"column":20}},"270":{"start":{"line":773,"column":6},"end":{"line":775,"column":7}},"271":{"start":{"line":774,"column":8},"end":{"line":774,"column":12}},"272":{"start":{"line":776,"column":6},"end":{"line":776,"column":35}},"273":{"start":{"line":779,"column":4},"end":{"line":800,"column":6}},"274":{"start":{"line":781,"column":8},"end":{"line":781,"column":17}},"275":{"start":{"line":784,"column":8},"end":{"line":784,"column":33}},"276":{"start":{"line":787,"column":8},"end":{"line":789,"column":11}},"277":{"start":{"line":788,"column":10},"end":{"line":788,"column":32}},"278":{"start":{"line":792,"column":8},"end":{"line":792,"column":62}},"279":{"start":{"line":795,"column":8},"end":{"line":795,"column":17}},"280":{"start":{"line":798,"column":8},"end":{"line":798,"column":15}},"281":{"start":{"line":807,"column":2},"end":{"line":837,"column":4}},"282":{"start":{"line":808,"column":4},"end":{"line":808,"column":34}},"283":{"start":{"line":809,"column":4},"end":{"line":809,"column":46}},"284":{"start":{"line":810,"column":4},"end":{"line":824,"column":6}},"285":{"start":{"line":814,"column":8},"end":{"line":814,"column":23}},"286":{"start":{"line":815,"column":8},"end":{"line":815,"column":23}},"287":{"start":{"line":816,"column":8},"end":{"line":821,"column":9}},"288":{"start":{"line":817,"column":10},"end":{"line":820,"column":11}},"289":{"start":{"line":818,"column":12},"end":{"line":818,"column":65}},"290":{"start":{"line":819,"column":12},"end":{"line":819,"column":22}},"291":{"start":{"line":822,"column":8},"end":{"line":822,"column":42}},"292":{"start":{"line":825,"column":4},"end":{"line":835,"column":5}},"293":{"start":{"line":826,"column":6},"end":{"line":826,"column":36}},"294":{"start":{"line":827,"column":6},"end":{"line":832,"column":9}},"295":{"start":{"line":828,"column":8},"end":{"line":828,"column":35}},"296":{"start":{"line":829,"column":8},"end":{"line":831,"column":9}},"297":{"start":{"line":830,"column":10},"end":{"line":830,"column":66}},"298":{"start":{"line":833,"column":10},"end":{"line":835,"column":5}},"299":{"start":{"line":834,"column":6},"end":{"line":834,"column":59}},"300":{"start":{"line":836,"column":4},"end":{"line":836,"column":18}},"301":{"start":{"line":850,"column":2},"end":{"line":852,"column":3}},"302":{"start":{"line":851,"column":4},"end":{"line":851,"column":44}},"303":{"start":{"line":858,"column":2},"end":{"line":871,"column":4}},"304":{"start":{"line":859,"column":4},"end":{"line":859,"column":43}},"305":{"start":{"line":860,"column":4},"end":{"line":870,"column":6}},"306":{"start":{"line":861,"column":6},"end":{"line":861,"column":17}},"307":{"start":{"line":862,"column":6},"end":{"line":868,"column":7}},"308":{"start":{"line":863,"column":8},"end":{"line":863,"column":32}},"309":{"start":{"line":864,"column":8},"end":{"line":867,"column":9}},"310":{"start":{"line":865,"column":10},"end":{"line":865,"column":19}},"311":{"start":{"line":866,"column":10},"end":{"line":866,"column":16}},"312":{"start":{"line":869,"column":6},"end":{"line":869,"column":16}},"313":{"start":{"line":877,"column":2},"end":{"line":881,"column":4}},"314":{"start":{"line":878,"column":4},"end":{"line":880,"column":6}},"315":{"start":{"line":879,"column":6},"end":{"line":879,"column":59}},"316":{"start":{"line":892,"column":2},"end":{"line":896,"column":4}},"317":{"start":{"line":893,"column":4},"end":{"line":895,"column":6}},"318":{"start":{"line":894,"column":6},"end":{"line":894,"column":53}},"319":{"start":{"line":901,"column":2},"end":{"line":903,"column":4}},"320":{"start":{"line":902,"column":4},"end":{"line":902,"column":66}},"321":{"start":{"line":902,"column":40},"end":{"line":902,"column":63}},"322":{"start":{"line":908,"column":2},"end":{"line":910,"column":4}},"323":{"start":{"line":909,"column":4},"end":{"line":909,"column":38}},"324":{"start":{"line":914,"column":2},"end":{"line":918,"column":4}},"325":{"start":{"line":915,"column":4},"end":{"line":917,"column":6}},"326":{"start":{"line":916,"column":6},"end":{"line":916,"column":21}},"327":{"start":{"line":920,"column":2},"end":{"line":924,"column":3}},"328":{"start":{"line":921,"column":4},"end":{"line":923,"column":6}},"329":{"start":{"line":922,"column":6},"end":{"line":922,"column":51}},"330":{"start":{"line":930,"column":2},"end":{"line":935,"column":4}},"331":{"start":{"line":931,"column":4},"end":{"line":931,"column":43}},"332":{"start":{"line":932,"column":4},"end":{"line":932,"column":60}},"333":{"start":{"line":933,"column":4},"end":{"line":933,"column":55}},"334":{"start":{"line":934,"column":4},"end":{"line":934,"column":32}},"335":{"start":{"line":937,"column":2},"end":{"line":937,"column":17}},"336":{"start":{"line":939,"column":2},"end":{"line":980,"column":3}},"337":{"start":{"line":940,"column":4},"end":{"line":940,"column":25}},"338":{"start":{"line":941,"column":4},"end":{"line":943,"column":6}},"339":{"start":{"line":942,"column":6},"end":{"line":942,"column":54}},"340":{"start":{"line":944,"column":4},"end":{"line":944,"column":34}},"341":{"start":{"line":945,"column":4},"end":{"line":947,"column":5}},"342":{"start":{"line":946,"column":6},"end":{"line":946,"column":29}},"343":{"start":{"line":948,"column":4},"end":{"line":948,"column":22}},"344":{"start":{"line":949,"column":4},"end":{"line":978,"column":7}},"345":{"start":{"line":954,"column":10},"end":{"line":956,"column":11}},"346":{"start":{"line":955,"column":12},"end":{"line":955,"column":25}},"347":{"start":{"line":957,"column":10},"end":{"line":957,"column":61}},"348":{"start":{"line":958,"column":10},"end":{"line":958,"column":46}},"349":{"start":{"line":959,"column":10},"end":{"line":961,"column":11}},"350":{"start":{"line":960,"column":12},"end":{"line":960,"column":49}},"351":{"start":{"line":963,"column":10},"end":{"line":963,"column":55}},"352":{"start":{"line":964,"column":10},"end":{"line":966,"column":11}},"353":{"start":{"line":965,"column":12},"end":{"line":965,"column":46}},"354":{"start":{"line":967,"column":10},"end":{"line":967,"column":40}},"355":{"start":{"line":968,"column":10},"end":{"line":970,"column":11}},"356":{"start":{"line":969,"column":12},"end":{"line":969,"column":54}},"357":{"start":{"line":971,"column":10},"end":{"line":971,"column":45}},"358":{"start":{"line":972,"column":10},"end":{"line":972,"column":37}},"359":{"start":{"line":976,"column":10},"end":{"line":976,"column":55}},"360":{"start":{"line":979,"column":4},"end":{"line":979,"column":50}},"361":{"start":{"line":984,"column":2},"end":{"line":988,"column":4}},"362":{"start":{"line":985,"column":4},"end":{"line":985,"column":17}},"363":{"start":{"line":986,"column":4},"end":{"line":986,"column":19}},"364":{"start":{"line":989,"column":2},"end":{"line":989,"column":17}},"365":{"start":{"line":994,"column":2},"end":{"line":1005,"column":4}},"366":{"start":{"line":995,"column":4},"end":{"line":999,"column":5}},"367":{"start":{"line":996,"column":6},"end":{"line":998,"column":7}},"368":{"start":{"line":997,"column":8},"end":{"line":997,"column":67}},"369":{"start":{"line":1000,"column":4},"end":{"line":1004,"column":5}},"370":{"start":{"line":1001,"column":6},"end":{"line":1003,"column":7}},"371":{"start":{"line":1002,"column":8},"end":{"line":1002,"column":34}},"372":{"start":{"line":1007,"column":2},"end":{"line":1007,"column":36}},"373":{"start":{"line":1009,"column":2},"end":{"line":1011,"column":31}},"374":{"start":{"line":1013,"column":2},"end":{"line":1013,"column":41}},"375":{"start":{"line":1014,"column":2},"end":{"line":1014,"column":26}},"376":{"start":{"line":1016,"column":2},"end":{"line":1041,"column":4}},"377":{"start":{"line":1018,"column":6},"end":{"line":1018,"column":72}},"378":{"start":{"line":1021,"column":6},"end":{"line":1021,"column":101}},"379":{"start":{"line":1024,"column":6},"end":{"line":1024,"column":58}},"380":{"start":{"line":1027,"column":6},"end":{"line":1027,"column":90}},"381":{"start":{"line":1030,"column":6},"end":{"line":1030,"column":51}},"382":{"start":{"line":1033,"column":6},"end":{"line":1033,"column":54}},"383":{"start":{"line":1036,"column":6},"end":{"line":1036,"column":58}},"384":{"start":{"line":1039,"column":6},"end":{"line":1039,"column":52}},"385":{"start":{"line":1043,"column":2},"end":{"line":1115,"column":5}},"386":{"start":{"line":1049,"column":8},"end":{"line":1049,"column":73}},"387":{"start":{"line":1052,"column":8},"end":{"line":1052,"column":40}},"388":{"start":{"line":1083,"column":8},"end":{"line":1085,"column":9}},"389":{"start":{"line":1084,"column":10},"end":{"line":1084,"column":22}},"390":{"start":{"line":1086,"column":8},"end":{"line":1091,"column":9}},"391":{"start":{"line":1087,"column":10},"end":{"line":1087,"column":61}},"392":{"start":{"line":1088,"column":10},"end":{"line":1090,"column":11}},"393":{"start":{"line":1089,"column":12},"end":{"line":1089,"column":33}},"394":{"start":{"line":1092,"column":8},"end":{"line":1097,"column":9}},"395":{"start":{"line":1093,"column":10},"end":{"line":1093,"column":21}},"396":{"start":{"line":1094,"column":10},"end":{"line":1096,"column":11}},"397":{"start":{"line":1095,"column":12},"end":{"line":1095,"column":38}},"398":{"start":{"line":1098,"column":8},"end":{"line":1098,"column":25}},"399":{"start":{"line":1101,"column":8},"end":{"line":1101,"column":42}},"400":{"start":{"line":1104,"column":8},"end":{"line":1104,"column":52}},"401":{"start":{"line":1110,"column":29},"end":{"line":1110,"column":65}},"402":{"start":{"line":1112,"column":8},"end":{"line":1112,"column":36}},"403":{"start":{"line":1122,"column":2},"end":{"line":1156,"column":4}},"404":{"start":{"line":1123,"column":4},"end":{"line":1125,"column":6}},"405":{"start":{"line":1126,"column":4},"end":{"line":1128,"column":7}},"406":{"start":{"line":1127,"column":6},"end":{"line":1127,"column":40}},"407":{"start":{"line":1129,"column":4},"end":{"line":1134,"column":7}},"408":{"start":{"line":1130,"column":6},"end":{"line":1133,"column":36}},"409":{"start":{"line":1135,"column":4},"end":{"line":1154,"column":7}},"410":{"start":{"line":1136,"column":6},"end":{"line":1138,"column":7}},"411":{"start":{"line":1137,"column":8},"end":{"line":1137,"column":41}},"412":{"start":{"line":1139,"column":6},"end":{"line":1153,"column":7}},"413":{"start":{"line":1140,"column":8},"end":{"line":1140,"column":41}},"414":{"start":{"line":1141,"column":8},"end":{"line":1141,"column":36}},"415":{"start":{"line":1142,"column":8},"end":{"line":1142,"column":61}},"416
[...]
":{"line":78,"column":4}},{"start":{"line":78,"column":4},"end":{"line":78,"column":4}}]},"8":{"line":78,"type":"binary-expr","locations":[{"start":{"line":78,"column":7},"end":{"line":78,"column":22}},{"start":{"line":78,"column":26},"end":{"line":78,"column":34}}]},"9":{"line":94,"type":"binary-expr","locations":[{"start":{"line":94,"column":12},"end":{"line":94,"column":17}},{"start":{"line":94,"column":21},"end":{"line":94,"column":26}}]},"10":{"line":95,"type":"if","locations":[{"start":{"line":95,"column":4},"end":{"line":95,"column":4}},{"start":{"line":95,"column":4},"end":{"line":95,"column":4}}]},"11":{"line":99,"type":"if","locations":[{"start":{"line":99,"column":12},"end":{"line":99,"column":12}},{"start":{"line":99,"column":12},"end":{"line":99,"column":12}}]},"12":{"line":101,"type":"if","locations":[{"start":{"line":101,"column":18},"end":{"line":101,"column":18}},{"start":{"line":101,"column":18},"end":{"line":101,"column":18}}]},"13":{"line":136,"type":"cond-expr","locations":[{"start":{"line":136,"column":15},"end":{"line":136,"column":19}},{"start":{"line":136,"column":22},"end":{"line":136,"column":24}}]},"14":{"line":178,"type":"if","locations":[{"start":{"line":178,"column":8},"end":{"line":178,"column":8}},{"start":{"line":178,"column":8},"end":{"line":178,"column":8}}]},"15":{"line":209,"type":"if","locations":[{"start":{"line":209,"column":4},"end":{"line":209,"column":4}},{"start":{"line":209,"column":4},"end":{"line":209,"column":4}}]},"16":{"line":209,"type":"binary-expr","locations":[{"start":{"line":209,"column":9},"end":{"line":209,"column":14}},{"start":{"line":209,"column":18},"end":{"line":209,"column":35}}]},"17":{"line":211,"type":"if","locations":[{"start":{"line":211,"column":11},"end":{"line":211,"column":11}},{"start":{"line":211,"column":11},"end":{"line":211,"column":11}}]},"18":{"line":213,"type":"if","locations":[{"start":{"line":213,"column":6},"end":{"line":213,"column":6}},{"start":{"line":213,"column":6},"end":{"line":213,"column":6}}]},"19":{"line":240,"type":"binary-expr","locations":[{"start":{"line":240,"column":21},"end":{"line":240,"column":27}},{"start":{"line":240,"column":31},"end":{"line":242,"column":9}}]},"20":{"line":249,"type":"if","locations":[{"start":{"line":249,"column":6},"end":{"line":249,"column":6}},{"start":{"line":249,"column":6},"end":{"line":249,"column":6}}]},"21":{"line":251,"type":"if","locations":[{"start":{"line":251,"column":13},"end":{"line":251,"column":13}},{"start":{"line":251,"column":13},"end":{"line":251,"column":13}}]},"22":{"line":269,"type":"cond-expr","locations":[{"start":{"line":269,"column":40},"end":{"line":269,"column":48}},{"start":{"line":269,"column":51},"end":{"line":269,"column":56}}]},"23":{"line":284,"type":"if","locations":[{"start":{"line":284,"column":6},"end":{"line":284,"column":6}},{"start":{"line":284,"column":6},"end":{"line":284,"column":6}}]},"24":{"line":310,"type":"if","locations":[{"start":{"line":310,"column":6},"end":{"line":310,"column":6}},{"start":{"line":310,"column":6},"end":{"line":310,"column":6}}]},"25":{"line":332,"type":"cond-expr","locations":[{"start":{"line":333,"column":8},"end":{"line":333,"column":18}},{"start":{"line":333,"column":21},"end":{"line":333,"column":44}}]},"26":{"line":332,"type":"binary-expr","locations":[{"start":{"line":332,"column":15},"end":{"line":332,"column":36}},{"start":{"line":332,"column":41},"end":{"line":332,"column":67}}]},"27":{"line":334,"type":"if","locations":[{"start":{"line":334,"column":4},"end":{"line":334,"column":4}},{"start":{"line":334,"column":4},"end":{"line":334,"column":4}}]},"28":{"line":339,"type":"if","locations":[{"start":{"line":339,"column":4},"end":{"line":339,"column":4}},{"start":{"line":339,"column":4},"end":{"line":339,"column":4}}]},"29":{"line":343,"type":"if","locations":[{"start":{"line":343,"column":4},"end":{"line":343,"column":4}},{"start":{"line":343,"column":4},"end":{"line":343,"column":4}}]},"30":{"line":345,"type":"cond-expr","locations":[{"start":{"line":345,"column":51},"end":{"line":345,"column":53}},{"start":{"line":345,"column":56},"end":{"line":345,"column":65}}]},"31":{"line":345,"type":"binary-expr","locations":[{"start":{"line":345,"column":16},"end":{"line":345,"column":32}},{"start":{"line":345,"column":36},"end":{"line":345,"column":47}}]},"32":{"line":352,"type":"if","locations":[{"start":{"line":352,"column":6},"end":{"line":352,"column":6}},{"start":{"line":352,"column":6},"end":{"line":352,"column":6}}]},"33":{"line":374,"type":"binary-expr","locations":[{"start":{"line":374,"column":11},"end":{"line":374,"column":24}},{"start":{"line":374,"column":28},"end":{"line":374,"column":53}}]},"34":{"line":406,"type":"cond-expr","locations":[{"start":{"line":406,"column":29},"end":{"line":406,"column":31}},{"start":{"line":406,"column":34},"end":{"line":406,"column":63}}]},"35":{"line":406,"type":"cond-expr","locations":[{"start":{"line":406,"column":50},"end":{"line":406,"column":51}},{"start":{"line":406,"column":54},"end":{"line":406,"column":63}}]},"36":{"line":414,"type":"binary-expr","locations":[{"start":{"line":414,"column":10},"end":{"line":414,"column":13}},{"start":{"line":414,"column":17},"end":{"line":414,"column":28}}]},"37":{"line":415,"type":"binary-expr","locations":[{"start":{"line":415,"column":13},"end":{"line":415,"column":19}},{"start":{"line":415,"column":23},"end":{"line":415,"column":25}}]},"38":{"line":416,"type":"if","locations":[{"start":{"line":416,"column":4},"end":{"line":416,"column":4}},{"start":{"line":416,"column":4},"end":{"line":416,"column":4}}]},"39":{"line":417,"type":"cond-expr","locations":[{"start":{"line":417,"column":36},"end":{"line":417,"column":47}},{"start":{"line":417,"column":51},"end":{"line":417,"column":71}}]},"40":{"line":417,"type":"binary-expr","locations":[{"start":{"line":417,"column":51},"end":{"line":417,"column":65}},{"start":{"line":417,"column":69},"end":{"line":417,"column":71}}]},"41":{"line":420,"type":"if","locations":[{"start":{"line":420,"column":4},"end":{"line":420,"column":4}},{"start":{"line":420,"column":4},"end":{"line":420,"column":4}}]},"42":{"line":427,"type":"cond-expr","locations":[{"start":{"line":427,"column":36},"end":{"line":427,"column":73}},{"start":{"line":427,"column":76},"end":{"line":427,"column":77}}]},"43":{"line":438,"type":"cond-expr","locations":[{"start":{"line":438,"column":39},"end":{"line":438,"column":59}},{"start":{"line":438,"column":62},"end":{"line":438,"column":77}}]},"44":{"line":439,"type":"if","locations":[{"start":{"line":439,"column":4},"end":{"line":439,"column":4}},{"start":{"line":439,"column":4},"end":{"line":439,"column":4}}]},"45":{"line":441,"type":"binary-expr","locations":[{"start":{"line":441,"column":18},"end":{"line":441,"column":25}},{"start":{"line":441,"column":29},"end":{"line":441,"column":47}}]},"46":{"line":464,"type":"if","locations":[{"start":{"line":464,"column":4},"end":{"line":464,"column":4}},{"start":{"line":464,"column":4},"end":{"line":464,"column":4}}]},"47":{"line":517,"type":"if","locations":[{"start":{"line":517,"column":6},"end":{"line":517,"column":6}},{"start":{"line":517,"column":6},"end":{"line":517,"column":6}}]},"48":{"line":521,"type":"if","locations":[{"start":{"line":521,"column":6},"end":{"line":521,"column":6}},{"start":{"line":521,"column":6},"end":{"line":521,"column":6}}]},"49":{"line":530,"type":"if","locations":[{"start":{"line":530,"column":4},"end":{"line":530,"column":4}},{"start":{"line":530,"column":4},"end":{"line":530,"column":4}}]},"50":{"line":541,"type":"if","locations":[{"start":{"line":541,"column":6},"end":{"line":541,"column":6}},{"start":{"line":541,"column":6},"end":{"line":541,"column":6}}]},"51":{"line":566,"type":"binary-expr","locations":[{"start":{"line":566,"column":16},"end":{"line":566,"column":25}},{"start":{"line":566,"column":29},"end":{"line":566,"column":30}}]},"52":{"line":568,"type":"if","locations":[{"start":{"line":568,"column":4},"end":{"line":568,"column":4}},{"start":{"line":568,"column":4},"end":{"line":568,"column":4}}]},"53":{"line":571,"type":"if","locations":[{"start":{"line":571,"column":6},"end":{"line":571,"column":6}},{"start":{"line":571,"column":6},"end":{"line":571,"column":6}}]},"54":{"line":573,"type":"if","locations":[{"start":{"line":573,"column":12},"end":{"line":573,"column":12}},{"start":{"line":573,"column":12},"end":{"line":573,"column":12}}]},"55":{"line":620,"type":"binary-expr","locations":[{"start":{"line":620,"column":20},"end":{"line":620,"column":33}},{"start":{"line":620,"column":37},"end":{"line":620,"column":54}}]},"56":{"line":627,"type":"if","locations":[{"start":{"line":627,"column":8},"end":{"line":627,"column":8}},{"start":{"line":627,"column":8},"end":{"line":627,"column":8}}]},"57":{"line":630,"type":"if","locations":[{"start":{"line":630,"column":8},"end":{"line":630,"column":8}},{"start":{"line":630,"column":8},"end":{"line":630,"column":8}}]},"58":{"line":670,"type":"if","locations":[{"start":{"line":670,"column":4},"end":{"line":670,"column":4}},{"start":{"line":670,"column":4},"end":{"line":670,"column":4}}]},"59":{"line":671,"type":"if","locations":[{"start":{"line":671,"column":6},"end":{"line":671,"column":6}},{"start":{"line":671,"column":6},"end":{"line":671,"column":6}}]},"60":{"line":677,"type":"if","locations":[{"start":{"line":677,"column":4},"end":{"line":677,"column":4}},{"start":{"line":677,"column":4},"end":{"line":677,"column":4}}]},"61":{"line":680,"type":"if","locations":[{"start":{"line":680,"column":4},"end":{"line":680,"column":4}},{"start":{"line":680,"column":4},"end":{"line":680,"column":4}}]},"62":{"line":687,"type":"cond-expr","locations":[{"start":{"line":687,"column":22},"end":{"line":687,"column":25}},{"start":{"line":687,"column":28},"end":{"line":687,"column":31}}]},"63":{"line":731,"type":"if","locations":[{"start":{"line":731,"column":4},"end":{"line":731,"column":4}},{"start":{"line":731,"column":4},"end":{"line":731,"column":4}}]},"64":{"line":734,"type":"binary-expr","locations":[{"start":{"line":734,"column":18},"end":{"line":734,"column":21}},{"start":{"line":734,"column":25},"end":{"line":734,"column":27}}]},"65":{"line":737,"type":"if","locations":[{"start":{"line":737,"column":6},"end":{"line":737,"column":6}},{"start":{"line":737,"column":6},"end":{"line":737,"column":6}}]},"66":{"line":740,"type":"if","locations":[{"start":{"line":740,"column":10},"end":{"line":740,"column":10}},{"start":{"line":740,"column":10},"end":{"line":740,"column":10}}]},"67":{"line":773,"type":"binary-expr","locations":[{"start":{"line":773,"column":13},"end":{"line":773,"column":25}},{"start":{"line":773,"column":29},"end":{"line":773,"column":40}}]},"68":{"line":817,"type":"if","locations":[{"start":{"line":817,"column":10},"end":{"line":817,"column":10}},{"start":{"line":817,"column":10},"end":{"line":817,"column":10}}]},"69":{"line":825,"type":"if","locations":[{"start":{"line":825,"column":4},"end":{"line":825,"column":4}},{"start":{"line":825,"column":4},"end":{"line":825,"column":4}}]},"70":{"line":829,"type":"if","locations":[{"start":{"line":829,"column":8},"end":{"line":829,"column":8}},{"start":{"line":829,"column":8},"end":{"line":829,"column":8}}]},"71":{"line":833,"type":"if","locations":[{"start":{"line":833,"column":10},"end":{"line":833,"column":10}},{"start":{"line":833,"column":10},"end":{"line":833,"column":10}}]},"72":{"line":851,"type":"cond-expr","locations":[{"start":{"line":851,"column":21},"end":{"line":851,"column":25}},{"start":{"line":851,"column":28},"end":{"line":851,"column":42}}]},"73":{"line":851,"type":"cond-expr","locations":[{"start":{"line":851,"column":36},"end":{"line":851,"column":38}},{"start":{"line":851,"column":41},"end":{"line":851,"column":42}}]},"74":{"line":864,"type":"if","locations":[{"start":{"line":864,"column":8},"end":{"line":864,"column":8}},{"start":{"line":864,"column":8},"end":{"line":864,"column":8}}]},"75":{"line":879,"type":"cond-expr","locations":[{"start":{"line":879,"column":22},"end":{"line":879,"column":36}},{"start":{"line":879,"column":41},"end":{"line":879,"column":57}}]},"76":{"line":879,"type":"cond-expr","locations":[{"start":{"line":879,"column":30},"end":{"line":879,"column":31}},{"start":{"line":879,"column":34},"end":{"line":879,"column":36}}]},"77":{"line":879,"type":"cond-expr","locations":[{"start":{"line":879,"column":49},"end":{"line":879,"column":50}},{"start":{"line":879,"column":53},"end":{"line":879,"column":57}}]},"78":{"line":922,"type":"cond-expr","locations":[{"start":{"line":922,"column":31},"end":{"line":922,"column":33}},{"start":{"line":922,"column":36},"end":{"line":922,"column":49}}]},"79":{"line":942,"type":"cond-expr","locations":[{"start":{"line":942,"column":26},"end":{"line":942,"column":41}},{"start":{"line":942,"column":44},"end":{"line":942,"column":53}}]},"80":{"line":945,"type":"if","locations":[{"start":{"line":945,"column":4},"end":{"line":945,"column":4}},{"start":{"line":945,"column":4},"end":{"line":945,"column":4}}]},"81":{"line":954,"type":"if","locations":[{"start":{"line":954,"column":10},"end":{"line":954,"column":10}},{"start":{"line":954,"column":10},"end":{"line":954,"column":10}}]},"82":{"line":957,"type":"binary-expr","locations":[{"start":{"line":957,"column":22},"end":{"line":957,"column":31}},{"start":{"line":957,"column":35},"end":{"line":957,"column":60}}]},"83":{"line":959,"type":"if","locations":[{"start":{"line":959,"column":10},"end":{"line":959,"column":10}},{"start":{"line":959,"column":10},"end":{"line":959,"column":10}}]},"84":{"line":964,"type":"if","locations":[{"start":{"line":964,"column":10},"end":{"line":964,"column":10}},{"start":{"line":964,"column":10},"end":{"line":964,"column":10}}]},"85":{"line":968,"type":"if","locations":[{"start":{"line":968,"column":10},"end":{"line":968,"column":10}},{"start":{"line":968,"column":10},"end":{"line":968,"column":10}}]},"86":{"line":968,"type":"binary-expr","locations":[{"start":{"line":968,"column":14},"end":{"line":968,"column":19}},{"start":{"line":968,"column":23},"end":{"line":968,"column":55}}]},"87":{"line":976,"type":"cond-expr","locations":[{"start":{"line":976,"column":31},"end":{"line":976,"column":33}},{"start":{"line":976,"column":36},"end":{"line":976,"column":54}}]},"88":{"line":996,"type":"if","locations":[{"start":{"line":996,"column":6},"end":{"line":996,"column":6}},{"start":{"line":996,"column":6},"end":{"line":996,"column":6}}]},"89":{"line":1001,"type":"if","locations":[{"start":{"line":1001,"column":6},"end":{"line":1001,"column":6}},{"start":{"line":1001,"column":6},"end":{"line":1001,"column":6}}]},"90":{"line":1018,"type":"binary-expr","locations":[{"start":{"line":1018,"column":13},"end":{"line":1018,"column":24}},{"start":{"line":1018,"column":28},"end":{"line":1018,"column":70}}]},"91":{"line":1021,"type":"cond-expr","locations":[{"start":{"line":1021,"column":43},"end":{"line":1021,"column":47}},{"start":{"line":1021,"column":50},"end":{"line":1021,"column":100}}]},"92":{"line":1021,"type":"binary-expr","locations":[{"start":{"line":1021,"column":13},"end":{"line":1021,"column":28}},{"start":{"line":1021,"column":32},"end":{"line":1021,"column":40}}]},"93":{"line":1027,"type":"cond-expr","locations":[{"start":{"line":1027,"column":43},"end":{"line":1027,"column":47}},{"start":{"line":1027,"column":50},"end":{"line":1027,"column":89}}]},"94":{"line":1027,"type":"binary-expr","locations":[{"start":{"line":1027,"column":13},"end":{"line":1027,"column":21}},{"start":{"line":1027,"column":25},"end":{"line":1027,"column":40}}]},"95":{"line":1030,"type":"cond-expr","locations":[{"start":{"line":1030,"column":32},"end":{"line":1030,"column":35}},{"start":{"line":1030,"column":38},"end":{"line":1030,"column":50}}]},"96":{"line":1039,"type":"cond-expr","locations":[{"start":{"line":1039,"column":27},"end":{"line":1039,"column":31}},{"start":{"line":1039,"column":34},"end":{"line":1039,"column":51}}]},"97":{"line":1049,"type":"cond-expr","locations":[{"start":{"line":1049,"column":38},"end":{"line":1049,"column":41}},{"start":{"line":1049,"column":45},"end":{"line":1049,"column":72}}]},"98":{"line":1052,"type":"cond-expr","locations":[{"start":{"line":1052,"column":25},"end":{"line":1052,"column":27}},{"start":{"line":1052,"column":30},"end":{"line":1052,"column":39}}]},"99":{"line":1083,"type":"if","locations":[{"start":{"line":1083,"column":8},"end":{"line":1083,"column":8}},{"start":{"line":1083,"column":8},"end":{"line":1083,"column":8}}]},"100":{"line":1083,"type":"binary-expr","locations":[{"start":{"line":1083,"column":11},"end":{"line":1083,"column":22}},{"start":{"line":1083,"column":26},"end":{"line":1083,"column":32}}]},"101":{"line":1086,"type":"if","locations":[{"start":{"line":1086,"column":8},"end":{"line":1086,"column":8}},{"start":{"line":1086,"column":8},"end":{"line":1086,"column":8}}]},"102":{"line":1088,"type":"if","locations":[{"start":{"line":1088,"column":10},"end":{"line":1088,"column":10}},{"start":{"line":1088,"column":10},"end":{"line":1088,"column":10}}]},"103":{"line":1092,"type":"if","locations":[{"start":{"line":1092,"column":8},"end":{"line":1092,"column":8}},{"start":{"line":1092,"column":8},"end":{"line":1092,"column":8}}]},"104":{"line":1094,"type":"if","locations":[{"start":{"line":1094,"column":10},"end":{"line":1094,"column":10}},{"start":{"line":1094,"column":10},"end":{"line":1094,"column":10}}]},"105":{"line":1101,"type":"cond-expr","locations":[{"start":{"line":1101,"column":33},"end":{"line":1101,"column":36}},{"start":{"line":1101,"column":39},"end":{"line":1101,"column":41}}]},"106":{"line":1104,"type":"cond-expr","locations":[{"start":{"line":1104,"column":20},"end":{"line":1104,"column":32}},{"start":{"line":1104,"column":37},"end":{"line":1104,"column":50}}]},"107":{"line":1104,"type":"cond-expr","locations":[{"start":{"line":1104,"column":24},"end":{"line":1104,"column":28}},{"start":{"line":1104,"column":31},"end":{"line":1104,"column":32}}]},"108":{"line":1104,"type":"cond-expr","locations":[{"start":{"line":1104,"column":41},"end":{"line":1104,"column":43}},{"start":{"line":1104,"column":46},"end":{"line":1104,"column":50}}]},"109":{"line":1110,"type":"binary-expr","locations":[{"start":{"line":1110,"column":36},"end":{"line":1110,"column":51}},{"start":{"line":1110,"column":55},"end":{"line":1110,"column":63}}]},"110":{"line":1112,"type":"cond-expr","locations":[{"start":{"line":1112,"column":26},"end":{"line":1112,"column":30}},{"start":{"line":1112,"column":33},"end":{"line":1112,"column":34}}]},"111":{"line":1136,"type":"if","locations":[{"start":{"line":1136,"column":6},"end":{"line":1136,"column":6}},{"start":{"line":1136,"column":6},"end":{"line":1136,"column":6}}]},"112":{"line":1143,"type":"if","locations":[{"start":{"line":1143,"column":8},"end":{"line":1143,"column":8}},{"start":{"line":1143,"column":8},"end":{"line":1143,"column":8}}]},"113":{"line":1146,"type":"if","locations":[{"start":{"line":1146,"column":8},"end":{"line":1146,"column":8}},{"start":{"line":1146,"column":8},"end":{"line":1146,"column":8}}]},"114":{"line":1160,"type":"if","locations":[{"start":{"line":1160,"column":6},"end":{"line":1160,"column":6}},{"start":{"line":1160,"column":6},"end":{"line":1160,"column":6}}]},"115":{"line":1162,"type":"if","locations":[{"start":{"line":1162,"column":8},"end":{"line":1162,"column":8}},{"start":{"line":1162,"column":8},"end":{"line":1162,"column":8}}]},"116":{"line":1172,"type":"if","locations":[{"start":{"line":1172,"column":4},"end":{"line":1172,"column":4}},{"start":{"line":1172,"column":4},"end":{"line":1172,"column":4}}]},"117":{"line":1176,"type":"if","locations":[{"start":{"line":1176,"column":8},"end":{"line":1176,"column":8}},{"start":{"line":1176,"column":8},"end":{"line":1176,"column":8}}]},"118":{"line":1187,"type":"cond-expr","locations":[{"start":{"line":1187,"column":40},"end":{"line":1187,"column":50}},{"start":{"line":1187,"column":53},"end":{"line":1187,"column":73}}]}}}}