TN:
SF:/Users/sergeyk/git/wdf/wdf/DataFrame.js
FN:4,(anonymous_1)
FN:14,(anonymous_2)
FN:23,(anonymous_3)
FN:29,(anonymous_4)
FN:40,(anonymous_5)
FN:43,(anonymous_6)
FN:47,(anonymous_7)
FN:50,(anonymous_8)
FN:53,(anonymous_9)
FN:61,(anonymous_10)
FN:64,(anonymous_11)
FN:71,(anonymous_12)
FN:77,(anonymous_13)
FN:82,(anonymous_14)
FN:94,(anonymous_15)
FN:107,(anonymous_16)
FN:128,(anonymous_17)
FN:155,make_df_from_
FN:159,parse_csv_to_array_of_rows
FN:191,(anonymous_20)
FN:233,(anonymous_21)
FN:238,(anonymous_22)
FN:245,(anonymous_23)
FN:249,(anonymous_24)
FN:256,parse_dom_table_to_array_of_rows
FN:257,(anonymous_26)
FN:258,(anonymous_27)
FN:264,(anonymous_28)
FN:278,(anonymous_29)
FN:282,(anonymous_30)
FN:292,(anonymous_31)
FN:295,(anonymous_32)
FN:305,(anonymous_33)
FN:310,(anonymous_34)
FN:321,(anonymous_35)
FN:331,(anonymous_36)
FN:343,(anonymous_37)
FN:352,(anonymous_38)
FN:358,(anonymous_39)
FN:366,(anonymous_40)
FN:373,(anonymous_41)
FN:376,(anonymous_42)
FN:387,(anonymous_43)
FN:399,(anonymous_44)
FN:420,(anonymous_45)
FN:433,(anonymous_46)
FN:439,(anonymous_47)
FN:449,(anonymous_48)
FNF:48
FNH:47
FNDA:1,(anonymous_1)
FNDA:75,(anonymous_2)
FNDA:0,(anonymous_3)
FNDA:6,(anonymous_4)
FNDA:82,(anonymous_5)
FNDA:125,(anonymous_6)
FNDA:84,(anonymous_7)
FNDA:42,(anonymous_8)
FNDA:168,(anonymous_9)
FNDA:18,(anonymous_10)
FNDA:144,(anonymous_11)
FNDA:25,(anonymous_12)
FNDA:126,(anonymous_13)
FNDA:90,(anonymous_14)
FNDA:280,(anonymous_15)
FNDA:25,(anonymous_16)
FNDA:26,(anonymous_17)
FNDA:12,make_df_from_
FNDA:10,parse_csv_to_array_of_rows
FNDA:6,(anonymous_20)
FNDA:10,(anonymous_21)
FNDA:4,(anonymous_22)
FNDA:2,(anonymous_23)
FNDA:14,(anonymous_24)
FNDA:2,parse_dom_table_to_array_of_rows
FNDA:12,(anonymous_26)
FNDA:36,(anonymous_27)
FNDA:1,(anonymous_28)
FNDA:2,(anonymous_29)
FNDA:2,(anonymous_30)
FNDA:11,(anonymous_31)
FNDA:32,(anonymous_32)
FNDA:19,(anonymous_33)
FNDA:94,(anonymous_34)
FNDA:14,(anonymous_35)
FNDA:109,(anonymous_36)
FNDA:5,(anonymous_37)
FNDA:34,(anonymous_38)
FNDA:2,(anonymous_39)
FNDA:4,(anonymous_40)
FNDA:11,(anonymous_41)
FNDA:34,(anonymous_42)
FNDA:3,(anonymous_43)
FNDA:5,(anonymous_44)
FNDA:4,(anonymous_45)
FNDA:2,(anonymous_46)
FNDA:1,(anonymous_47)
FNDA:2,(anonymous_48)
DA:4,1
DA:7,1
DA:8,1
DA:14,1
DA:15,75
DA:16,75
DA:17,75
DA:18,60
DA:20,75
DA:23,1
DA:24,0
DA:25,0
DA:29,1
DA:30,6
DA:31,6
DA:32,6
DA:33,6
DA:34,6
DA:35,6
DA:40,1
DA:41,82
DA:42,82
DA:43,82
DA:44,125
DA:46,82
DA:47,31
DA:48,84
DA:50,31
DA:51,42
DA:53,31
DA:54,168
DA:56,31
DA:57,0
DA:60,51
DA:61,51
DA:62,18
DA:64,51
DA:65,144
DA:71,1
DA:72,25
DA:73,25
DA:77,1
DA:78,126
DA:82,1
DA:83,90
DA:84,90
DA:85,72
DA:86,72
DA:87,72
DA:88,72
DA:90,90
DA:94,1
DA:95,280
DA:96,280
DA:97,3
DA:98,3
DA:99,3
DA:100,3
DA:101,3
DA:103,280
DA:107,1
DA:108,25
DA:109,60
DA:110,60
DA:111,24
DA:112,24
DA:114,60
DA:116,25
DA:128,1
DA:129,26
DA:130,26
DA:131,1
DA:133,25
DA:134,25
DA:135,25
DA:136,25
DA:137,25
DA:138,77
DA:139,77
DA:140,12
DA:141,12
DA:142,27
DA:144,65
DA:145,64
DA:146,280
DA:149,1
DA:152,24
DA:155,1
DA:156,12
DA:157,12
DA:159,1
DA:160,10
DA:161,10
DA:163,10
DA:164,10
DA:165,598
DA:166,598
DA:167,598
DA:168,598
DA:169,2
DA:170,2
DA:171,2
DA:173,596
DA:174,8
DA:175,8
DA:177,588
DA:178,63
DA:179,63
DA:181,525
DA:182,31
DA:183,31
DA:184,31
DA:186,494
DA:188,10
DA:191,1
DA:192,6
DA:193,6
DA:194,16
DA:195,10
DA:197,16
DA:199,6
DA:200,6
DA:201,16
DA:202,60
DA:203,44
DA:205,60
DA:206,60
DA:209,4
DA:210,4
DA:211,24
DA:212,24
DA:213,2
DA:215,24
DA:217,4
DA:219,56
DA:222,16
DA:224,6
DA:233,1
DA:234,10
DA:238,1
DA:239,4
DA:240,4
DA:241,4
DA:242,4
DA:245,1
DA:246,2
DA:247,2
DA:248,2
DA:249,2
DA:250,14
DA:251,14
DA:253,2
DA:256,1
DA:257,2
DA:258,12
DA:259,36
DA:264,1
DA:265,1
DA:266,1
DA:267,6
DA:268,6
DA:278,1
DA:279,2
DA:282,1
DA:283,2
DA:292,1
DA:293,11
DA:294,11
DA:295,11
DA:296,32
DA:298,11
DA:305,1
DA:306,19
DA:307,19
DA:308,19
DA:309,19
DA:310,19
DA:311,94
DA:313,19
DA:321,1
DA:322,14
DA:331,1
DA:332,109
DA:333,109
DA:334,109
DA:335,109
DA:343,1
DA:344,5
DA:345,5
DA:346,5
DA:352,1
DA:353,34
DA:358,1
DA:359,2
DA:360,2
DA:361,2
DA:366,1
DA:367,4
DA:373,1
DA:374,11
DA:375,11
DA:376,10
DA:377,34
DA:380,1
DA:387,1
DA:388,3
DA:389,16
DA:399,1
DA:400,5
DA:401,5
DA:402,15
DA:403,15
DA:404,14
DA:407,5
DA:420,1
DA:421,4
DA:422,4
DA:423,16
DA:424,16
DA:425,16
DA:426,12
DA:428,16
DA:430,4
DA:433,1
DA:434,2
DA:435,2
DA:436,2
DA:439,1
DA:440,1
DA:449,1
DA:450,2
DA:453,1
LF:232
LH:229
BRDA:17,1,0,60
BRDA:17,1,1,15
BRDA:30,2,0,6
BRDA:30,2,1,0
BRDA:30,3,0,6
BRDA:30,3,1,0
BRDA:33,4,0,6
BRDA:33,4,1,0
BRDA:46,5,0,31
BRDA:46,5,1,51
BRDA:56,6,0,0
BRDA:56,6,1,31
BRDA:56,7,0,31
BRDA:56,7,1,0
BRDA:78,8,0,67
BRDA:78,8,1,59
BRDA:84,9,0,72
BRDA:84,9,1,18
BRDA:96,10,0,3
BRDA:96,10,1,277
BRDA:110,11,0,24
BRDA:110,11,1,36
BRDA:130,12,0,1
BRDA:130,12,1,25
BRDA:130,13,0,26
BRDA:130,13,1,25
BRDA:133,14,0,25
BRDA:133,14,1,6
BRDA:134,15,0,25
BRDA:134,15,1,1
BRDA:135,16,0,25
BRDA:135,16,1,6
BRDA:139,17,0,12
BRDA:139,17,1,65
BRDA:144,18,0,64
BRDA:144,18,1,1
BRDA:156,19,0,12
BRDA:156,19,1,9
BRDA:166,20,0,598
BRDA:166,20,1,31
BRDA:167,21,0,598
BRDA:167,21,1,98
BRDA:168,22,0,2
BRDA:168,22,1,596
BRDA:168,23,0,598
BRDA:168,23,1,10
BRDA:168,23,2,6
BRDA:173,24,0,8
BRDA:173,24,1,588
BRDA:177,25,0,63
BRDA:177,25,1,525
BRDA:177,26,0,588
BRDA:177,26,1,67
BRDA:181,27,0,31
BRDA:181,27,1,494
BRDA:181,28,0,525
BRDA:181,28,1,36
BRDA:194,29,0,10
BRDA:194,29,1,6
BRDA:202,30,0,44
BRDA:202,30,1,16
BRDA:206,31,0,4
BRDA:206,31,1,56
BRDA:206,32,0,60
BRDA:206,32,1,59
BRDA:206,32,2,56
BRDA:212,33,0,2
BRDA:212,33,1,22
BRDA:265,34,0,1
BRDA:265,34,1,1
BRDA:306,35,0,19
BRDA:306,35,1,5
BRDA:332,36,0,109
BRDA:332,36,1,49
BRDA:375,37,0,10
BRDA:375,37,1,1
BRDA:403,38,0,14
BRDA:403,38,1,1
BRDA:425,39,0,12
BRDA:425,39,1,4
BRF:80
BRH:75
end_of_record
TN:
SF:/Users/sergeyk/git/wdf/wdf/utils.js
FN:6,(anonymous_1)
FN:18,(anonymous_2)
FN:27,(anonymous_3)
FN:30,(anonymous_4)
FN:36,(anonymous_5)
FN:44,(anonymous_6)
FN:53,(anonymous_7)
FN:61,(anonymous_8)
FN:68,(anonymous_9)
FN:77,(anonymous_10)
FN:93,(anonymous_11)
FN:97,(anonymous_12)
FN:114,(anonymous_13)
FN:134,(anonymous_14)
FN:150,(anonymous_15)
FN:151,(anonymous_16)
FN:173,(anonymous_17)
FN:175,(anonymous_18)
FN:208,(anonymous_19)
FN:239,(anonymous_20)
FN:240,(anonymous_21)
FN:266,(anonymous_22)
FN:279,(anonymous_23)
FN:296,(anonymous_24)
FN:308,(anonymous_25)
FN:331,(anonymous_26)
FN:335,(anonymous_27)
FN:344,(anonymous_28)
FN:372,(anonymous_29)
FN:384,(anonymous_30)
FN:385,(anonymous_31)
FN:394,(anonymous_32)
FN:395,(anonymous_33)
FN:405,(anonymous_34)
FN:413,(anonymous_35)
FN:425,(anonymous_36)
FN:434,(anonymous_37)
FN:435,check
FN:462,pad_with
FN:480,pad_with_zeros
FN:503,(anonymous_41)
FN:529,new_date
FN:538,parse_date
FN:565,(anonymous_44)
FN:586,(anonymous_45)
FN:596,(anonymous_46)
FN:619,(anonymous_47)
FN:622,(anonymous_48)
FN:643,(anonymous_49)
FN:652,(anonymous_50)
FN:669,(anonymous_51)
FN:730,(anonymous_52)
FN:736,inverse
FN:748,(anonymous_54)
FN:750,(anonymous_55)
FN:752,(anonymous_56)
FN:754,(anonymous_57)
FN:756,(anonymous_58)
FN:758,(anonymous_59)
FN:764,(anonymous_60)
FN:767,isValueChar
FN:771,next
FN:780,(anonymous_63)
FN:783,(anonymous_64)
FN:786,(anonymous_65)
FN:787,(anonymous_66)
FN:791,(anonymous_67)
FN:794,(anonymous_68)
FN:797,(anonymous_69)
FN:807,(anonymous_70)
FN:813,(anonymous_71)
FN:827,(anonymous_72)
FN:850,generic_order
FN:858,(anonymous_74)
FN:860,(anonymous_75)
FN:877,(anonymous_76)
FN:878,(anonymous_77)
FN:892,(anonymous_78)
FN:893,(anonymous_79)
FN:901,(anonymous_80)
FN:902,(anonymous_81)
FN:908,(anonymous_82)
FN:914,(anonymous_83)
FN:915,(anonymous_84)
FN:920,build_to_string_fn
FN:921,(anonymous_86)
FN:930,(anonymous_87)
FN:939,Type
FN:941,(anonymous_89)
FN:953,(anonymous_90)
FN:975,(anonymous_91)
FN:984,(anonymous_92)
FN:994,(anonymous_93)
FN:1017,(anonymous_94)
FN:1020,(anonymous_95)
FN:1023,(anonymous_96)
FN:1026,(anonymous_97)
FN:1029,(anonymous_98)
FN:1032,(anonymous_99)
FN:1035,(anonymous_100)
FN:1038,(anonymous_101)
FN:1048,(anonymous_102)
FN:1051,(anonymous_103)
FN:1082,(anonymous_104)
FN:1100,(anonymous_105)
FN:1103,(anonymous_106)
FN:1110,(anonymous_107)
FN:1111,(anonymous_108)
FN:1122,(anonymous_109)
FN:1126,(anonymous_110)
FN:1129,(anonymous_111)
FN:1135,(anonymous_112)
FN:1158,(anonymous_113)
FN:1170,(anonymous_114)
FN:1186,(anonymous_115)
FNF:115
FNH:103
FNDA:1,(anonymous_1)
FNDA:5,(anonymous_2)
FNDA:43,(anonymous_3)
FNDA:97,(anonymous_4)
FNDA:903,(anonymous_5)
FNDA:14,(anonymous_6)
FNDA:6,(anonymous_7)
FNDA:14,(anonymous_8)
FNDA:32,(anonymous_9)
FNDA:35,(anonymous_10)
FNDA:1,(anonymous_11)
FNDA:3,(anonymous_12)
FNDA:1,(anonymous_13)
FNDA:4,(anonymous_14)
FNDA:2,(anonymous_15)
FNDA:5,(anonymous_16)
FNDA:1,(anonymous_17)
FNDA:3,(anonymous_18)
FNDA:14,(anonymous_19)
FNDA:22,(anonymous_20)
FNDA:61,(anonymous_21)
FNDA:2,(anonymous_22)
FNDA:1,(anonymous_23)
FNDA:0,(anonymous_24)
FNDA:1,(anonymous_25)
FNDA:8,(anonymous_26)
FNDA:12,(anonymous_27)
FNDA:20,(anonymous_28)
FNDA:2,(anonymous_29)
FNDA:1,(anonymous_30)
FNDA:4,(anonymous_31)
FNDA:1,(anonymous_32)
FNDA:3,(anonymous_33)
FNDA:44,(anonymous_34)
FNDA:6,(anonymous_35)
FNDA:6,(anonymous_36)
FNDA:48,(anonymous_37)
FNDA:51,check
FNDA:10,pad_with
FNDA:371,pad_with_zeros
FNDA:7,(anonymous_41)
FNDA:203,new_date
FNDA:260,parse_date
FNDA:249,(anonymous_44)
FNDA:1,(anonymous_45)
FNDA:69,(anonymous_46)
FNDA:70,(anonymous_47)
FNDA:70,(anonymous_48)
FNDA:10,(anonymous_49)
FNDA:1,(anonymous_50)
FNDA:4,(anonymous_51)
FNDA:2,(anonymous_52)
FNDA:3,inverse
FNDA:2,(anonymous_54)
FNDA:3,(anonymous_55)
FNDA:1,(anonymous_56)
FNDA:1,(anonymous_57)
FNDA:1,(anonymous_58)
FNDA:0,(anonymous_59)
FNDA:1,(anonymous_60)
FNDA:29,isValueChar
FNDA:17,next
FNDA:0,(anonymous_63)
FNDA:8,(anonymous_64)
FNDA:9,(anonymous_65)
FNDA:15,(anonymous_66)
FNDA:0,(anonymous_67)
FNDA:0,(anonymous_68)
FNDA:0,(anonymous_69)
FNDA:7,(anonymous_70)
FNDA:3,(anonymous_71)
FNDA:8,(anonymous_72)
FNDA:66,generic_order
FNDA:6,(anonymous_74)
FNDA:80,(anonymous_75)
FNDA:12,(anonymous_76)
FNDA:149,(anonymous_77)
FNDA:1,(anonymous_78)
FNDA:11,(anonymous_79)
FNDA:1,(anonymous_80)
FNDA:6,(anonymous_81)
FNDA:1,(anonymous_82)
FNDA:0,(anonymous_83)
FNDA:0,(anonymous_84)
FNDA:0,build_to_string_fn
FNDA:0,(anonymous_86)
FNDA:6,(anonymous_87)
FNDA:6,Type
FNDA:58,(anonymous_89)
FNDA:275,(anonymous_90)
FNDA:131,(anonymous_91)
FNDA:6,(anonymous_92)
FNDA:1,(anonymous_93)
FNDA:458,(anonymous_94)
FNDA:275,(anonymous_95)
FNDA:68,(anonymous_96)
FNDA:26,(anonymous_97)
FNDA:18,(anonymous_98)
FNDA:0,(anonymous_99)
FNDA:11,(anonymous_100)
FNDA:42,(anonymous_101)
FNDA:47,(anonymous_102)
FNDA:16,(anonymous_103)
FNDA:73,(anonymous_104)
FNDA:3,(anonymous_105)
FNDA:0,(anonymous_106)
FNDA:73,(anonymous_107)
FNDA:3,(anonymous_108)
FNDA:17,(anonymous_109)
FNDA:102,(anonymous_110)
FNDA:85,(anonymous_111)
FNDA:73,(anonymous_112)
FNDA:109,(anonymous_113)
FNDA:16,(anonymous_114)
FNDA:106,(anonymous_115)
DA:6,1
DA:8,1
DA:9,1
DA:18,1
DA:19,5
DA:27,1
DA:28,43
DA:29,42
DA:30,97
DA:36,1
DA:37,903
DA:44,1
DA:45,14
DA:53,1
DA:54,6
DA:61,1
DA:62,14
DA:68,1
DA:69,32
DA:77,1
DA:78,35
DA:79,14
DA:81,21
DA:93,1
DA:94,1
DA:95,1
DA:96,1
DA:98,3
DA:99,3
DA:100,2
DA:101,1
DA:102,0
DA:114,1
DA:115,1
DA:116,1
DA:117,1
DA:134,1
DA:135,4
DA:136,4
DA:150,1
DA:151,2
DA:152,5
DA:173,1
DA:174,1
DA:175,1
DA:176,3
DA:177,5
DA:178,5
DA:179,2
DA:182,1
DA:208,1
DA:209,14
DA:210,1
DA:211,13
DA:212,13
DA:213,13
DA:214,7
DA:217,6
DA:239,1
DA:240,22
DA:241,61
DA:243,22
DA:244,22
DA:245,22
DA:246,22
DA:247,61
DA:248,61
DA:249,61
DA:250,33
DA:251,28
DA:252,21
DA:254,7
DA:257,15
DA:266,1
DA:267,2
DA:268,2
DA:269,8
DA:271,2
DA:279,1
DA:280,1
DA:281,1
DA:282,2
DA:283,2
DA:284,2
DA:285,2
DA:288,1
DA:296,1
DA:297,0
DA:308,1
DA:309,1
DA:310,2
DA:311,2
DA:331,1
DA:332,8
DA:334,8
DA:335,4
DA:336,12
DA:339,8
DA:340,4
DA:342,8
DA:343,8
DA:344,5
DA:345,20
DA:348,8
DA:349,8
DA:350,8
DA:351,8
DA:352,32
DA:353,24
DA:355,32
DA:356,32
DA:357,32
DA:359,8
DA:372,1
DA:373,2
DA:374,2
DA:375,5
DA:377,2
DA:384,1
DA:385,1
DA:386,4
DA:394,1
DA:395,1
DA:396,3
DA:405,1
DA:406,44
DA:413,1
DA:414,6
DA:415,6
DA:416,6
DA:417,5
DA:418,5
DA:420,6
DA:421,1
DA:423,5
DA:425,6
DA:426,6
DA:427,6
DA:429,6
DA:434,1
DA:435,1
DA:436,51
DA:438,48
DA:439,48
DA:440,4
DA:462,1
DA:463,10
DA:464,10
DA:465,7
DA:467,10
DA:480,1
DA:481,371
DA:482,371
DA:483,70
DA:485,371
DA:489,1
DA:502,1
DA:503,1
DA:504,7
DA:505,7
DA:506,17
DA:508,7
DA:512,1
DA:513,9
DA:514,9
DA:515,9
DA:516,9
DA:517,52
DA:518,43
DA:520,52
DA:521,52
DA:522,51
DA:524,9
DA:525,9
DA:529,1
DA:530,203
DA:531,202
DA:533,1
DA:538,1
DA:539,260
DA:540,1700
DA:541,1700
DA:542,203
DA:543,203
DA:544,1013
DA:546,203
DA:547,203
DA:550,57
DA:565,1
DA:566,249
DA:567,249
DA:568,249
DA:569,192
DA:570,192
DA:571,192
DA:572,176
DA:573,16
DA:574,5
DA:577,68
DA:586,1
DA:587,1
DA:596,1
DA:597,69
DA:609,1
DA:619,1
DA:620,70
DA:621,70
DA:622,70
DA:623,70
DA:624,70
DA:625,70
DA:626,70
DA:627,371
DA:628,301
DA:630,371
DA:631,371
DA:634,70
DA:643,1
DA:644,10
DA:652,1
DA:653,1
DA:669,1
DA:670,4
DA:671,0
DA:672,0
DA:674,0
DA:677,4
DA:678,0
DA:680,4
DA:681,3
DA:682,3
DA:683,3
DA:684,3
DA:685,3
DA:686,3
DA:687,3
DA:689,1
DA:730,1
DA:731,2
DA:732,1
DA:734,1
DA:735,1
DA:736,1
DA:737,3
DA:738,2
DA:739,2
DA:740,5
DA:741,5
DA:745,3
DA:748,2
DA:750,3
DA:752,1
DA:754,1
DA:756,1
DA:758,1
DA:764,1
DA:765,1
DA:767,1
DA:768,29
DA:771,1
DA:772,17
DA:773,17
DA:774,15
DA:776,17
DA:779,1
DA:781,0
DA:784,8
DA:787,9
DA:788,15
DA:792,0
DA:795,0
DA:798,0
DA:807,1
DA:808,7
DA:809,7
DA:810,7
DA:814,3
DA:815,3
DA:816,3
DA:817,3
DA:818,3
DA:819,3
DA:822,3
DA:825,7
DA:826,4
DA:827,4
DA:828,8
DA:829,8
DA:830,6
DA:833,3
DA:834,0
DA:836,7
DA:850,1
DA:851,66
DA:858,1
DA:859,6
DA:860,6
DA:861,80
DA:862,80
DA:863,215
DA:864,215
DA:865,73
DA:866,73
DA:869,80
DA:877,1
DA:878,12
DA:879,149
DA:892,1
DA:893,1
DA:894,11
DA:901,1
DA:902,6
DA:908,1
DA:909,1
DA:914,1
DA:915,0
DA:916,0
DA:920,1
DA:921,0
DA:922,0
DA:930,1
DA:931,6
DA:932,6
DA:933,6
DA:934,6
DA:937,1
DA:939,1
DA:940,6
DA:941,6
DA:942,58
DA:944,6
DA:945,6
DA:946,3
DA:948,6
DA:949,6
DA:954,275
DA:955,84
DA:957,191
DA:958,191
DA:959,191
DA:960,24
DA:963,167
DA:964,167
DA:965,135
DA:967,32
DA:968,32
DA:969,11
DA:971,21
DA:972,21
DA:976,131
DA:979,6
DA:984,1
DA:985,6
DA:986,6
DA:989,1
DA:994,1
DA:995,1
DA:996,6
DA:997,6
DA:1000,1
DA:1001,6
DA:1002,6
DA:1007,1
DA:1009,1
DA:1013,1
DA:1014,1
DA:1016,1
DA:1018,458
DA:1021,275
DA:1024,68
DA:1027,26
DA:1030,18
DA:1033,0
DA:1036,11
DA:1039,42
DA:1043,1
DA:1049,47
DA:1052,16
DA:1083,73
DA:1084,11
DA:1086,62
DA:1087,62
DA:1088,62
DA:1089,29
DA:1092,33
DA:1093,14
DA:1094,14
DA:1095,5
DA:1098,28
DA:1101,3
DA:1104,0
DA:1110,73
DA:1112,3
DA:1122,1
DA:1123,17
DA:1126,17
DA:1127,102
DA:1129,17
DA:1130,85
DA:1135,17
DA:1136,73
DA:1137,9
DA:1139,73
DA:1140,168
DA:1141,168
DA:1142,168
DA:1143,168
DA:1144,22
DA:1146,168
DA:1147,59
DA:1148,59
DA:1150,109
DA:1151,109
DA:1155,17
DA:1158,1
DA:1159,109
DA:1160,624
DA:1161,624
DA:1162,624
DA:1163,89
DA:1167,20
DA:1170,1
DA:1171,16
DA:1172,16
DA:1173,3
DA:1175,13
DA:1176,27
DA:1177,13
DA:1186,1
DA:1187,106
LF:430
LH:413
BRDA:19,1,0,5
BRDA:19,1,1,5
BRDA:19,1,2,3
BRDA:19,1,3,2
BRDA:37,2,0,903
BRDA:37,2,1,871
BRDA:45,3,0,14
BRDA:45,3,1,11
BRDA:45,3,2,8
BRDA:45,3,3,6
BRDA:45,3,4,5
BRDA:54,4,0,6
BRDA:54,4,1,4
BRDA:54,4,2,4
BRDA:62,5,0,14
BRDA:62,5,1,12
BRDA:62,5,2,3
BRDA:69,6,0,32
BRDA:69,6,1,32
BRDA:78,7,0,14
BRDA:78,7,1,21
BRDA:78,8,0,35
BRDA:78,8,1,35
BRDA:94,9,0,1
BRDA:94,9,1,1
BRDA:95,10,0,1
BRDA:95,10,1,0
BRDA:99,11,0,2
BRDA:99,11,1,1
BRDA:101,12,0,0
BRDA:101,12,1,1
BRDA:136,13,0,4
BRDA:136,13,1,0
BRDA:178,14,0,2
BRDA:178,14,1,3
BRDA:209,15,0,1
BRDA:209,15,1,13
BRDA:209,16,0,14
BRDA:209,16,1,13
BRDA:211,17,0,13
BRDA:211,17,1,0
BRDA:213,18,0,7
BRDA:213,18,1,6
BRDA:240,19,0,22
BRDA:240,19,1,22
BRDA:249,20,0,33
BRDA:249,20,1,28
BRDA:251,21,0,21
BRDA:251,21,1,7
BRDA:269,22,0,0
BRDA:269,22,1,8
BRDA:284,23,0,2
BRDA:284,23,1,0
BRDA:310,24,0,2
BRDA:310,24,1,0
BRDA:332,25,0,2
BRDA:332,25,1,6
BRDA:332,26,0,8
BRDA:332,26,1,6
BRDA:334,27,0,4
BRDA:334,27,1,4
BRDA:339,28,0,4
BRDA:339,28,1,4
BRDA:343,29,0,5
BRDA:343,29,1,3
BRDA:345,30,0,10
BRDA:345,30,1,10
BRDA:345,31,0,20
BRDA:345,31,1,15
BRDA:352,32,0,24
BRDA:352,32,1,8
BRDA:374,33,0,7
BRDA:374,33,1,7
BRDA:406,34,0,0
BRDA:406,34,1,44
BRDA:406,35,0,27
BRDA:406,35,1,17
BRDA:414,36,0,6
BRDA:414,36,1,5
BRDA:415,37,0,6
BRDA:415,37,1,0
BRDA:416,38,0,5
BRDA:416,38,1,1
BRDA:417,39,0,0
BRDA:417,39,1,5
BRDA:417,40,0,5
BRDA:417,40,1,0
BRDA:420,41,0,1
BRDA:420,41,1,5
BRDA:427,42,0,6
BRDA:427,42,1,0
BRDA:438,43,0,45
BRDA:438,43,1,3
BRDA:439,44,0,4
BRDA:439,44,1,44
BRDA:441,45,0,4
BRDA:441,45,1,3
BRDA:464,46,0,7
BRDA:464,46,1,3
BRDA:517,47,0,43
BRDA:517,47,1,9
BRDA:521,48,0,51
BRDA:521,48,1,1
BRDA:530,49,0,202
BRDA:530,49,1,1
BRDA:541,50,0,203
BRDA:541,50,1,1497
BRDA:566,51,0,249
BRDA:566,51,1,0
BRDA:568,52,0,192
BRDA:568,52,1,57
BRDA:571,53,0,176
BRDA:571,53,1,16
BRDA:573,54,0,5
BRDA:573,54,1,11
BRDA:620,55,0,70
BRDA:620,55,1,68
BRDA:627,56,0,301
BRDA:627,56,1,70
BRDA:630,57,0,371
BRDA:630,57,1,0
BRDA:670,58,0,0
BRDA:670,58,1,4
BRDA:671,59,0,0
BRDA:671,59,1,0
BRDA:677,60,0,0
BRDA:677,60,1,4
BRDA:680,61,0,3
BRDA:680,61,1,1
BRDA:687,62,0,2
BRDA:687,62,1,1
BRDA:731,63,0,1
BRDA:731,63,1,1
BRDA:734,64,0,1
BRDA:734,64,1,0
BRDA:737,65,0,2
BRDA:737,65,1,1
BRDA:740,66,0,5
BRDA:740,66,1,0
BRDA:773,67,0,32
BRDA:773,67,1,29
BRDA:817,68,0,3
BRDA:817,68,1,0
BRDA:825,69,0,4
BRDA:825,69,1,3
BRDA:829,70,0,6
BRDA:829,70,1,2
BRDA:833,71,0,0
BRDA:833,71,1,3
BRDA:851,72,0,7
BRDA:851,72,1,59
BRDA:851,73,0,24
BRDA:851,73,1,35
BRDA:864,74,0,73
BRDA:864,74,1,142
BRDA:879,75,0,4
BRDA:879,75,1,145
BRDA:879,76,0,1
BRDA:879,76,1,3
BRDA:879,77,0,10
BRDA:879,77,1,135
BRDA:922,78,0,0
BRDA:922,78,1,0
BRDA:942,79,0,34
BRDA:942,79,1,24
BRDA:945,80,0,3
BRDA:945,80,1,3
BRDA:954,81,0,84
BRDA:954,81,1,191
BRDA:957,82,0,191
BRDA:957,82,1,99
BRDA:959,83,0,24
BRDA:959,83,1,167
BRDA:964,84,0,135
BRDA:964,84,1,32
BRDA:968,85,0,11
BRDA:968,85,1,21
BRDA:968,86,0,32
BRDA:968,86,1,20
BRDA:976,87,0,21
BRDA:976,87,1,110
BRDA:996,88,0,6
BRDA:996,88,1,0
BRDA:1001,89,0,6
BRDA:1001,89,1,0
BRDA:1018,90,0,458
BRDA:1018,90,1,30
BRDA:1021,91,0,26
BRDA:1021,91,1,249
BRDA:1021,92,0,275
BRDA:1021,92,1,261
BRDA:1027,93,0,12
BRDA:1027,93,1,14
BRDA:1027,94,0,26
BRDA:1027,94,1,17
BRDA:1030,95,0,9
BRDA:1030,95,1,9
BRDA:1039,96,0,4
BRDA:1039,96,1,38
BRDA:1049,97,0,12
BRDA:1049,97,1,35
BRDA:1052,98,0,4
BRDA:1052,98,1,12
BRDA:1083,99,0,11
BRDA:1083,99,1,62
BRDA:1083,100,0,73
BRDA:1083,100,1,71
BRDA:1086,101,0,62
BRDA:1086,101,1,0
BRDA:1088,102,0,29
BRDA:1088,102,1,33
BRDA:1092,103,0,14
BRDA:1092,103,1,19
BRDA:1094,104,0,5
BRDA:1094,104,1,9
BRDA:1101,105,0,1
BRDA:1101,105,1,2
BRDA:1104,106,0,0
BRDA:1104,106,1,0
BRDA:1104,107,0,0
BRDA:1104,107,1,0
BRDA:1104,108,0,0
BRDA:1104,108,1,0
BRDA:1110,109,0,73
BRDA:1110,109,1,73
BRDA:1112,110,0,1
BRDA:1112,110,1,2
BRDA:1136,111,0,9
BRDA:1136,111,1,64
BRDA:1143,112,0,22
BRDA:1143,112,1,146
BRDA:1146,113,0,59
BRDA:1146,113,1,109
BRDA:1160,114,0,624
BRDA:1160,114,1,0
BRDA:1162,115,0,89
BRDA:1162,115,1,535
BRDA:1172,116,0,3
BRDA:1172,116,1,13
BRDA:1176,117,0,13
BRDA:1176,117,1,14
BRDA:1187,118,0,30
BRDA:1187,118,1,76
BRF:243
BRH:209
end_of_record
