TN:
SF:/Users/sergeyk/git/wdf/wdf/DataFrame.js
FN:4,(anonymous_1)
FN:14,(anonymous_2)
FN:23,(anonymous_3)
FN:32,(anonymous_4)
FN:38,(anonymous_5)
FN:43,(anonymous_6)
FN:55,(anonymous_7)
FN:68,(anonymous_8)
FN:88,(anonymous_9)
FN:115,make_df_from_
FN:125,(anonymous_11)
FN:129,parse_csv_to_array_of_rows
FN:161,(anonymous_13)
FN:167,parse_dom_table_to_array_of_rows
FN:168,(anonymous_15)
FN:169,(anonymous_16)
FN:181,(anonymous_17)
FN:192,(anonymous_18)
FN:196,(anonymous_19)
FN:199,(anonymous_20)
FN:210,(anonymous_21)
FN:221,(anonymous_22)
FN:229,(anonymous_23)
FN:235,(anonymous_24)
FN:243,(anonymous_25)
FN:250,(anonymous_26)
FN:253,(anonymous_27)
FN:264,(anonymous_28)
FN:276,(anonymous_29)
FN:296,(anonymous_30)
FN:307,(anonymous_31)
FN:319,(anonymous_32)
FN:320,(anonymous_33)
FNF:33
FNH:33
FNDA:1,(anonymous_1)
FNDA:49,(anonymous_2)
FNDA:135,(anonymous_3)
FNDA:19,(anonymous_4)
FNDA:53,(anonymous_5)
FNDA:64,(anonymous_6)
FNDA:108,(anonymous_7)
FNDA:19,(anonymous_8)
FNDA:20,(anonymous_9)
FNDA:10,make_df_from_
FNDA:8,(anonymous_11)
FNDA:8,parse_csv_to_array_of_rows
FNDA:1,(anonymous_13)
FNDA:2,parse_dom_table_to_array_of_rows
FNDA:12,(anonymous_15)
FNDA:36,(anonymous_16)
FNDA:2,(anonymous_17)
FNDA:16,(anonymous_18)
FNDA:10,(anonymous_19)
FNDA:32,(anonymous_20)
FNDA:41,(anonymous_21)
FNDA:5,(anonymous_22)
FNDA:11,(anonymous_23)
FNDA:2,(anonymous_24)
FNDA:4,(anonymous_25)
FNDA:7,(anonymous_26)
FNDA:13,(anonymous_27)
FNDA:1,(anonymous_28)
FNDA:4,(anonymous_29)
FNDA:2,(anonymous_30)
FNDA:3,(anonymous_31)
FNDA:2,(anonymous_32)
FNDA:10,(anonymous_33)
DA:4,1
DA:7,1
DA:8,1
DA:14,1
DA:15,49
DA:16,49
DA:17,49
DA:18,34
DA:20,49
DA:23,1
DA:24,135
DA:25,16
DA:28,135
DA:32,1
DA:33,19
DA:34,19
DA:38,1
DA:39,53
DA:43,1
DA:44,64
DA:45,64
DA:46,46
DA:47,46
DA:48,46
DA:49,46
DA:51,64
DA:55,1
DA:56,108
DA:57,108
DA:58,3
DA:59,3
DA:60,3
DA:61,3
DA:62,3
DA:64,108
DA:68,1
DA:69,19
DA:70,34
DA:71,34
DA:72,6
DA:73,6
DA:75,34
DA:77,19
DA:88,1
DA:89,20
DA:90,20
DA:91,1
DA:93,19
DA:94,19
DA:95,19
DA:96,19
DA:97,19
DA:98,46
DA:99,46
DA:100,12
DA:101,12
DA:102,27
DA:104,34
DA:105,34
DA:106,108
DA:109,0
DA:112,19
DA:115,1
DA:116,10
DA:117,10
DA:125,1
DA:126,8
DA:129,1
DA:130,8
DA:131,8
DA:133,8
DA:134,8
DA:135,138
DA:136,138
DA:137,138
DA:138,138
DA:139,2
DA:140,2
DA:141,2
DA:143,136
DA:144,8
DA:145,8
DA:147,128
DA:148,20
DA:149,20
DA:151,108
DA:152,20
DA:153,20
DA:154,20
DA:156,88
DA:158,8
DA:161,1
DA:162,1
DA:163,1
DA:164,1
DA:167,1
DA:168,2
DA:169,12
DA:170,36
DA:181,1
DA:182,2
DA:192,1
DA:193,16
DA:194,16
DA:195,16
DA:197,10
DA:200,32
DA:202,16
DA:210,1
DA:211,41
DA:212,41
DA:213,41
DA:221,1
DA:222,5
DA:223,5
DA:224,5
DA:229,1
DA:230,11
DA:235,1
DA:236,2
DA:237,2
DA:238,2
DA:243,1
DA:244,4
DA:250,1
DA:251,7
DA:252,7
DA:253,7
DA:254,13
DA:257,0
DA:264,1
DA:265,1
DA:266,2
DA:276,1
DA:277,4
DA:278,4
DA:279,13
DA:280,13
DA:281,13
DA:284,4
DA:296,1
DA:297,2
DA:298,2
DA:299,2
DA:300,4
DA:301,4
DA:302,4
DA:303,0
DA:305,4
DA:307,2
DA:308,3
DA:310,2
DA:319,1
DA:320,2
DA:321,10
DA:325,1
LF:156
LH:153
BRDA:17,1,0,34
BRDA:17,1,1,15
BRDA:24,2,0,16
BRDA:24,2,1,119
BRDA:24,3,0,135
BRDA:24,3,1,35
BRDA:39,4,0,5
BRDA:39,4,1,48
BRDA:45,5,0,46
BRDA:45,5,1,18
BRDA:57,6,0,3
BRDA:57,6,1,105
BRDA:71,7,0,6
BRDA:71,7,1,28
BRDA:90,8,0,1
BRDA:90,8,1,19
BRDA:90,9,0,20
BRDA:90,9,1,19
BRDA:93,10,0,19
BRDA:93,10,1,5
BRDA:94,11,0,19
BRDA:94,11,1,1
BRDA:95,12,0,19
BRDA:95,12,1,5
BRDA:99,13,0,12
BRDA:99,13,1,34
BRDA:104,14,0,34
BRDA:104,14,1,0
BRDA:116,15,0,10
BRDA:116,15,1,7
BRDA:136,16,0,138
BRDA:136,16,1,20
BRDA:137,17,0,138
BRDA:137,17,1,44
BRDA:138,18,0,2
BRDA:138,18,1,136
BRDA:138,19,0,138
BRDA:138,19,1,10
BRDA:138,19,2,6
BRDA:143,20,0,8
BRDA:143,20,1,128
BRDA:147,21,0,20
BRDA:147,21,1,108
BRDA:147,22,0,128
BRDA:147,22,1,24
BRDA:151,23,0,20
BRDA:151,23,1,88
BRDA:151,24,0,108
BRDA:151,24,1,25
BRDA:194,25,0,16
BRDA:194,25,1,11
BRDA:195,26,0,5
BRDA:195,26,1,11
BRDA:252,27,0,7
BRDA:252,27,1,0
BRDA:280,28,0,13
BRDA:280,28,1,0
BRDA:302,29,0,0
BRDA:302,29,1,4
BRF:59
BRH:55
end_of_record
TN:
SF:/Users/sergeyk/git/wdf/wdf/utils.js
FN:6,(anonymous_1)
FN:18,(anonymous_2)
FN:27,(anonymous_3)
FN:30,(anonymous_4)
FN:36,(anonymous_5)
FN:44,(anonymous_6)
FN:53,(anonymous_7)
FN:61,(anonymous_8)
FN:68,(anonymous_9)
FN:77,(anonymous_10)
FN:93,(anonymous_11)
FN:97,(anonymous_12)
FN:114,(anonymous_13)
FN:134,(anonymous_14)
FN:150,(anonymous_15)
FN:151,(anonymous_16)
FN:173,(anonymous_17)
FN:175,(anonymous_18)
FN:208,(anonymous_19)
FN:239,(anonymous_20)
FN:240,(anonymous_21)
FN:266,(anonymous_22)
FN:279,(anonymous_23)
FN:296,(anonymous_24)
FN:308,(anonymous_25)
FN:331,(anonymous_26)
FN:335,(anonymous_27)
FN:344,(anonymous_28)
FN:372,(anonymous_29)
FN:384,(anonymous_30)
FN:385,(anonymous_31)
FN:394,(anonymous_32)
FN:395,(anonymous_33)
FN:405,(anonymous_34)
FN:413,(anonymous_35)
FN:425,(anonymous_36)
FN:434,(anonymous_37)
FN:435,check
FN:462,pad_with
FN:480,pad_with_zeros
FN:503,(anonymous_41)
FN:529,new_date
FN:538,parse_date
FN:565,(anonymous_44)
FN:586,(anonymous_45)
FN:596,(anonymous_46)
FN:619,(anonymous_47)
FN:622,(anonymous_48)
FN:643,(anonymous_49)
FN:652,(anonymous_50)
FN:669,(anonymous_51)
FN:730,(anonymous_52)
FN:736,inverse
FN:748,(anonymous_54)
FN:750,(anonymous_55)
FN:752,(anonymous_56)
FN:754,(anonymous_57)
FN:756,(anonymous_58)
FN:758,(anonymous_59)
FN:764,(anonymous_60)
FN:767,isValueChar
FN:771,next
FN:780,(anonymous_63)
FN:783,(anonymous_64)
FN:786,(anonymous_65)
FN:787,(anonymous_66)
FN:791,(anonymous_67)
FN:794,(anonymous_68)
FN:797,(anonymous_69)
FN:807,(anonymous_70)
FN:813,(anonymous_71)
FN:827,(anonymous_72)
FN:850,generic_order
FN:858,(anonymous_74)
FN:860,(anonymous_75)
FN:877,(anonymous_76)
FN:878,(anonymous_77)
FN:892,(anonymous_78)
FN:893,(anonymous_79)
FN:901,(anonymous_80)
FN:902,(anonymous_81)
FN:908,(anonymous_82)
FN:914,(anonymous_83)
FN:915,(anonymous_84)
FN:920,build_to_string_fn
FN:921,(anonymous_86)
FN:930,(anonymous_87)
FN:939,Type
FN:941,(anonymous_89)
FN:952,(anonymous_90)
FN:974,(anonymous_91)
FN:983,(anonymous_92)
FN:993,(anonymous_93)
FN:1016,(anonymous_94)
FN:1019,(anonymous_95)
FN:1022,(anonymous_96)
FN:1025,(anonymous_97)
FN:1028,(anonymous_98)
FN:1031,(anonymous_99)
FN:1034,(anonymous_100)
FN:1043,(anonymous_101)
FN:1044,(anonymous_102)
FN:1052,(anonymous_103)
FN:1055,(anonymous_104)
FN:1062,(anonymous_105)
FN:1080,(anonymous_106)
FN:1083,(anonymous_107)
FN:1118,(anonymous_108)
FN:1123,(anonymous_109)
FN:1129,(anonymous_110)
FN:1154,(anonymous_111)
FN:1166,(anonymous_112)
FN:1184,(anonymous_113)
FNF:113
FNH:101
FNDA:1,(anonymous_1)
FNDA:5,(anonymous_2)
FNDA:43,(anonymous_3)
FNDA:97,(anonymous_4)
FNDA:444,(anonymous_5)
FNDA:14,(anonymous_6)
FNDA:6,(anonymous_7)
FNDA:14,(anonymous_8)
FNDA:8,(anonymous_9)
FNDA:23,(anonymous_10)
FNDA:1,(anonymous_11)
FNDA:3,(anonymous_12)
FNDA:1,(anonymous_13)
FNDA:4,(anonymous_14)
FNDA:2,(anonymous_15)
FNDA:5,(anonymous_16)
FNDA:1,(anonymous_17)
FNDA:3,(anonymous_18)
FNDA:14,(anonymous_19)
FNDA:22,(anonymous_20)
FNDA:61,(anonymous_21)
FNDA:2,(anonymous_22)
FNDA:1,(anonymous_23)
FNDA:0,(anonymous_24)
FNDA:1,(anonymous_25)
FNDA:8,(anonymous_26)
FNDA:12,(anonymous_27)
FNDA:20,(anonymous_28)
FNDA:2,(anonymous_29)
FNDA:1,(anonymous_30)
FNDA:4,(anonymous_31)
FNDA:1,(anonymous_32)
FNDA:3,(anonymous_33)
FNDA:12,(anonymous_34)
FNDA:6,(anonymous_35)
FNDA:6,(anonymous_36)
FNDA:48,(anonymous_37)
FNDA:51,check
FNDA:10,pad_with
FNDA:74,pad_with_zeros
FNDA:7,(anonymous_41)
FNDA:80,new_date
FNDA:122,parse_date
FNDA:111,(anonymous_44)
FNDA:1,(anonymous_45)
FNDA:12,(anonymous_46)
FNDA:13,(anonymous_47)
FNDA:13,(anonymous_48)
FNDA:10,(anonymous_49)
FNDA:1,(anonymous_50)
FNDA:4,(anonymous_51)
FNDA:2,(anonymous_52)
FNDA:3,inverse
FNDA:2,(anonymous_54)
FNDA:3,(anonymous_55)
FNDA:1,(anonymous_56)
FNDA:1,(anonymous_57)
FNDA:1,(anonymous_58)
FNDA:0,(anonymous_59)
FNDA:1,(anonymous_60)
FNDA:29,isValueChar
FNDA:17,next
FNDA:0,(anonymous_63)
FNDA:8,(anonymous_64)
FNDA:9,(anonymous_65)
FNDA:15,(anonymous_66)
FNDA:0,(anonymous_67)
FNDA:0,(anonymous_68)
FNDA:0,(anonymous_69)
FNDA:7,(anonymous_70)
FNDA:3,(anonymous_71)
FNDA:8,(anonymous_72)
FNDA:66,generic_order
FNDA:6,(anonymous_74)
FNDA:80,(anonymous_75)
FNDA:12,(anonymous_76)
FNDA:149,(anonymous_77)
FNDA:1,(anonymous_78)
FNDA:11,(anonymous_79)
FNDA:1,(anonymous_80)
FNDA:6,(anonymous_81)
FNDA:1,(anonymous_82)
FNDA:0,(anonymous_83)
FNDA:0,(anonymous_84)
FNDA:0,build_to_string_fn
FNDA:0,(anonymous_86)
FNDA:6,(anonymous_87)
FNDA:6,Type
FNDA:58,(anonymous_89)
FNDA:123,(anonymous_90)
FNDA:52,(anonymous_91)
FNDA:6,(anonymous_92)
FNDA:1,(anonymous_93)
FNDA:138,(anonymous_94)
FNDA:125,(anonymous_95)
FNDA:11,(anonymous_96)
FNDA:26,(anonymous_97)
FNDA:18,(anonymous_98)
FNDA:0,(anonymous_99)
FNDA:11,(anonymous_100)
FNDA:24,(anonymous_101)
FNDA:3,(anonymous_102)
FNDA:31,(anonymous_103)
FNDA:9,(anonymous_104)
FNDA:60,(anonymous_105)
FNDA:3,(anonymous_106)
FNDA:0,(anonymous_107)
FNDA:10,(anonymous_108)
FNDA:40,(anonymous_109)
FNDA:24,(anonymous_110)
FNDA:37,(anonymous_111)
FNDA:10,(anonymous_112)
FNDA:6,(anonymous_113)
DA:6,1
DA:8,1
DA:9,1
DA:18,1
DA:19,5
DA:27,1
DA:28,43
DA:29,42
DA:30,97
DA:36,1
DA:37,444
DA:44,1
DA:45,14
DA:53,1
DA:54,6
DA:61,1
DA:62,14
DA:68,1
DA:69,8
DA:77,1
DA:78,23
DA:79,8
DA:81,15
DA:93,1
DA:94,1
DA:95,1
DA:96,1
DA:98,3
DA:99,3
DA:100,2
DA:101,1
DA:102,0
DA:114,1
DA:115,1
DA:116,1
DA:117,1
DA:134,1
DA:135,4
DA:136,4
DA:150,1
DA:151,2
DA:152,5
DA:173,1
DA:174,1
DA:175,1
DA:176,3
DA:177,5
DA:178,5
DA:179,2
DA:182,1
DA:208,1
DA:209,14
DA:210,1
DA:211,13
DA:212,13
DA:213,13
DA:214,7
DA:217,6
DA:239,1
DA:240,22
DA:241,61
DA:243,22
DA:244,22
DA:245,22
DA:246,22
DA:247,61
DA:248,61
DA:249,61
DA:250,33
DA:251,28
DA:252,21
DA:254,7
DA:257,15
DA:266,1
DA:267,2
DA:268,2
DA:269,8
DA:271,2
DA:279,1
DA:280,1
DA:281,1
DA:282,2
DA:283,2
DA:284,2
DA:285,2
DA:288,1
DA:296,1
DA:297,0
DA:308,1
DA:309,1
DA:310,2
DA:311,2
DA:331,1
DA:332,8
DA:334,8
DA:335,4
DA:336,12
DA:339,8
DA:340,4
DA:342,8
DA:343,8
DA:344,5
DA:345,20
DA:348,8
DA:349,8
DA:350,8
DA:351,8
DA:352,32
DA:353,24
DA:355,32
DA:356,32
DA:357,32
DA:359,8
DA:372,1
DA:373,2
DA:374,2
DA:375,5
DA:377,2
DA:384,1
DA:385,1
DA:386,4
DA:394,1
DA:395,1
DA:396,3
DA:405,1
DA:406,12
DA:413,1
DA:414,6
DA:415,6
DA:416,6
DA:417,5
DA:418,5
DA:420,6
DA:421,1
DA:423,5
DA:425,6
DA:426,6
DA:427,6
DA:429,6
DA:434,1
DA:435,1
DA:436,51
DA:438,48
DA:439,48
DA:440,4
DA:462,1
DA:463,10
DA:464,10
DA:465,7
DA:467,10
DA:480,1
DA:481,74
DA:482,74
DA:483,13
DA:485,74
DA:489,1
DA:502,1
DA:503,1
DA:504,7
DA:505,7
DA:506,17
DA:508,7
DA:512,1
DA:513,9
DA:514,9
DA:515,9
DA:516,9
DA:517,52
DA:518,43
DA:520,52
DA:521,52
DA:522,51
DA:524,9
DA:525,9
DA:529,1
DA:530,80
DA:531,79
DA:533,1
DA:538,1
DA:539,122
DA:540,865
DA:541,865
DA:542,80
DA:543,80
DA:544,391
DA:546,80
DA:547,80
DA:550,42
DA:565,1
DA:566,111
DA:567,111
DA:568,111
DA:569,69
DA:570,69
DA:571,69
DA:572,58
DA:573,11
DA:574,5
DA:577,48
DA:586,1
DA:587,1
DA:596,1
DA:597,12
DA:609,1
DA:619,1
DA:620,13
DA:621,13
DA:622,13
DA:623,13
DA:624,13
DA:625,13
DA:626,13
DA:627,74
DA:628,61
DA:630,74
DA:631,74
DA:634,13
DA:643,1
DA:644,10
DA:652,1
DA:653,1
DA:669,1
DA:670,4
DA:671,0
DA:672,0
DA:674,0
DA:677,4
DA:678,0
DA:680,4
DA:681,3
DA:682,3
DA:683,3
DA:684,3
DA:685,3
DA:686,3
DA:687,3
DA:689,1
DA:730,1
DA:731,2
DA:732,1
DA:734,1
DA:735,1
DA:736,1
DA:737,3
DA:738,2
DA:739,2
DA:740,5
DA:741,5
DA:745,3
DA:748,2
DA:750,3
DA:752,1
DA:754,1
DA:756,1
DA:758,1
DA:764,1
DA:765,1
DA:767,1
DA:768,29
DA:771,1
DA:772,17
DA:773,17
DA:774,15
DA:776,17
DA:779,1
DA:781,0
DA:784,8
DA:787,9
DA:788,15
DA:792,0
DA:795,0
DA:798,0
DA:807,1
DA:808,7
DA:809,7
DA:810,7
DA:814,3
DA:815,3
DA:816,3
DA:817,3
DA:818,3
DA:819,3
DA:822,3
DA:825,7
DA:826,4
DA:827,4
DA:828,8
DA:829,8
DA:830,6
DA:833,3
DA:834,0
DA:836,7
DA:850,1
DA:851,66
DA:858,1
DA:859,6
DA:860,6
DA:861,80
DA:862,80
DA:863,215
DA:864,215
DA:865,73
DA:866,73
DA:869,80
DA:877,1
DA:878,12
DA:879,149
DA:892,1
DA:893,1
DA:894,11
DA:901,1
DA:902,6
DA:908,1
DA:909,1
DA:914,1
DA:915,0
DA:916,0
DA:920,1
DA:921,0
DA:922,0
DA:930,1
DA:931,6
DA:932,6
DA:933,6
DA:934,6
DA:937,1
DA:939,1
DA:940,6
DA:941,6
DA:942,58
DA:944,6
DA:945,6
DA:946,3
DA:948,6
DA:949,6
DA:953,123
DA:954,4
DA:956,119
DA:957,119
DA:958,119
DA:959,25
DA:962,94
DA:963,94
DA:964,62
DA:966,32
DA:967,32
DA:968,11
DA:970,21
DA:971,21
DA:975,52
DA:978,6
DA:983,1
DA:984,6
DA:985,6
DA:988,1
DA:993,1
DA:994,1
DA:995,6
DA:996,6
DA:999,1
DA:1000,6
DA:1001,6
DA:1006,1
DA:1008,1
DA:1012,1
DA:1013,1
DA:1015,1
DA:1017,138
DA:1020,125
DA:1023,11
DA:1026,26
DA:1029,18
DA:1032,0
DA:1035,11
DA:1039,1
DA:1043,24
DA:1045,3
DA:1053,31
DA:1056,9
DA:1063,60
DA:1064,11
DA:1066,49
DA:1067,49
DA:1068,49
DA:1069,22
DA:1072,27
DA:1073,14
DA:1074,14
DA:1075,5
DA:1078,22
DA:1081,3
DA:1084,0
DA:1118,1
DA:1119,10
DA:1122,10
DA:1123,10
DA:1124,40
DA:1129,10
DA:1130,24
DA:1131,4
DA:1133,24
DA:1134,62
DA:1135,62
DA:1136,62
DA:1137,62
DA:1138,10
DA:1140,62
DA:1141,27
DA:1142,27
DA:1144,35
DA:1145,35
DA:1149,10
DA:1152,1
DA:1154,1
DA:1155,37
DA:1156,133
DA:1157,133
DA:1158,133
DA:1159,26
DA:1163,11
DA:1166,1
DA:1167,10
DA:1168,10
DA:1169,2
DA:1171,8
DA:1172,12
DA:1173,8
DA:1184,1
DA:1185,6
LF:429
LH:412
BRDA:19,1,0,5
BRDA:19,1,1,5
BRDA:19,1,2,3
BRDA:19,1,3,2
BRDA:37,2,0,444
BRDA:37,2,1,419
BRDA:45,3,0,14
BRDA:45,3,1,11
BRDA:45,3,2,8
BRDA:45,3,3,6
BRDA:45,3,4,5
BRDA:54,4,0,6
BRDA:54,4,1,4
BRDA:54,4,2,4
BRDA:62,5,0,14
BRDA:62,5,1,12
BRDA:62,5,2,3
BRDA:69,6,0,8
BRDA:69,6,1,8
BRDA:78,7,0,8
BRDA:78,7,1,15
BRDA:78,8,0,23
BRDA:78,8,1,23
BRDA:94,9,0,1
BRDA:94,9,1,1
BRDA:95,10,0,1
BRDA:95,10,1,0
BRDA:99,11,0,2
BRDA:99,11,1,1
BRDA:101,12,0,0
BRDA:101,12,1,1
BRDA:136,13,0,4
BRDA:136,13,1,0
BRDA:178,14,0,2
BRDA:178,14,1,3
BRDA:209,15,0,1
BRDA:209,15,1,13
BRDA:209,16,0,14
BRDA:209,16,1,13
BRDA:211,17,0,13
BRDA:211,17,1,0
BRDA:213,18,0,7
BRDA:213,18,1,6
BRDA:240,19,0,22
BRDA:240,19,1,22
BRDA:249,20,0,33
BRDA:249,20,1,28
BRDA:251,21,0,21
BRDA:251,21,1,7
BRDA:269,22,0,0
BRDA:269,22,1,8
BRDA:284,23,0,2
BRDA:284,23,1,0
BRDA:310,24,0,2
BRDA:310,24,1,0
BRDA:332,25,0,2
BRDA:332,25,1,6
BRDA:332,26,0,8
BRDA:332,26,1,6
BRDA:334,27,0,4
BRDA:334,27,1,4
BRDA:339,28,0,4
BRDA:339,28,1,4
BRDA:343,29,0,5
BRDA:343,29,1,3
BRDA:345,30,0,10
BRDA:345,30,1,10
BRDA:345,31,0,20
BRDA:345,31,1,15
BRDA:352,32,0,24
BRDA:352,32,1,8
BRDA:374,33,0,7
BRDA:374,33,1,7
BRDA:406,34,0,2
BRDA:406,34,1,10
BRDA:414,35,0,6
BRDA:414,35,1,5
BRDA:415,36,0,6
BRDA:415,36,1,0
BRDA:416,37,0,5
BRDA:416,37,1,1
BRDA:417,38,0,0
BRDA:417,38,1,5
BRDA:417,39,0,5
BRDA:417,39,1,0
BRDA:420,40,0,1
BRDA:420,40,1,5
BRDA:427,41,0,6
BRDA:427,41,1,0
BRDA:438,42,0,45
BRDA:438,42,1,3
BRDA:439,43,0,4
BRDA:439,43,1,44
BRDA:441,44,0,4
BRDA:441,44,1,3
BRDA:464,45,0,7
BRDA:464,45,1,3
BRDA:517,46,0,43
BRDA:517,46,1,9
BRDA:521,47,0,51
BRDA:521,47,1,1
BRDA:530,48,0,79
BRDA:530,48,1,1
BRDA:541,49,0,80
BRDA:541,49,1,785
BRDA:566,50,0,111
BRDA:566,50,1,0
BRDA:568,51,0,69
BRDA:568,51,1,42
BRDA:571,52,0,58
BRDA:571,52,1,11
BRDA:573,53,0,5
BRDA:573,53,1,6
BRDA:620,54,0,13
BRDA:620,54,1,11
BRDA:627,55,0,61
BRDA:627,55,1,13
BRDA:630,56,0,74
BRDA:630,56,1,0
BRDA:670,57,0,0
BRDA:670,57,1,4
BRDA:671,58,0,0
BRDA:671,58,1,0
BRDA:677,59,0,0
BRDA:677,59,1,4
BRDA:680,60,0,3
BRDA:680,60,1,1
BRDA:687,61,0,2
BRDA:687,61,1,1
BRDA:731,62,0,1
BRDA:731,62,1,1
BRDA:734,63,0,1
BRDA:734,63,1,0
BRDA:737,64,0,2
BRDA:737,64,1,1
BRDA:740,65,0,5
BRDA:740,65,1,0
BRDA:773,66,0,32
BRDA:773,66,1,29
BRDA:817,67,0,3
BRDA:817,67,1,0
BRDA:825,68,0,4
BRDA:825,68,1,3
BRDA:829,69,0,6
BRDA:829,69,1,2
BRDA:833,70,0,0
BRDA:833,70,1,3
BRDA:851,71,0,7
BRDA:851,71,1,59
BRDA:851,72,0,24
BRDA:851,72,1,35
BRDA:864,73,0,73
BRDA:864,73,1,142
BRDA:879,74,0,4
BRDA:879,74,1,145
BRDA:879,75,0,1
BRDA:879,75,1,3
BRDA:879,76,0,10
BRDA:879,76,1,135
BRDA:922,77,0,0
BRDA:922,77,1,0
BRDA:942,78,0,34
BRDA:942,78,1,24
BRDA:945,79,0,3
BRDA:945,79,1,3
BRDA:953,80,0,4
BRDA:953,80,1,119
BRDA:956,81,0,119
BRDA:956,81,1,27
BRDA:958,82,0,25
BRDA:958,82,1,94
BRDA:963,83,0,62
BRDA:963,83,1,32
BRDA:967,84,0,11
BRDA:967,84,1,21
BRDA:967,85,0,32
BRDA:967,85,1,20
BRDA:975,86,0,20
BRDA:975,86,1,32
BRDA:995,87,0,6
BRDA:995,87,1,0
BRDA:1000,88,0,6
BRDA:1000,88,1,0
BRDA:1017,89,0,138
BRDA:1017,89,1,30
BRDA:1020,90,0,14
BRDA:1020,90,1,111
BRDA:1020,91,0,125
BRDA:1020,91,1,118
BRDA:1026,92,0,12
BRDA:1026,92,1,14
BRDA:1026,93,0,26
BRDA:1026,93,1,17
BRDA:1029,94,0,9
BRDA:1029,94,1,9
BRDA:1043,95,0,24
BRDA:1043,95,1,24
BRDA:1045,96,0,1
BRDA:1045,96,1,2
BRDA:1053,97,0,8
BRDA:1053,97,1,23
BRDA:1056,98,0,3
BRDA:1056,98,1,6
BRDA:1063,99,0,11
BRDA:1063,99,1,49
BRDA:1063,100,0,60
BRDA:1063,100,1,58
BRDA:1066,101,0,49
BRDA:1066,101,1,0
BRDA:1068,102,0,22
BRDA:1068,102,1,27
BRDA:1072,103,0,14
BRDA:1072,103,1,13
BRDA:1074,104,0,5
BRDA:1074,104,1,9
BRDA:1081,105,0,1
BRDA:1081,105,1,2
BRDA:1084,106,0,0
BRDA:1084,106,1,0
BRDA:1084,107,0,0
BRDA:1084,107,1,0
BRDA:1084,108,0,0
BRDA:1084,108,1,0
BRDA:1130,109,0,4
BRDA:1130,109,1,20
BRDA:1137,110,0,10
BRDA:1137,110,1,52
BRDA:1140,111,0,27
BRDA:1140,111,1,35
BRDA:1156,112,0,133
BRDA:1156,112,1,0
BRDA:1158,113,0,26
BRDA:1158,113,1,107
BRDA:1168,114,0,2
BRDA:1168,114,1,8
BRDA:1172,115,0,8
BRDA:1172,115,1,4
BRDA:1185,116,0,0
BRDA:1185,116,1,6
BRF:239
BRH:205
end_of_record
